2024-07-12 16:56:49,150:WARNING:c:\Users\clayton\AppData\Local\Programs\Python\Python311\Lib\site-packages\plotly_resampler\aggregation\aggregators.py:25: UserWarning: Could not import lttbc; will use a (slower) python alternative.
  warnings.warn("Could not import lttbc; will use a (slower) python alternative.")

2024-07-12 16:56:51,067:WARNING:c:\Users\clayton\AppData\Local\Programs\Python\Python311\Lib\site-packages\dask\dataframe\_pyarrow_compat.py:23: UserWarning: You are using pyarrow version 12.0.1 which is known to be insecure. See https://www.cve.org/CVERecord?id=CVE-2023-47248 for further details. Please upgrade to pyarrow>=14.0.1 or install pyarrow-hotfix to patch your current version.
  warnings.warn(

2024-07-12 16:59:54,931:WARNING:c:\Users\clayton\AppData\Local\anaconda3\lib\site-packages\plotly_resampler\aggregation\aggregators.py:25: UserWarning: Could not import lttbc; will use a (slower) python alternative.
  warnings.warn("Could not import lttbc; will use a (slower) python alternative.")

2024-07-12 17:01:00,327:WARNING:
'prophet' is a soft dependency and not included in the pycaret installation. Please run: `pip install prophet` to install.
2024-07-12 17:01:00,651:INFO:PyCaret TSForecastingExperiment
2024-07-12 17:01:00,651:INFO:Logging name: ts-default-name
2024-07-12 17:01:00,651:INFO:ML Usecase: MLUsecase.TIME_SERIES
2024-07-12 17:01:00,651:INFO:version 3.3.0
2024-07-12 17:01:00,651:INFO:Initializing setup()
2024-07-12 17:01:00,651:INFO:self.USI: f0cd
2024-07-12 17:01:00,651:INFO:self._variable_keys: {'strictly_positive', 'enforce_exogenous', 'y_test_transformed', 'html_param', 'exp_name_log', 'index_type', 'all_sps_to_use', 'y_train', 'enforce_pi', 'y_test', 'fh', 'data', 'y', 'idx', 'n_jobs_param', 'primary_sp_to_use', 'y_train_transformed', 'candidate_sps', 'significant_sps', 'fold_generator', 'approach_type', 'model_engines', 'seed', 'X_test_transformed', 'X_train', 'y_transformed', 'pipeline', 'logging_param', 'exp_id', 'memory', 'X_test', '_available_plots', 'USI', 'significant_sps_no_harmonics', 'gpu_param', 'X_train_transformed', 'exogenous_present', 'fold_param', 'X_transformed', 'seasonality_present', '_ml_usecase', 'gpu_n_jobs_param', 'X', 'log_plots_param'}
2024-07-12 17:01:00,651:INFO:Checking environment
2024-07-12 17:01:00,651:INFO:python_version: 3.10.14
2024-07-12 17:01:00,651:INFO:python_build: ('main', 'Mar 21 2024 16:20:14')
2024-07-12 17:01:00,651:INFO:machine: AMD64
2024-07-12 17:01:00,651:INFO:platform: Windows-10-10.0.22631-SP0
2024-07-12 17:01:00,651:INFO:Memory: svmem(total=33099800576, available=7820767232, percent=76.4, used=25279033344, free=7820767232)
2024-07-12 17:01:00,651:INFO:Physical Core: 8
2024-07-12 17:01:00,651:INFO:Logical Core: 16
2024-07-12 17:01:00,651:INFO:Checking libraries
2024-07-12 17:01:00,651:INFO:System:
2024-07-12 17:01:00,651:INFO:    python: 3.10.14 | packaged by Anaconda, Inc. | (main, Mar 21 2024, 16:20:14) [MSC v.1916 64 bit (AMD64)]
2024-07-12 17:01:00,651:INFO:executable: c:\Users\clayton\AppData\Local\anaconda3\envs\myenv\python.exe
2024-07-12 17:01:00,651:INFO:   machine: Windows-10-10.0.22631-SP0
2024-07-12 17:01:00,651:INFO:PyCaret required dependencies:
2024-07-12 17:01:00,691:INFO:                 pip: 23.3.1
2024-07-12 17:01:00,691:INFO:          setuptools: 68.2.2
2024-07-12 17:01:00,691:INFO:             pycaret: 3.3.0
2024-07-12 17:01:00,691:INFO:             IPython: 8.22.2
2024-07-12 17:01:00,691:INFO:          ipywidgets: 8.1.2
2024-07-12 17:01:00,691:INFO:                tqdm: 4.66.2
2024-07-12 17:01:00,691:INFO:               numpy: 1.26.4
2024-07-12 17:01:00,691:INFO:              pandas: 2.1.4
2024-07-12 17:01:00,691:INFO:              jinja2: 3.1.3
2024-07-12 17:01:00,691:INFO:               scipy: 1.11.4
2024-07-12 17:01:00,691:INFO:              joblib: 1.3.2
2024-07-12 17:01:00,691:INFO:             sklearn: 1.4.1.post1
2024-07-12 17:01:00,691:INFO:                pyod: 1.1.3
2024-07-12 17:01:00,691:INFO:            imblearn: 0.12.2
2024-07-12 17:01:00,691:INFO:   category_encoders: 2.6.3
2024-07-12 17:01:00,691:INFO:            lightgbm: 4.3.0
2024-07-12 17:01:00,691:INFO:               numba: 0.59.1
2024-07-12 17:01:00,691:INFO:            requests: 2.31.0
2024-07-12 17:01:00,691:INFO:          matplotlib: 3.7.5
2024-07-12 17:01:00,691:INFO:          scikitplot: 0.3.7
2024-07-12 17:01:00,691:INFO:         yellowbrick: 1.5
2024-07-12 17:01:00,691:INFO:              plotly: 5.20.0
2024-07-12 17:01:00,691:INFO:    plotly-resampler: Not installed
2024-07-12 17:01:00,691:INFO:             kaleido: 0.2.1
2024-07-12 17:01:00,691:INFO:           schemdraw: 0.15
2024-07-12 17:01:00,691:INFO:         statsmodels: 0.14.1
2024-07-12 17:01:00,692:INFO:              sktime: 0.28.0
2024-07-12 17:01:00,692:INFO:               tbats: 1.1.3
2024-07-12 17:01:00,692:INFO:            pmdarima: 2.0.4
2024-07-12 17:01:00,692:INFO:              psutil: 5.9.0
2024-07-12 17:01:00,692:INFO:          markupsafe: 2.1.5
2024-07-12 17:01:00,692:INFO:             pickle5: Not installed
2024-07-12 17:01:00,692:INFO:         cloudpickle: 3.0.0
2024-07-12 17:01:00,692:INFO:         deprecation: 2.1.0
2024-07-12 17:01:00,692:INFO:              xxhash: 3.4.1
2024-07-12 17:01:00,692:INFO:           wurlitzer: Not installed
2024-07-12 17:01:00,692:INFO:PyCaret optional dependencies:
2024-07-12 17:01:00,705:INFO:                shap: Not installed
2024-07-12 17:01:00,705:INFO:           interpret: Not installed
2024-07-12 17:01:00,705:INFO:                umap: Not installed
2024-07-12 17:01:00,705:INFO:     ydata_profiling: Not installed
2024-07-12 17:01:00,705:INFO:  explainerdashboard: Not installed
2024-07-12 17:01:00,705:INFO:             autoviz: Not installed
2024-07-12 17:01:00,705:INFO:           fairlearn: Not installed
2024-07-12 17:01:00,705:INFO:          deepchecks: Not installed
2024-07-12 17:01:00,705:INFO:             xgboost: Not installed
2024-07-12 17:01:00,705:INFO:            catboost: Not installed
2024-07-12 17:01:00,705:INFO:              kmodes: Not installed
2024-07-12 17:01:00,705:INFO:             mlxtend: Not installed
2024-07-12 17:01:00,705:INFO:       statsforecast: Not installed
2024-07-12 17:01:00,705:INFO:        tune_sklearn: Not installed
2024-07-12 17:01:00,705:INFO:                 ray: Not installed
2024-07-12 17:01:00,705:INFO:            hyperopt: Not installed
2024-07-12 17:01:00,705:INFO:              optuna: Not installed
2024-07-12 17:01:00,705:INFO:               skopt: Not installed
2024-07-12 17:01:00,705:INFO:              mlflow: Not installed
2024-07-12 17:01:00,705:INFO:              gradio: Not installed
2024-07-12 17:01:00,705:INFO:             fastapi: Not installed
2024-07-12 17:01:00,705:INFO:             uvicorn: Not installed
2024-07-12 17:01:00,705:INFO:              m2cgen: Not installed
2024-07-12 17:01:00,705:INFO:           evidently: Not installed
2024-07-12 17:01:00,705:INFO:               fugue: Not installed
2024-07-12 17:01:00,705:INFO:           streamlit: Not installed
2024-07-12 17:01:00,705:INFO:             prophet: Not installed
2024-07-12 17:01:00,705:INFO:None
2024-07-12 17:01:00,710:INFO:Set Forecast Horizon.
2024-07-12 17:01:00,710:INFO:Set up Train-Test Splits.
2024-07-12 17:01:00,741:INFO:Finished creating preprocessing pipeline.
2024-07-12 17:01:00,748:INFO:Pipeline: ForecastingPipeline(steps=[('forecaster',
                            TransformedTargetForecaster(steps=[('model',
                                                                DummyForecaster())]))])
2024-07-12 17:01:00,748:INFO:Set up Seasonal Period.
2024-07-12 17:01:00,754:INFO:Setting the seasonal component type - 'add' or 'mul'.
2024-07-12 17:01:00,754:INFO:Checking if data is strictly positive.
2024-07-12 17:01:00,779:INFO:Creating final display dataframe.
2024-07-12 17:01:00,786:INFO:Setup Display Container:                                          Description                    Value
0                                         session_id                     5117
1                                             Target                 Quantity
2                                           Approach               Univariate
3                                Exogenous Variables              Not Present
4                                Original data shape                 (229, 1)
5                             Transformed data shape                 (229, 1)
6                        Transformed train set shape                 (226, 1)
7                         Transformed test set shape                   (3, 1)
8                           Rows with missing values                     0.0%
9                                     Fold Generator  ExpandingWindowSplitter
10                                       Fold Number                        3
11                       Enforce Prediction Interval                    False
12                   Splits used for hyperparameters                      all
13                   User Defined Seasonal Period(s)                     None
14                           Ignore Seasonality Test                    False
15                        Seasonality Detection Algo                     auto
16                            Max Period to Consider                       60
17                         Seasonal Period(s) Tested                [2, 4, 3]
18                    Significant Seasonal Period(s)                [2, 4, 3]
19  Significant Seasonal Period(s) without Harmonics                   [4, 3]
20                                  Remove Harmonics                    False
21                            Harmonics Order Method             harmonic_max
22                          Num Seasonalities to Use                        1
23                          All Seasonalities to Use                      [2]
24                               Primary Seasonality                        2
25                               Seasonality Present                     True
26                                  Seasonality Type                      mul
27                          Target Strictly Positive                     True
28                                Target White Noise                       No
29                                     Recommended d                        0
30                            Recommended Seasonal D                        0
31                                        Preprocess                    False
32                                          CPU Jobs                       -1
33                                           Use GPU                    False
34                                    Log Experiment                    False
35                                   Experiment Name          ts-default-name
36                                               USI                     f0cd
2024-07-12 17:01:00,795:INFO:Engine successfully changes for model 'auto_arima' to 'pmdarima'.
2024-07-12 17:01:00,880:WARNING:
'prophet' is a soft dependency and not included in the pycaret installation. Please run: `pip install prophet` to install.
2024-07-12 17:01:00,880:INFO:Engine for model 'lr_cds_dt' has not been set explicitly, hence returning None.
2024-07-12 17:01:00,881:INFO:Engine for model 'en_cds_dt' has not been set explicitly, hence returning None.
2024-07-12 17:01:00,882:INFO:Engine for model 'ridge_cds_dt' has not been set explicitly, hence returning None.
2024-07-12 17:01:00,882:INFO:Engine for model 'lasso_cds_dt' has not been set explicitly, hence returning None.
2024-07-12 17:01:00,882:INFO:Engine for model 'llar_cds_dt' has not been set explicitly, hence returning None.
2024-07-12 17:01:00,882:INFO:Engine for model 'br_cds_dt' has not been set explicitly, hence returning None.
2024-07-12 17:01:00,883:INFO:Engine for model 'huber_cds_dt' has not been set explicitly, hence returning None.
2024-07-12 17:01:00,884:INFO:Engine for model 'omp_cds_dt' has not been set explicitly, hence returning None.
2024-07-12 17:01:00,886:INFO:Engine for model 'knn_cds_dt' has not been set explicitly, hence returning None.
2024-07-12 17:01:00,887:INFO:Engine for model 'dt_cds_dt' has not been set explicitly, hence returning None.
2024-07-12 17:01:00,887:INFO:Engine for model 'rf_cds_dt' has not been set explicitly, hence returning None.
2024-07-12 17:01:00,887:INFO:Engine for model 'et_cds_dt' has not been set explicitly, hence returning None.
2024-07-12 17:01:00,888:INFO:Engine for model 'gbr_cds_dt' has not been set explicitly, hence returning None.
2024-07-12 17:01:00,888:INFO:Engine for model 'ada_cds_dt' has not been set explicitly, hence returning None.
2024-07-12 17:01:00,888:INFO:Engine for model 'xgboost_cds_dt' has not been set explicitly, hence returning None.
2024-07-12 17:01:00,888:WARNING:
'xgboost' is a soft dependency and not included in the pycaret installation. Please run: `pip install xgboost` to install.
Alternately, you can install this by running `pip install pycaret[models]`
2024-07-12 17:01:00,888:WARNING:
'xgboost' is a soft dependency and not included in the pycaret installation. Please run: `pip install xgboost` to install.
Alternately, you can install this by running `pip install pycaret[models]`
2024-07-12 17:01:00,889:INFO:Engine for model 'lightgbm_cds_dt' has not been set explicitly, hence returning None.
2024-07-12 17:01:00,889:INFO:Engine for model 'catboost_cds_dt' has not been set explicitly, hence returning None.
2024-07-12 17:01:00,889:WARNING:
'catboost' is a soft dependency and not included in the pycaret installation. Please run: `pip install catboost` to install.
Alternately, you can install this by running `pip install pycaret[models]`
2024-07-12 17:01:00,889:WARNING:
'catboost' is a soft dependency and not included in the pycaret installation. Please run: `pip install catboost` to install.
Alternately, you can install this by running `pip install pycaret[models]`
2024-07-12 17:01:00,892:WARNING:
'prophet' is a soft dependency and not included in the pycaret installation. Please run: `pip install prophet` to install.
2024-07-12 17:01:00,892:INFO:Engine for model 'lr_cds_dt' has not been set explicitly, hence returning None.
2024-07-12 17:01:00,892:INFO:Engine for model 'en_cds_dt' has not been set explicitly, hence returning None.
2024-07-12 17:01:00,892:INFO:Engine for model 'ridge_cds_dt' has not been set explicitly, hence returning None.
2024-07-12 17:01:00,893:INFO:Engine for model 'lasso_cds_dt' has not been set explicitly, hence returning None.
2024-07-12 17:01:00,893:INFO:Engine for model 'llar_cds_dt' has not been set explicitly, hence returning None.
2024-07-12 17:01:00,893:INFO:Engine for model 'br_cds_dt' has not been set explicitly, hence returning None.
2024-07-12 17:01:00,894:INFO:Engine for model 'huber_cds_dt' has not been set explicitly, hence returning None.
2024-07-12 17:01:00,895:INFO:Engine for model 'omp_cds_dt' has not been set explicitly, hence returning None.
2024-07-12 17:01:00,896:INFO:Engine for model 'knn_cds_dt' has not been set explicitly, hence returning None.
2024-07-12 17:01:00,897:INFO:Engine for model 'dt_cds_dt' has not been set explicitly, hence returning None.
2024-07-12 17:01:00,898:INFO:Engine for model 'rf_cds_dt' has not been set explicitly, hence returning None.
2024-07-12 17:01:00,898:INFO:Engine for model 'et_cds_dt' has not been set explicitly, hence returning None.
2024-07-12 17:01:00,898:INFO:Engine for model 'gbr_cds_dt' has not been set explicitly, hence returning None.
2024-07-12 17:01:00,898:INFO:Engine for model 'ada_cds_dt' has not been set explicitly, hence returning None.
2024-07-12 17:01:00,898:INFO:Engine for model 'xgboost_cds_dt' has not been set explicitly, hence returning None.
2024-07-12 17:01:00,898:WARNING:
'xgboost' is a soft dependency and not included in the pycaret installation. Please run: `pip install xgboost` to install.
Alternately, you can install this by running `pip install pycaret[models]`
2024-07-12 17:01:00,899:WARNING:
'xgboost' is a soft dependency and not included in the pycaret installation. Please run: `pip install xgboost` to install.
Alternately, you can install this by running `pip install pycaret[models]`
2024-07-12 17:01:00,899:INFO:Engine for model 'lightgbm_cds_dt' has not been set explicitly, hence returning None.
2024-07-12 17:01:00,899:INFO:Engine for model 'catboost_cds_dt' has not been set explicitly, hence returning None.
2024-07-12 17:01:00,899:WARNING:
'catboost' is a soft dependency and not included in the pycaret installation. Please run: `pip install catboost` to install.
Alternately, you can install this by running `pip install pycaret[models]`
2024-07-12 17:01:00,899:WARNING:
'catboost' is a soft dependency and not included in the pycaret installation. Please run: `pip install catboost` to install.
Alternately, you can install this by running `pip install pycaret[models]`
2024-07-12 17:01:00,899:INFO:Engine successfully changes for model 'lr_cds_dt' to 'sklearn'.
2024-07-12 17:01:00,906:WARNING:
'prophet' is a soft dependency and not included in the pycaret installation. Please run: `pip install prophet` to install.
2024-07-12 17:01:00,906:INFO:Engine for model 'en_cds_dt' has not been set explicitly, hence returning None.
2024-07-12 17:01:00,906:INFO:Engine for model 'ridge_cds_dt' has not been set explicitly, hence returning None.
2024-07-12 17:01:00,906:INFO:Engine for model 'lasso_cds_dt' has not been set explicitly, hence returning None.
2024-07-12 17:01:00,906:INFO:Engine for model 'llar_cds_dt' has not been set explicitly, hence returning None.
2024-07-12 17:01:00,909:INFO:Engine for model 'br_cds_dt' has not been set explicitly, hence returning None.
2024-07-12 17:01:00,909:INFO:Engine for model 'huber_cds_dt' has not been set explicitly, hence returning None.
2024-07-12 17:01:00,910:INFO:Engine for model 'omp_cds_dt' has not been set explicitly, hence returning None.
2024-07-12 17:01:00,912:INFO:Engine for model 'knn_cds_dt' has not been set explicitly, hence returning None.
2024-07-12 17:01:00,912:INFO:Engine for model 'dt_cds_dt' has not been set explicitly, hence returning None.
2024-07-12 17:01:00,912:INFO:Engine for model 'rf_cds_dt' has not been set explicitly, hence returning None.
2024-07-12 17:01:00,912:INFO:Engine for model 'et_cds_dt' has not been set explicitly, hence returning None.
2024-07-12 17:01:00,912:INFO:Engine for model 'gbr_cds_dt' has not been set explicitly, hence returning None.
2024-07-12 17:01:00,912:INFO:Engine for model 'ada_cds_dt' has not been set explicitly, hence returning None.
2024-07-12 17:01:00,912:INFO:Engine for model 'xgboost_cds_dt' has not been set explicitly, hence returning None.
2024-07-12 17:01:00,912:WARNING:
'xgboost' is a soft dependency and not included in the pycaret installation. Please run: `pip install xgboost` to install.
Alternately, you can install this by running `pip install pycaret[models]`
2024-07-12 17:01:00,912:WARNING:
'xgboost' is a soft dependency and not included in the pycaret installation. Please run: `pip install xgboost` to install.
Alternately, you can install this by running `pip install pycaret[models]`
2024-07-12 17:01:00,912:INFO:Engine for model 'lightgbm_cds_dt' has not been set explicitly, hence returning None.
2024-07-12 17:01:00,912:INFO:Engine for model 'catboost_cds_dt' has not been set explicitly, hence returning None.
2024-07-12 17:01:00,912:WARNING:
'catboost' is a soft dependency and not included in the pycaret installation. Please run: `pip install catboost` to install.
Alternately, you can install this by running `pip install pycaret[models]`
2024-07-12 17:01:00,912:WARNING:
'catboost' is a soft dependency and not included in the pycaret installation. Please run: `pip install catboost` to install.
Alternately, you can install this by running `pip install pycaret[models]`
2024-07-12 17:01:00,912:WARNING:
'prophet' is a soft dependency and not included in the pycaret installation. Please run: `pip install prophet` to install.
2024-07-12 17:01:00,912:INFO:Engine for model 'en_cds_dt' has not been set explicitly, hence returning None.
2024-07-12 17:01:00,919:INFO:Engine for model 'ridge_cds_dt' has not been set explicitly, hence returning None.
2024-07-12 17:01:00,919:INFO:Engine for model 'lasso_cds_dt' has not been set explicitly, hence returning None.
2024-07-12 17:01:00,920:INFO:Engine for model 'llar_cds_dt' has not been set explicitly, hence returning None.
2024-07-12 17:01:00,921:INFO:Engine for model 'br_cds_dt' has not been set explicitly, hence returning None.
2024-07-12 17:01:00,921:INFO:Engine for model 'huber_cds_dt' has not been set explicitly, hence returning None.
2024-07-12 17:01:00,921:INFO:Engine for model 'omp_cds_dt' has not been set explicitly, hence returning None.
2024-07-12 17:01:00,921:INFO:Engine for model 'knn_cds_dt' has not been set explicitly, hence returning None.
2024-07-12 17:01:00,921:INFO:Engine for model 'dt_cds_dt' has not been set explicitly, hence returning None.
2024-07-12 17:01:00,921:INFO:Engine for model 'rf_cds_dt' has not been set explicitly, hence returning None.
2024-07-12 17:01:00,921:INFO:Engine for model 'et_cds_dt' has not been set explicitly, hence returning None.
2024-07-12 17:01:00,925:INFO:Engine for model 'gbr_cds_dt' has not been set explicitly, hence returning None.
2024-07-12 17:01:00,925:INFO:Engine for model 'ada_cds_dt' has not been set explicitly, hence returning None.
2024-07-12 17:01:00,925:INFO:Engine for model 'xgboost_cds_dt' has not been set explicitly, hence returning None.
2024-07-12 17:01:00,925:WARNING:
'xgboost' is a soft dependency and not included in the pycaret installation. Please run: `pip install xgboost` to install.
Alternately, you can install this by running `pip install pycaret[models]`
2024-07-12 17:01:00,925:WARNING:
'xgboost' is a soft dependency and not included in the pycaret installation. Please run: `pip install xgboost` to install.
Alternately, you can install this by running `pip install pycaret[models]`
2024-07-12 17:01:00,925:INFO:Engine for model 'lightgbm_cds_dt' has not been set explicitly, hence returning None.
2024-07-12 17:01:00,925:INFO:Engine for model 'catboost_cds_dt' has not been set explicitly, hence returning None.
2024-07-12 17:01:00,925:WARNING:
'catboost' is a soft dependency and not included in the pycaret installation. Please run: `pip install catboost` to install.
Alternately, you can install this by running `pip install pycaret[models]`
2024-07-12 17:01:00,925:WARNING:
'catboost' is a soft dependency and not included in the pycaret installation. Please run: `pip install catboost` to install.
Alternately, you can install this by running `pip install pycaret[models]`
2024-07-12 17:01:00,925:INFO:Engine successfully changes for model 'en_cds_dt' to 'sklearn'.
2024-07-12 17:01:00,929:WARNING:
'prophet' is a soft dependency and not included in the pycaret installation. Please run: `pip install prophet` to install.
2024-07-12 17:01:00,929:INFO:Engine for model 'ridge_cds_dt' has not been set explicitly, hence returning None.
2024-07-12 17:01:00,930:INFO:Engine for model 'lasso_cds_dt' has not been set explicitly, hence returning None.
2024-07-12 17:01:00,930:INFO:Engine for model 'llar_cds_dt' has not been set explicitly, hence returning None.
2024-07-12 17:01:00,930:INFO:Engine for model 'br_cds_dt' has not been set explicitly, hence returning None.
2024-07-12 17:01:00,930:INFO:Engine for model 'huber_cds_dt' has not been set explicitly, hence returning None.
2024-07-12 17:01:00,932:INFO:Engine for model 'omp_cds_dt' has not been set explicitly, hence returning None.
2024-07-12 17:01:00,933:INFO:Engine for model 'knn_cds_dt' has not been set explicitly, hence returning None.
2024-07-12 17:01:00,934:INFO:Engine for model 'dt_cds_dt' has not been set explicitly, hence returning None.
2024-07-12 17:01:00,934:INFO:Engine for model 'rf_cds_dt' has not been set explicitly, hence returning None.
2024-07-12 17:01:00,934:INFO:Engine for model 'et_cds_dt' has not been set explicitly, hence returning None.
2024-07-12 17:01:00,934:INFO:Engine for model 'gbr_cds_dt' has not been set explicitly, hence returning None.
2024-07-12 17:01:00,935:INFO:Engine for model 'ada_cds_dt' has not been set explicitly, hence returning None.
2024-07-12 17:01:00,935:INFO:Engine for model 'xgboost_cds_dt' has not been set explicitly, hence returning None.
2024-07-12 17:01:00,936:WARNING:
'xgboost' is a soft dependency and not included in the pycaret installation. Please run: `pip install xgboost` to install.
Alternately, you can install this by running `pip install pycaret[models]`
2024-07-12 17:01:00,936:WARNING:
'xgboost' is a soft dependency and not included in the pycaret installation. Please run: `pip install xgboost` to install.
Alternately, you can install this by running `pip install pycaret[models]`
2024-07-12 17:01:00,936:INFO:Engine for model 'lightgbm_cds_dt' has not been set explicitly, hence returning None.
2024-07-12 17:01:00,936:INFO:Engine for model 'catboost_cds_dt' has not been set explicitly, hence returning None.
2024-07-12 17:01:00,936:WARNING:
'catboost' is a soft dependency and not included in the pycaret installation. Please run: `pip install catboost` to install.
Alternately, you can install this by running `pip install pycaret[models]`
2024-07-12 17:01:00,936:WARNING:
'catboost' is a soft dependency and not included in the pycaret installation. Please run: `pip install catboost` to install.
Alternately, you can install this by running `pip install pycaret[models]`
2024-07-12 17:01:00,936:WARNING:
'prophet' is a soft dependency and not included in the pycaret installation. Please run: `pip install prophet` to install.
2024-07-12 17:01:00,940:INFO:Engine for model 'ridge_cds_dt' has not been set explicitly, hence returning None.
2024-07-12 17:01:00,940:INFO:Engine for model 'lasso_cds_dt' has not been set explicitly, hence returning None.
2024-07-12 17:01:00,940:INFO:Engine for model 'llar_cds_dt' has not been set explicitly, hence returning None.
2024-07-12 17:01:00,941:INFO:Engine for model 'br_cds_dt' has not been set explicitly, hence returning None.
2024-07-12 17:01:00,941:INFO:Engine for model 'huber_cds_dt' has not been set explicitly, hence returning None.
2024-07-12 17:01:00,941:INFO:Engine for model 'omp_cds_dt' has not been set explicitly, hence returning None.
2024-07-12 17:01:00,941:INFO:Engine for model 'knn_cds_dt' has not been set explicitly, hence returning None.
2024-07-12 17:01:00,941:INFO:Engine for model 'dt_cds_dt' has not been set explicitly, hence returning None.
2024-07-12 17:01:00,941:INFO:Engine for model 'rf_cds_dt' has not been set explicitly, hence returning None.
2024-07-12 17:01:00,941:INFO:Engine for model 'et_cds_dt' has not been set explicitly, hence returning None.
2024-07-12 17:01:00,941:INFO:Engine for model 'gbr_cds_dt' has not been set explicitly, hence returning None.
2024-07-12 17:01:00,941:INFO:Engine for model 'ada_cds_dt' has not been set explicitly, hence returning None.
2024-07-12 17:01:00,945:INFO:Engine for model 'xgboost_cds_dt' has not been set explicitly, hence returning None.
2024-07-12 17:01:00,945:WARNING:
'xgboost' is a soft dependency and not included in the pycaret installation. Please run: `pip install xgboost` to install.
Alternately, you can install this by running `pip install pycaret[models]`
2024-07-12 17:01:00,945:WARNING:
'xgboost' is a soft dependency and not included in the pycaret installation. Please run: `pip install xgboost` to install.
Alternately, you can install this by running `pip install pycaret[models]`
2024-07-12 17:01:00,945:INFO:Engine for model 'lightgbm_cds_dt' has not been set explicitly, hence returning None.
2024-07-12 17:01:00,945:INFO:Engine for model 'catboost_cds_dt' has not been set explicitly, hence returning None.
2024-07-12 17:01:00,946:WARNING:
'catboost' is a soft dependency and not included in the pycaret installation. Please run: `pip install catboost` to install.
Alternately, you can install this by running `pip install pycaret[models]`
2024-07-12 17:01:00,946:WARNING:
'catboost' is a soft dependency and not included in the pycaret installation. Please run: `pip install catboost` to install.
Alternately, you can install this by running `pip install pycaret[models]`
2024-07-12 17:01:00,946:INFO:Engine successfully changes for model 'ridge_cds_dt' to 'sklearn'.
2024-07-12 17:01:00,948:WARNING:
'prophet' is a soft dependency and not included in the pycaret installation. Please run: `pip install prophet` to install.
2024-07-12 17:01:00,949:INFO:Engine for model 'lasso_cds_dt' has not been set explicitly, hence returning None.
2024-07-12 17:01:00,949:INFO:Engine for model 'llar_cds_dt' has not been set explicitly, hence returning None.
2024-07-12 17:01:00,950:INFO:Engine for model 'br_cds_dt' has not been set explicitly, hence returning None.
2024-07-12 17:01:00,950:INFO:Engine for model 'huber_cds_dt' has not been set explicitly, hence returning None.
2024-07-12 17:01:00,952:INFO:Engine for model 'omp_cds_dt' has not been set explicitly, hence returning None.
2024-07-12 17:01:00,953:INFO:Engine for model 'knn_cds_dt' has not been set explicitly, hence returning None.
2024-07-12 17:01:00,953:INFO:Engine for model 'dt_cds_dt' has not been set explicitly, hence returning None.
2024-07-12 17:01:00,953:INFO:Engine for model 'rf_cds_dt' has not been set explicitly, hence returning None.
2024-07-12 17:01:00,953:INFO:Engine for model 'et_cds_dt' has not been set explicitly, hence returning None.
2024-07-12 17:01:00,953:INFO:Engine for model 'gbr_cds_dt' has not been set explicitly, hence returning None.
2024-07-12 17:01:00,953:INFO:Engine for model 'ada_cds_dt' has not been set explicitly, hence returning None.
2024-07-12 17:01:00,953:INFO:Engine for model 'xgboost_cds_dt' has not been set explicitly, hence returning None.
2024-07-12 17:01:00,953:WARNING:
'xgboost' is a soft dependency and not included in the pycaret installation. Please run: `pip install xgboost` to install.
Alternately, you can install this by running `pip install pycaret[models]`
2024-07-12 17:01:00,953:WARNING:
'xgboost' is a soft dependency and not included in the pycaret installation. Please run: `pip install xgboost` to install.
Alternately, you can install this by running `pip install pycaret[models]`
2024-07-12 17:01:00,953:INFO:Engine for model 'lightgbm_cds_dt' has not been set explicitly, hence returning None.
2024-07-12 17:01:00,953:INFO:Engine for model 'catboost_cds_dt' has not been set explicitly, hence returning None.
2024-07-12 17:01:00,953:WARNING:
'catboost' is a soft dependency and not included in the pycaret installation. Please run: `pip install catboost` to install.
Alternately, you can install this by running `pip install pycaret[models]`
2024-07-12 17:01:00,953:WARNING:
'catboost' is a soft dependency and not included in the pycaret installation. Please run: `pip install catboost` to install.
Alternately, you can install this by running `pip install pycaret[models]`
2024-07-12 17:01:00,953:WARNING:
'prophet' is a soft dependency and not included in the pycaret installation. Please run: `pip install prophet` to install.
2024-07-12 17:01:00,959:INFO:Engine for model 'lasso_cds_dt' has not been set explicitly, hence returning None.
2024-07-12 17:01:00,959:INFO:Engine for model 'llar_cds_dt' has not been set explicitly, hence returning None.
2024-07-12 17:01:00,961:INFO:Engine for model 'br_cds_dt' has not been set explicitly, hence returning None.
2024-07-12 17:01:00,961:INFO:Engine for model 'huber_cds_dt' has not been set explicitly, hence returning None.
2024-07-12 17:01:00,961:INFO:Engine for model 'omp_cds_dt' has not been set explicitly, hence returning None.
2024-07-12 17:01:00,963:INFO:Engine for model 'knn_cds_dt' has not been set explicitly, hence returning None.
2024-07-12 17:01:00,963:INFO:Engine for model 'dt_cds_dt' has not been set explicitly, hence returning None.
2024-07-12 17:01:00,963:INFO:Engine for model 'rf_cds_dt' has not been set explicitly, hence returning None.
2024-07-12 17:01:00,964:INFO:Engine for model 'et_cds_dt' has not been set explicitly, hence returning None.
2024-07-12 17:01:00,964:INFO:Engine for model 'gbr_cds_dt' has not been set explicitly, hence returning None.
2024-07-12 17:01:00,965:INFO:Engine for model 'ada_cds_dt' has not been set explicitly, hence returning None.
2024-07-12 17:01:00,965:INFO:Engine for model 'xgboost_cds_dt' has not been set explicitly, hence returning None.
2024-07-12 17:01:00,965:WARNING:
'xgboost' is a soft dependency and not included in the pycaret installation. Please run: `pip install xgboost` to install.
Alternately, you can install this by running `pip install pycaret[models]`
2024-07-12 17:01:00,965:WARNING:
'xgboost' is a soft dependency and not included in the pycaret installation. Please run: `pip install xgboost` to install.
Alternately, you can install this by running `pip install pycaret[models]`
2024-07-12 17:01:00,965:INFO:Engine for model 'lightgbm_cds_dt' has not been set explicitly, hence returning None.
2024-07-12 17:01:00,965:INFO:Engine for model 'catboost_cds_dt' has not been set explicitly, hence returning None.
2024-07-12 17:01:00,965:WARNING:
'catboost' is a soft dependency and not included in the pycaret installation. Please run: `pip install catboost` to install.
Alternately, you can install this by running `pip install pycaret[models]`
2024-07-12 17:01:00,965:WARNING:
'catboost' is a soft dependency and not included in the pycaret installation. Please run: `pip install catboost` to install.
Alternately, you can install this by running `pip install pycaret[models]`
2024-07-12 17:01:00,965:INFO:Engine successfully changes for model 'lasso_cds_dt' to 'sklearn'.
2024-07-12 17:01:00,967:WARNING:
'prophet' is a soft dependency and not included in the pycaret installation. Please run: `pip install prophet` to install.
2024-07-12 17:01:00,970:INFO:Engine for model 'llar_cds_dt' has not been set explicitly, hence returning None.
2024-07-12 17:01:00,970:INFO:Engine for model 'br_cds_dt' has not been set explicitly, hence returning None.
2024-07-12 17:01:00,970:INFO:Engine for model 'huber_cds_dt' has not been set explicitly, hence returning None.
2024-07-12 17:01:00,971:INFO:Engine for model 'omp_cds_dt' has not been set explicitly, hence returning None.
2024-07-12 17:01:00,971:INFO:Engine for model 'knn_cds_dt' has not been set explicitly, hence returning None.
2024-07-12 17:01:00,971:INFO:Engine for model 'dt_cds_dt' has not been set explicitly, hence returning None.
2024-07-12 17:01:00,971:INFO:Engine for model 'rf_cds_dt' has not been set explicitly, hence returning None.
2024-07-12 17:01:00,971:INFO:Engine for model 'et_cds_dt' has not been set explicitly, hence returning None.
2024-07-12 17:01:00,971:INFO:Engine for model 'gbr_cds_dt' has not been set explicitly, hence returning None.
2024-07-12 17:01:00,971:INFO:Engine for model 'ada_cds_dt' has not been set explicitly, hence returning None.
2024-07-12 17:01:00,971:INFO:Engine for model 'xgboost_cds_dt' has not been set explicitly, hence returning None.
2024-07-12 17:01:00,971:WARNING:
'xgboost' is a soft dependency and not included in the pycaret installation. Please run: `pip install xgboost` to install.
Alternately, you can install this by running `pip install pycaret[models]`
2024-07-12 17:01:00,971:WARNING:
'xgboost' is a soft dependency and not included in the pycaret installation. Please run: `pip install xgboost` to install.
Alternately, you can install this by running `pip install pycaret[models]`
2024-07-12 17:01:00,971:INFO:Engine for model 'lightgbm_cds_dt' has not been set explicitly, hence returning None.
2024-07-12 17:01:00,971:INFO:Engine for model 'catboost_cds_dt' has not been set explicitly, hence returning None.
2024-07-12 17:01:00,971:WARNING:
'catboost' is a soft dependency and not included in the pycaret installation. Please run: `pip install catboost` to install.
Alternately, you can install this by running `pip install pycaret[models]`
2024-07-12 17:01:00,971:WARNING:
'catboost' is a soft dependency and not included in the pycaret installation. Please run: `pip install catboost` to install.
Alternately, you can install this by running `pip install pycaret[models]`
2024-07-12 17:01:00,971:WARNING:
'prophet' is a soft dependency and not included in the pycaret installation. Please run: `pip install prophet` to install.
2024-07-12 17:01:00,980:INFO:Engine for model 'llar_cds_dt' has not been set explicitly, hence returning None.
2024-07-12 17:01:00,980:INFO:Engine for model 'br_cds_dt' has not been set explicitly, hence returning None.
2024-07-12 17:01:00,980:INFO:Engine for model 'huber_cds_dt' has not been set explicitly, hence returning None.
2024-07-12 17:01:00,982:INFO:Engine for model 'omp_cds_dt' has not been set explicitly, hence returning None.
2024-07-12 17:01:00,982:INFO:Engine for model 'knn_cds_dt' has not been set explicitly, hence returning None.
2024-07-12 17:01:00,982:INFO:Engine for model 'dt_cds_dt' has not been set explicitly, hence returning None.
2024-07-12 17:01:00,982:INFO:Engine for model 'rf_cds_dt' has not been set explicitly, hence returning None.
2024-07-12 17:01:00,982:INFO:Engine for model 'et_cds_dt' has not been set explicitly, hence returning None.
2024-07-12 17:01:00,982:INFO:Engine for model 'gbr_cds_dt' has not been set explicitly, hence returning None.
2024-07-12 17:01:00,982:INFO:Engine for model 'ada_cds_dt' has not been set explicitly, hence returning None.
2024-07-12 17:01:00,982:INFO:Engine for model 'xgboost_cds_dt' has not been set explicitly, hence returning None.
2024-07-12 17:01:00,982:WARNING:
'xgboost' is a soft dependency and not included in the pycaret installation. Please run: `pip install xgboost` to install.
Alternately, you can install this by running `pip install pycaret[models]`
2024-07-12 17:01:00,982:WARNING:
'xgboost' is a soft dependency and not included in the pycaret installation. Please run: `pip install xgboost` to install.
Alternately, you can install this by running `pip install pycaret[models]`
2024-07-12 17:01:00,982:INFO:Engine for model 'lightgbm_cds_dt' has not been set explicitly, hence returning None.
2024-07-12 17:01:00,982:INFO:Engine for model 'catboost_cds_dt' has not been set explicitly, hence returning None.
2024-07-12 17:01:00,982:WARNING:
'catboost' is a soft dependency and not included in the pycaret installation. Please run: `pip install catboost` to install.
Alternately, you can install this by running `pip install pycaret[models]`
2024-07-12 17:01:00,982:WARNING:
'catboost' is a soft dependency and not included in the pycaret installation. Please run: `pip install catboost` to install.
Alternately, you can install this by running `pip install pycaret[models]`
2024-07-12 17:01:00,982:INFO:Engine successfully changes for model 'lar_cds_dt' to 'sklearn'.
2024-07-12 17:01:00,986:WARNING:
'prophet' is a soft dependency and not included in the pycaret installation. Please run: `pip install prophet` to install.
2024-07-12 17:01:00,989:INFO:Engine for model 'llar_cds_dt' has not been set explicitly, hence returning None.
2024-07-12 17:01:00,989:INFO:Engine for model 'br_cds_dt' has not been set explicitly, hence returning None.
2024-07-12 17:01:00,989:INFO:Engine for model 'huber_cds_dt' has not been set explicitly, hence returning None.
2024-07-12 17:01:00,992:INFO:Engine for model 'omp_cds_dt' has not been set explicitly, hence returning None.
2024-07-12 17:01:00,992:INFO:Engine for model 'knn_cds_dt' has not been set explicitly, hence returning None.
2024-07-12 17:01:00,992:INFO:Engine for model 'dt_cds_dt' has not been set explicitly, hence returning None.
2024-07-12 17:01:00,992:INFO:Engine for model 'rf_cds_dt' has not been set explicitly, hence returning None.
2024-07-12 17:01:00,992:INFO:Engine for model 'et_cds_dt' has not been set explicitly, hence returning None.
2024-07-12 17:01:00,992:INFO:Engine for model 'gbr_cds_dt' has not been set explicitly, hence returning None.
2024-07-12 17:01:00,992:INFO:Engine for model 'ada_cds_dt' has not been set explicitly, hence returning None.
2024-07-12 17:01:00,992:INFO:Engine for model 'xgboost_cds_dt' has not been set explicitly, hence returning None.
2024-07-12 17:01:00,992:WARNING:
'xgboost' is a soft dependency and not included in the pycaret installation. Please run: `pip install xgboost` to install.
Alternately, you can install this by running `pip install pycaret[models]`
2024-07-12 17:01:00,992:WARNING:
'xgboost' is a soft dependency and not included in the pycaret installation. Please run: `pip install xgboost` to install.
Alternately, you can install this by running `pip install pycaret[models]`
2024-07-12 17:01:00,992:INFO:Engine for model 'lightgbm_cds_dt' has not been set explicitly, hence returning None.
2024-07-12 17:01:00,992:INFO:Engine for model 'catboost_cds_dt' has not been set explicitly, hence returning None.
2024-07-12 17:01:00,992:WARNING:
'catboost' is a soft dependency and not included in the pycaret installation. Please run: `pip install catboost` to install.
Alternately, you can install this by running `pip install pycaret[models]`
2024-07-12 17:01:00,992:WARNING:
'catboost' is a soft dependency and not included in the pycaret installation. Please run: `pip install catboost` to install.
Alternately, you can install this by running `pip install pycaret[models]`
2024-07-12 17:01:00,998:WARNING:
'prophet' is a soft dependency and not included in the pycaret installation. Please run: `pip install prophet` to install.
2024-07-12 17:01:01,000:INFO:Engine for model 'llar_cds_dt' has not been set explicitly, hence returning None.
2024-07-12 17:01:01,000:INFO:Engine for model 'br_cds_dt' has not been set explicitly, hence returning None.
2024-07-12 17:01:01,000:INFO:Engine for model 'huber_cds_dt' has not been set explicitly, hence returning None.
2024-07-12 17:01:01,000:INFO:Engine for model 'omp_cds_dt' has not been set explicitly, hence returning None.
2024-07-12 17:01:01,000:INFO:Engine for model 'knn_cds_dt' has not been set explicitly, hence returning None.
2024-07-12 17:01:01,000:INFO:Engine for model 'dt_cds_dt' has not been set explicitly, hence returning None.
2024-07-12 17:01:01,000:INFO:Engine for model 'rf_cds_dt' has not been set explicitly, hence returning None.
2024-07-12 17:01:01,000:INFO:Engine for model 'et_cds_dt' has not been set explicitly, hence returning None.
2024-07-12 17:01:01,005:INFO:Engine for model 'gbr_cds_dt' has not been set explicitly, hence returning None.
2024-07-12 17:01:01,005:INFO:Engine for model 'ada_cds_dt' has not been set explicitly, hence returning None.
2024-07-12 17:01:01,005:INFO:Engine for model 'xgboost_cds_dt' has not been set explicitly, hence returning None.
2024-07-12 17:01:01,005:WARNING:
'xgboost' is a soft dependency and not included in the pycaret installation. Please run: `pip install xgboost` to install.
Alternately, you can install this by running `pip install pycaret[models]`
2024-07-12 17:01:01,005:WARNING:
'xgboost' is a soft dependency and not included in the pycaret installation. Please run: `pip install xgboost` to install.
Alternately, you can install this by running `pip install pycaret[models]`
2024-07-12 17:01:01,005:INFO:Engine for model 'lightgbm_cds_dt' has not been set explicitly, hence returning None.
2024-07-12 17:01:01,005:INFO:Engine for model 'catboost_cds_dt' has not been set explicitly, hence returning None.
2024-07-12 17:01:01,005:WARNING:
'catboost' is a soft dependency and not included in the pycaret installation. Please run: `pip install catboost` to install.
Alternately, you can install this by running `pip install pycaret[models]`
2024-07-12 17:01:01,005:WARNING:
'catboost' is a soft dependency and not included in the pycaret installation. Please run: `pip install catboost` to install.
Alternately, you can install this by running `pip install pycaret[models]`
2024-07-12 17:01:01,005:INFO:Engine successfully changes for model 'llar_cds_dt' to 'sklearn'.
2024-07-12 17:01:01,005:WARNING:
'prophet' is a soft dependency and not included in the pycaret installation. Please run: `pip install prophet` to install.
2024-07-12 17:01:01,005:INFO:Engine for model 'br_cds_dt' has not been set explicitly, hence returning None.
2024-07-12 17:01:01,010:INFO:Engine for model 'huber_cds_dt' has not been set explicitly, hence returning None.
2024-07-12 17:01:01,011:INFO:Engine for model 'omp_cds_dt' has not been set explicitly, hence returning None.
2024-07-12 17:01:01,012:INFO:Engine for model 'knn_cds_dt' has not been set explicitly, hence returning None.
2024-07-12 17:01:01,013:INFO:Engine for model 'dt_cds_dt' has not been set explicitly, hence returning None.
2024-07-12 17:01:01,014:INFO:Engine for model 'rf_cds_dt' has not been set explicitly, hence returning None.
2024-07-12 17:01:01,014:INFO:Engine for model 'et_cds_dt' has not been set explicitly, hence returning None.
2024-07-12 17:01:01,014:INFO:Engine for model 'gbr_cds_dt' has not been set explicitly, hence returning None.
2024-07-12 17:01:01,014:INFO:Engine for model 'ada_cds_dt' has not been set explicitly, hence returning None.
2024-07-12 17:01:01,014:INFO:Engine for model 'xgboost_cds_dt' has not been set explicitly, hence returning None.
2024-07-12 17:01:01,014:WARNING:
'xgboost' is a soft dependency and not included in the pycaret installation. Please run: `pip install xgboost` to install.
Alternately, you can install this by running `pip install pycaret[models]`
2024-07-12 17:01:01,015:WARNING:
'xgboost' is a soft dependency and not included in the pycaret installation. Please run: `pip install xgboost` to install.
Alternately, you can install this by running `pip install pycaret[models]`
2024-07-12 17:01:01,015:INFO:Engine for model 'lightgbm_cds_dt' has not been set explicitly, hence returning None.
2024-07-12 17:01:01,015:INFO:Engine for model 'catboost_cds_dt' has not been set explicitly, hence returning None.
2024-07-12 17:01:01,016:WARNING:
'catboost' is a soft dependency and not included in the pycaret installation. Please run: `pip install catboost` to install.
Alternately, you can install this by running `pip install pycaret[models]`
2024-07-12 17:01:01,016:WARNING:
'catboost' is a soft dependency and not included in the pycaret installation. Please run: `pip install catboost` to install.
Alternately, you can install this by running `pip install pycaret[models]`
2024-07-12 17:01:01,016:WARNING:
'prophet' is a soft dependency and not included in the pycaret installation. Please run: `pip install prophet` to install.
2024-07-12 17:01:01,019:INFO:Engine for model 'br_cds_dt' has not been set explicitly, hence returning None.
2024-07-12 17:01:01,019:INFO:Engine for model 'huber_cds_dt' has not been set explicitly, hence returning None.
2024-07-12 17:01:01,020:INFO:Engine for model 'omp_cds_dt' has not been set explicitly, hence returning None.
2024-07-12 17:01:01,020:INFO:Engine for model 'knn_cds_dt' has not been set explicitly, hence returning None.
2024-07-12 17:01:01,020:INFO:Engine for model 'dt_cds_dt' has not been set explicitly, hence returning None.
2024-07-12 17:01:01,020:INFO:Engine for model 'rf_cds_dt' has not been set explicitly, hence returning None.
2024-07-12 17:01:01,020:INFO:Engine for model 'et_cds_dt' has not been set explicitly, hence returning None.
2024-07-12 17:01:01,020:INFO:Engine for model 'gbr_cds_dt' has not been set explicitly, hence returning None.
2024-07-12 17:01:01,020:INFO:Engine for model 'ada_cds_dt' has not been set explicitly, hence returning None.
2024-07-12 17:01:01,025:INFO:Engine for model 'xgboost_cds_dt' has not been set explicitly, hence returning None.
2024-07-12 17:01:01,025:WARNING:
'xgboost' is a soft dependency and not included in the pycaret installation. Please run: `pip install xgboost` to install.
Alternately, you can install this by running `pip install pycaret[models]`
2024-07-12 17:01:01,025:WARNING:
'xgboost' is a soft dependency and not included in the pycaret installation. Please run: `pip install xgboost` to install.
Alternately, you can install this by running `pip install pycaret[models]`
2024-07-12 17:01:01,025:INFO:Engine for model 'lightgbm_cds_dt' has not been set explicitly, hence returning None.
2024-07-12 17:01:01,025:INFO:Engine for model 'catboost_cds_dt' has not been set explicitly, hence returning None.
2024-07-12 17:01:01,025:WARNING:
'catboost' is a soft dependency and not included in the pycaret installation. Please run: `pip install catboost` to install.
Alternately, you can install this by running `pip install pycaret[models]`
2024-07-12 17:01:01,025:WARNING:
'catboost' is a soft dependency and not included in the pycaret installation. Please run: `pip install catboost` to install.
Alternately, you can install this by running `pip install pycaret[models]`
2024-07-12 17:01:01,025:INFO:Engine successfully changes for model 'br_cds_dt' to 'sklearn'.
2024-07-12 17:01:01,025:WARNING:
'prophet' is a soft dependency and not included in the pycaret installation. Please run: `pip install prophet` to install.
2024-07-12 17:01:01,030:INFO:Engine for model 'huber_cds_dt' has not been set explicitly, hence returning None.
2024-07-12 17:01:01,031:INFO:Engine for model 'omp_cds_dt' has not been set explicitly, hence returning None.
2024-07-12 17:01:01,032:INFO:Engine for model 'knn_cds_dt' has not been set explicitly, hence returning None.
2024-07-12 17:01:01,033:INFO:Engine for model 'dt_cds_dt' has not been set explicitly, hence returning None.
2024-07-12 17:01:01,033:INFO:Engine for model 'rf_cds_dt' has not been set explicitly, hence returning None.
2024-07-12 17:01:01,033:INFO:Engine for model 'et_cds_dt' has not been set explicitly, hence returning None.
2024-07-12 17:01:01,034:INFO:Engine for model 'gbr_cds_dt' has not been set explicitly, hence returning None.
2024-07-12 17:01:01,034:INFO:Engine for model 'ada_cds_dt' has not been set explicitly, hence returning None.
2024-07-12 17:01:01,034:INFO:Engine for model 'xgboost_cds_dt' has not been set explicitly, hence returning None.
2024-07-12 17:01:01,034:WARNING:
'xgboost' is a soft dependency and not included in the pycaret installation. Please run: `pip install xgboost` to install.
Alternately, you can install this by running `pip install pycaret[models]`
2024-07-12 17:01:01,034:WARNING:
'xgboost' is a soft dependency and not included in the pycaret installation. Please run: `pip install xgboost` to install.
Alternately, you can install this by running `pip install pycaret[models]`
2024-07-12 17:01:01,034:INFO:Engine for model 'lightgbm_cds_dt' has not been set explicitly, hence returning None.
2024-07-12 17:01:01,035:INFO:Engine for model 'catboost_cds_dt' has not been set explicitly, hence returning None.
2024-07-12 17:01:01,035:WARNING:
'catboost' is a soft dependency and not included in the pycaret installation. Please run: `pip install catboost` to install.
Alternately, you can install this by running `pip install pycaret[models]`
2024-07-12 17:01:01,035:WARNING:
'catboost' is a soft dependency and not included in the pycaret installation. Please run: `pip install catboost` to install.
Alternately, you can install this by running `pip install pycaret[models]`
2024-07-12 17:01:01,038:WARNING:
'prophet' is a soft dependency and not included in the pycaret installation. Please run: `pip install prophet` to install.
2024-07-12 17:01:01,039:INFO:Engine for model 'huber_cds_dt' has not been set explicitly, hence returning None.
2024-07-12 17:01:01,040:INFO:Engine for model 'omp_cds_dt' has not been set explicitly, hence returning None.
2024-07-12 17:01:01,042:INFO:Engine for model 'knn_cds_dt' has not been set explicitly, hence returning None.
2024-07-12 17:01:01,042:INFO:Engine for model 'dt_cds_dt' has not been set explicitly, hence returning None.
2024-07-12 17:01:01,042:INFO:Engine for model 'rf_cds_dt' has not been set explicitly, hence returning None.
2024-07-12 17:01:01,043:INFO:Engine for model 'et_cds_dt' has not been set explicitly, hence returning None.
2024-07-12 17:01:01,043:INFO:Engine for model 'gbr_cds_dt' has not been set explicitly, hence returning None.
2024-07-12 17:01:01,043:INFO:Engine for model 'ada_cds_dt' has not been set explicitly, hence returning None.
2024-07-12 17:01:01,044:INFO:Engine for model 'xgboost_cds_dt' has not been set explicitly, hence returning None.
2024-07-12 17:01:01,044:WARNING:
'xgboost' is a soft dependency and not included in the pycaret installation. Please run: `pip install xgboost` to install.
Alternately, you can install this by running `pip install pycaret[models]`
2024-07-12 17:01:01,044:WARNING:
'xgboost' is a soft dependency and not included in the pycaret installation. Please run: `pip install xgboost` to install.
Alternately, you can install this by running `pip install pycaret[models]`
2024-07-12 17:01:01,044:INFO:Engine for model 'lightgbm_cds_dt' has not been set explicitly, hence returning None.
2024-07-12 17:01:01,045:INFO:Engine for model 'catboost_cds_dt' has not been set explicitly, hence returning None.
2024-07-12 17:01:01,045:WARNING:
'catboost' is a soft dependency and not included in the pycaret installation. Please run: `pip install catboost` to install.
Alternately, you can install this by running `pip install pycaret[models]`
2024-07-12 17:01:01,045:WARNING:
'catboost' is a soft dependency and not included in the pycaret installation. Please run: `pip install catboost` to install.
Alternately, you can install this by running `pip install pycaret[models]`
2024-07-12 17:01:01,045:INFO:Engine successfully changes for model 'huber_cds_dt' to 'sklearn'.
2024-07-12 17:01:01,046:WARNING:
'prophet' is a soft dependency and not included in the pycaret installation. Please run: `pip install prophet` to install.
2024-07-12 17:01:01,052:INFO:Engine for model 'omp_cds_dt' has not been set explicitly, hence returning None.
2024-07-12 17:01:01,052:INFO:Engine for model 'knn_cds_dt' has not been set explicitly, hence returning None.
2024-07-12 17:01:01,052:INFO:Engine for model 'dt_cds_dt' has not been set explicitly, hence returning None.
2024-07-12 17:01:01,052:INFO:Engine for model 'rf_cds_dt' has not been set explicitly, hence returning None.
2024-07-12 17:01:01,052:INFO:Engine for model 'et_cds_dt' has not been set explicitly, hence returning None.
2024-07-12 17:01:01,052:INFO:Engine for model 'gbr_cds_dt' has not been set explicitly, hence returning None.
2024-07-12 17:01:01,052:INFO:Engine for model 'ada_cds_dt' has not been set explicitly, hence returning None.
2024-07-12 17:01:01,052:INFO:Engine for model 'xgboost_cds_dt' has not been set explicitly, hence returning None.
2024-07-12 17:01:01,052:WARNING:
'xgboost' is a soft dependency and not included in the pycaret installation. Please run: `pip install xgboost` to install.
Alternately, you can install this by running `pip install pycaret[models]`
2024-07-12 17:01:01,052:WARNING:
'xgboost' is a soft dependency and not included in the pycaret installation. Please run: `pip install xgboost` to install.
Alternately, you can install this by running `pip install pycaret[models]`
2024-07-12 17:01:01,052:INFO:Engine for model 'lightgbm_cds_dt' has not been set explicitly, hence returning None.
2024-07-12 17:01:01,052:INFO:Engine for model 'catboost_cds_dt' has not been set explicitly, hence returning None.
2024-07-12 17:01:01,052:WARNING:
'catboost' is a soft dependency and not included in the pycaret installation. Please run: `pip install catboost` to install.
Alternately, you can install this by running `pip install pycaret[models]`
2024-07-12 17:01:01,052:WARNING:
'catboost' is a soft dependency and not included in the pycaret installation. Please run: `pip install catboost` to install.
Alternately, you can install this by running `pip install pycaret[models]`
2024-07-12 17:01:01,052:WARNING:
'prophet' is a soft dependency and not included in the pycaret installation. Please run: `pip install prophet` to install.
2024-07-12 17:01:01,061:INFO:Engine for model 'omp_cds_dt' has not been set explicitly, hence returning None.
2024-07-12 17:01:01,063:INFO:Engine for model 'knn_cds_dt' has not been set explicitly, hence returning None.
2024-07-12 17:01:01,063:INFO:Engine for model 'dt_cds_dt' has not been set explicitly, hence returning None.
2024-07-12 17:01:01,063:INFO:Engine for model 'rf_cds_dt' has not been set explicitly, hence returning None.
2024-07-12 17:01:01,064:INFO:Engine for model 'et_cds_dt' has not been set explicitly, hence returning None.
2024-07-12 17:01:01,064:INFO:Engine for model 'gbr_cds_dt' has not been set explicitly, hence returning None.
2024-07-12 17:01:01,065:INFO:Engine for model 'ada_cds_dt' has not been set explicitly, hence returning None.
2024-07-12 17:01:01,065:INFO:Engine for model 'xgboost_cds_dt' has not been set explicitly, hence returning None.
2024-07-12 17:01:01,065:WARNING:
'xgboost' is a soft dependency and not included in the pycaret installation. Please run: `pip install xgboost` to install.
Alternately, you can install this by running `pip install pycaret[models]`
2024-07-12 17:01:01,065:WARNING:
'xgboost' is a soft dependency and not included in the pycaret installation. Please run: `pip install xgboost` to install.
Alternately, you can install this by running `pip install pycaret[models]`
2024-07-12 17:01:01,065:INFO:Engine for model 'lightgbm_cds_dt' has not been set explicitly, hence returning None.
2024-07-12 17:01:01,065:INFO:Engine for model 'catboost_cds_dt' has not been set explicitly, hence returning None.
2024-07-12 17:01:01,065:WARNING:
'catboost' is a soft dependency and not included in the pycaret installation. Please run: `pip install catboost` to install.
Alternately, you can install this by running `pip install pycaret[models]`
2024-07-12 17:01:01,065:WARNING:
'catboost' is a soft dependency and not included in the pycaret installation. Please run: `pip install catboost` to install.
Alternately, you can install this by running `pip install pycaret[models]`
2024-07-12 17:01:01,065:INFO:Engine successfully changes for model 'par_cds_dt' to 'sklearn'.
2024-07-12 17:01:01,070:WARNING:
'prophet' is a soft dependency and not included in the pycaret installation. Please run: `pip install prophet` to install.
2024-07-12 17:01:01,070:INFO:Engine for model 'omp_cds_dt' has not been set explicitly, hence returning None.
2024-07-12 17:01:01,070:INFO:Engine for model 'knn_cds_dt' has not been set explicitly, hence returning None.
2024-07-12 17:01:01,070:INFO:Engine for model 'dt_cds_dt' has not been set explicitly, hence returning None.
2024-07-12 17:01:01,075:INFO:Engine for model 'rf_cds_dt' has not been set explicitly, hence returning None.
2024-07-12 17:01:01,075:INFO:Engine for model 'et_cds_dt' has not been set explicitly, hence returning None.
2024-07-12 17:01:01,075:INFO:Engine for model 'gbr_cds_dt' has not been set explicitly, hence returning None.
2024-07-12 17:01:01,075:INFO:Engine for model 'ada_cds_dt' has not been set explicitly, hence returning None.
2024-07-12 17:01:01,075:INFO:Engine for model 'xgboost_cds_dt' has not been set explicitly, hence returning None.
2024-07-12 17:01:01,075:WARNING:
'xgboost' is a soft dependency and not included in the pycaret installation. Please run: `pip install xgboost` to install.
Alternately, you can install this by running `pip install pycaret[models]`
2024-07-12 17:01:01,075:WARNING:
'xgboost' is a soft dependency and not included in the pycaret installation. Please run: `pip install xgboost` to install.
Alternately, you can install this by running `pip install pycaret[models]`
2024-07-12 17:01:01,075:INFO:Engine for model 'lightgbm_cds_dt' has not been set explicitly, hence returning None.
2024-07-12 17:01:01,075:INFO:Engine for model 'catboost_cds_dt' has not been set explicitly, hence returning None.
2024-07-12 17:01:01,075:WARNING:
'catboost' is a soft dependency and not included in the pycaret installation. Please run: `pip install catboost` to install.
Alternately, you can install this by running `pip install pycaret[models]`
2024-07-12 17:01:01,075:WARNING:
'catboost' is a soft dependency and not included in the pycaret installation. Please run: `pip install catboost` to install.
Alternately, you can install this by running `pip install pycaret[models]`
2024-07-12 17:01:01,080:WARNING:
'prophet' is a soft dependency and not included in the pycaret installation. Please run: `pip install prophet` to install.
2024-07-12 17:01:01,082:INFO:Engine for model 'omp_cds_dt' has not been set explicitly, hence returning None.
2024-07-12 17:01:01,082:INFO:Engine for model 'knn_cds_dt' has not been set explicitly, hence returning None.
2024-07-12 17:01:01,082:INFO:Engine for model 'dt_cds_dt' has not been set explicitly, hence returning None.
2024-07-12 17:01:01,082:INFO:Engine for model 'rf_cds_dt' has not been set explicitly, hence returning None.
2024-07-12 17:01:01,082:INFO:Engine for model 'et_cds_dt' has not been set explicitly, hence returning None.
2024-07-12 17:01:01,082:INFO:Engine for model 'gbr_cds_dt' has not been set explicitly, hence returning None.
2024-07-12 17:01:01,082:INFO:Engine for model 'ada_cds_dt' has not been set explicitly, hence returning None.
2024-07-12 17:01:01,082:INFO:Engine for model 'xgboost_cds_dt' has not been set explicitly, hence returning None.
2024-07-12 17:01:01,082:WARNING:
'xgboost' is a soft dependency and not included in the pycaret installation. Please run: `pip install xgboost` to install.
Alternately, you can install this by running `pip install pycaret[models]`
2024-07-12 17:01:01,082:WARNING:
'xgboost' is a soft dependency and not included in the pycaret installation. Please run: `pip install xgboost` to install.
Alternately, you can install this by running `pip install pycaret[models]`
2024-07-12 17:01:01,082:INFO:Engine for model 'lightgbm_cds_dt' has not been set explicitly, hence returning None.
2024-07-12 17:01:01,086:INFO:Engine for model 'catboost_cds_dt' has not been set explicitly, hence returning None.
2024-07-12 17:01:01,086:WARNING:
'catboost' is a soft dependency and not included in the pycaret installation. Please run: `pip install catboost` to install.
Alternately, you can install this by running `pip install pycaret[models]`
2024-07-12 17:01:01,086:WARNING:
'catboost' is a soft dependency and not included in the pycaret installation. Please run: `pip install catboost` to install.
Alternately, you can install this by running `pip install pycaret[models]`
2024-07-12 17:01:01,086:INFO:Engine successfully changes for model 'omp_cds_dt' to 'sklearn'.
2024-07-12 17:01:01,089:WARNING:
'prophet' is a soft dependency and not included in the pycaret installation. Please run: `pip install prophet` to install.
2024-07-12 17:01:01,090:INFO:Engine for model 'knn_cds_dt' has not been set explicitly, hence returning None.
2024-07-12 17:01:01,090:INFO:Engine for model 'dt_cds_dt' has not been set explicitly, hence returning None.
2024-07-12 17:01:01,090:INFO:Engine for model 'rf_cds_dt' has not been set explicitly, hence returning None.
2024-07-12 17:01:01,090:INFO:Engine for model 'et_cds_dt' has not been set explicitly, hence returning None.
2024-07-12 17:01:01,094:INFO:Engine for model 'gbr_cds_dt' has not been set explicitly, hence returning None.
2024-07-12 17:01:01,094:INFO:Engine for model 'ada_cds_dt' has not been set explicitly, hence returning None.
2024-07-12 17:01:01,094:INFO:Engine for model 'xgboost_cds_dt' has not been set explicitly, hence returning None.
2024-07-12 17:01:01,094:WARNING:
'xgboost' is a soft dependency and not included in the pycaret installation. Please run: `pip install xgboost` to install.
Alternately, you can install this by running `pip install pycaret[models]`
2024-07-12 17:01:01,094:WARNING:
'xgboost' is a soft dependency and not included in the pycaret installation. Please run: `pip install xgboost` to install.
Alternately, you can install this by running `pip install pycaret[models]`
2024-07-12 17:01:01,094:INFO:Engine for model 'lightgbm_cds_dt' has not been set explicitly, hence returning None.
2024-07-12 17:01:01,094:INFO:Engine for model 'catboost_cds_dt' has not been set explicitly, hence returning None.
2024-07-12 17:01:01,094:WARNING:
'catboost' is a soft dependency and not included in the pycaret installation. Please run: `pip install catboost` to install.
Alternately, you can install this by running `pip install pycaret[models]`
2024-07-12 17:01:01,094:WARNING:
'catboost' is a soft dependency and not included in the pycaret installation. Please run: `pip install catboost` to install.
Alternately, you can install this by running `pip install pycaret[models]`
2024-07-12 17:01:01,099:WARNING:
'prophet' is a soft dependency and not included in the pycaret installation. Please run: `pip install prophet` to install.
2024-07-12 17:01:01,102:INFO:Engine for model 'knn_cds_dt' has not been set explicitly, hence returning None.
2024-07-12 17:01:01,102:INFO:Engine for model 'dt_cds_dt' has not been set explicitly, hence returning None.
2024-07-12 17:01:01,102:INFO:Engine for model 'rf_cds_dt' has not been set explicitly, hence returning None.
2024-07-12 17:01:01,102:INFO:Engine for model 'et_cds_dt' has not been set explicitly, hence returning None.
2024-07-12 17:01:01,102:INFO:Engine for model 'gbr_cds_dt' has not been set explicitly, hence returning None.
2024-07-12 17:01:01,102:INFO:Engine for model 'ada_cds_dt' has not been set explicitly, hence returning None.
2024-07-12 17:01:01,102:INFO:Engine for model 'xgboost_cds_dt' has not been set explicitly, hence returning None.
2024-07-12 17:01:01,102:WARNING:
'xgboost' is a soft dependency and not included in the pycaret installation. Please run: `pip install xgboost` to install.
Alternately, you can install this by running `pip install pycaret[models]`
2024-07-12 17:01:01,102:WARNING:
'xgboost' is a soft dependency and not included in the pycaret installation. Please run: `pip install xgboost` to install.
Alternately, you can install this by running `pip install pycaret[models]`
2024-07-12 17:01:01,102:INFO:Engine for model 'lightgbm_cds_dt' has not been set explicitly, hence returning None.
2024-07-12 17:01:01,102:INFO:Engine for model 'catboost_cds_dt' has not been set explicitly, hence returning None.
2024-07-12 17:01:01,102:WARNING:
'catboost' is a soft dependency and not included in the pycaret installation. Please run: `pip install catboost` to install.
Alternately, you can install this by running `pip install pycaret[models]`
2024-07-12 17:01:01,102:WARNING:
'catboost' is a soft dependency and not included in the pycaret installation. Please run: `pip install catboost` to install.
Alternately, you can install this by running `pip install pycaret[models]`
2024-07-12 17:01:01,102:INFO:Engine successfully changes for model 'knn_cds_dt' to 'sklearn'.
2024-07-12 17:01:01,102:WARNING:
'prophet' is a soft dependency and not included in the pycaret installation. Please run: `pip install prophet` to install.
2024-07-12 17:01:01,110:INFO:Engine for model 'dt_cds_dt' has not been set explicitly, hence returning None.
2024-07-12 17:01:01,112:INFO:Engine for model 'rf_cds_dt' has not been set explicitly, hence returning None.
2024-07-12 17:01:01,112:INFO:Engine for model 'et_cds_dt' has not been set explicitly, hence returning None.
2024-07-12 17:01:01,112:INFO:Engine for model 'gbr_cds_dt' has not been set explicitly, hence returning None.
2024-07-12 17:01:01,114:INFO:Engine for model 'ada_cds_dt' has not been set explicitly, hence returning None.
2024-07-12 17:01:01,114:INFO:Engine for model 'xgboost_cds_dt' has not been set explicitly, hence returning None.
2024-07-12 17:01:01,114:WARNING:
'xgboost' is a soft dependency and not included in the pycaret installation. Please run: `pip install xgboost` to install.
Alternately, you can install this by running `pip install pycaret[models]`
2024-07-12 17:01:01,114:WARNING:
'xgboost' is a soft dependency and not included in the pycaret installation. Please run: `pip install xgboost` to install.
Alternately, you can install this by running `pip install pycaret[models]`
2024-07-12 17:01:01,114:INFO:Engine for model 'lightgbm_cds_dt' has not been set explicitly, hence returning None.
2024-07-12 17:01:01,114:INFO:Engine for model 'catboost_cds_dt' has not been set explicitly, hence returning None.
2024-07-12 17:01:01,114:WARNING:
'catboost' is a soft dependency and not included in the pycaret installation. Please run: `pip install catboost` to install.
Alternately, you can install this by running `pip install pycaret[models]`
2024-07-12 17:01:01,114:WARNING:
'catboost' is a soft dependency and not included in the pycaret installation. Please run: `pip install catboost` to install.
Alternately, you can install this by running `pip install pycaret[models]`
2024-07-12 17:01:01,117:WARNING:
'prophet' is a soft dependency and not included in the pycaret installation. Please run: `pip install prophet` to install.
2024-07-12 17:01:01,122:INFO:Engine for model 'dt_cds_dt' has not been set explicitly, hence returning None.
2024-07-12 17:01:01,122:INFO:Engine for model 'rf_cds_dt' has not been set explicitly, hence returning None.
2024-07-12 17:01:01,122:INFO:Engine for model 'et_cds_dt' has not been set explicitly, hence returning None.
2024-07-12 17:01:01,122:INFO:Engine for model 'gbr_cds_dt' has not been set explicitly, hence returning None.
2024-07-12 17:01:01,122:INFO:Engine for model 'ada_cds_dt' has not been set explicitly, hence returning None.
2024-07-12 17:01:01,122:INFO:Engine for model 'xgboost_cds_dt' has not been set explicitly, hence returning None.
2024-07-12 17:01:01,122:WARNING:
'xgboost' is a soft dependency and not included in the pycaret installation. Please run: `pip install xgboost` to install.
Alternately, you can install this by running `pip install pycaret[models]`
2024-07-12 17:01:01,122:WARNING:
'xgboost' is a soft dependency and not included in the pycaret installation. Please run: `pip install xgboost` to install.
Alternately, you can install this by running `pip install pycaret[models]`
2024-07-12 17:01:01,122:INFO:Engine for model 'lightgbm_cds_dt' has not been set explicitly, hence returning None.
2024-07-12 17:01:01,122:INFO:Engine for model 'catboost_cds_dt' has not been set explicitly, hence returning None.
2024-07-12 17:01:01,122:WARNING:
'catboost' is a soft dependency and not included in the pycaret installation. Please run: `pip install catboost` to install.
Alternately, you can install this by running `pip install pycaret[models]`
2024-07-12 17:01:01,122:WARNING:
'catboost' is a soft dependency and not included in the pycaret installation. Please run: `pip install catboost` to install.
Alternately, you can install this by running `pip install pycaret[models]`
2024-07-12 17:01:01,122:INFO:Engine successfully changes for model 'dt_cds_dt' to 'sklearn'.
2024-07-12 17:01:01,122:WARNING:
'prophet' is a soft dependency and not included in the pycaret installation. Please run: `pip install prophet` to install.
2024-07-12 17:01:01,130:INFO:Engine for model 'rf_cds_dt' has not been set explicitly, hence returning None.
2024-07-12 17:01:01,130:INFO:Engine for model 'et_cds_dt' has not been set explicitly, hence returning None.
2024-07-12 17:01:01,130:INFO:Engine for model 'gbr_cds_dt' has not been set explicitly, hence returning None.
2024-07-12 17:01:01,130:INFO:Engine for model 'ada_cds_dt' has not been set explicitly, hence returning None.
2024-07-12 17:01:01,130:INFO:Engine for model 'xgboost_cds_dt' has not been set explicitly, hence returning None.
2024-07-12 17:01:01,130:WARNING:
'xgboost' is a soft dependency and not included in the pycaret installation. Please run: `pip install xgboost` to install.
Alternately, you can install this by running `pip install pycaret[models]`
2024-07-12 17:01:01,130:WARNING:
'xgboost' is a soft dependency and not included in the pycaret installation. Please run: `pip install xgboost` to install.
Alternately, you can install this by running `pip install pycaret[models]`
2024-07-12 17:01:01,130:INFO:Engine for model 'lightgbm_cds_dt' has not been set explicitly, hence returning None.
2024-07-12 17:01:01,130:INFO:Engine for model 'catboost_cds_dt' has not been set explicitly, hence returning None.
2024-07-12 17:01:01,130:WARNING:
'catboost' is a soft dependency and not included in the pycaret installation. Please run: `pip install catboost` to install.
Alternately, you can install this by running `pip install pycaret[models]`
2024-07-12 17:01:01,130:WARNING:
'catboost' is a soft dependency and not included in the pycaret installation. Please run: `pip install catboost` to install.
Alternately, you can install this by running `pip install pycaret[models]`
2024-07-12 17:01:01,130:WARNING:
'prophet' is a soft dependency and not included in the pycaret installation. Please run: `pip install prophet` to install.
2024-07-12 17:01:01,142:INFO:Engine for model 'rf_cds_dt' has not been set explicitly, hence returning None.
2024-07-12 17:01:01,142:INFO:Engine for model 'et_cds_dt' has not been set explicitly, hence returning None.
2024-07-12 17:01:01,142:INFO:Engine for model 'gbr_cds_dt' has not been set explicitly, hence returning None.
2024-07-12 17:01:01,142:INFO:Engine for model 'ada_cds_dt' has not been set explicitly, hence returning None.
2024-07-12 17:01:01,142:INFO:Engine for model 'xgboost_cds_dt' has not been set explicitly, hence returning None.
2024-07-12 17:01:01,142:WARNING:
'xgboost' is a soft dependency and not included in the pycaret installation. Please run: `pip install xgboost` to install.
Alternately, you can install this by running `pip install pycaret[models]`
2024-07-12 17:01:01,142:WARNING:
'xgboost' is a soft dependency and not included in the pycaret installation. Please run: `pip install xgboost` to install.
Alternately, you can install this by running `pip install pycaret[models]`
2024-07-12 17:01:01,142:INFO:Engine for model 'lightgbm_cds_dt' has not been set explicitly, hence returning None.
2024-07-12 17:01:01,142:INFO:Engine for model 'catboost_cds_dt' has not been set explicitly, hence returning None.
2024-07-12 17:01:01,142:WARNING:
'catboost' is a soft dependency and not included in the pycaret installation. Please run: `pip install catboost` to install.
Alternately, you can install this by running `pip install pycaret[models]`
2024-07-12 17:01:01,142:WARNING:
'catboost' is a soft dependency and not included in the pycaret installation. Please run: `pip install catboost` to install.
Alternately, you can install this by running `pip install pycaret[models]`
2024-07-12 17:01:01,142:INFO:Engine successfully changes for model 'rf_cds_dt' to 'sklearn'.
2024-07-12 17:01:01,146:WARNING:
'prophet' is a soft dependency and not included in the pycaret installation. Please run: `pip install prophet` to install.
2024-07-12 17:01:01,150:INFO:Engine for model 'et_cds_dt' has not been set explicitly, hence returning None.
2024-07-12 17:01:01,150:INFO:Engine for model 'gbr_cds_dt' has not been set explicitly, hence returning None.
2024-07-12 17:01:01,150:INFO:Engine for model 'ada_cds_dt' has not been set explicitly, hence returning None.
2024-07-12 17:01:01,150:INFO:Engine for model 'xgboost_cds_dt' has not been set explicitly, hence returning None.
2024-07-12 17:01:01,150:WARNING:
'xgboost' is a soft dependency and not included in the pycaret installation. Please run: `pip install xgboost` to install.
Alternately, you can install this by running `pip install pycaret[models]`
2024-07-12 17:01:01,150:WARNING:
'xgboost' is a soft dependency and not included in the pycaret installation. Please run: `pip install xgboost` to install.
Alternately, you can install this by running `pip install pycaret[models]`
2024-07-12 17:01:01,150:INFO:Engine for model 'lightgbm_cds_dt' has not been set explicitly, hence returning None.
2024-07-12 17:01:01,150:INFO:Engine for model 'catboost_cds_dt' has not been set explicitly, hence returning None.
2024-07-12 17:01:01,150:WARNING:
'catboost' is a soft dependency and not included in the pycaret installation. Please run: `pip install catboost` to install.
Alternately, you can install this by running `pip install pycaret[models]`
2024-07-12 17:01:01,150:WARNING:
'catboost' is a soft dependency and not included in the pycaret installation. Please run: `pip install catboost` to install.
Alternately, you can install this by running `pip install pycaret[models]`
2024-07-12 17:01:01,154:WARNING:
'prophet' is a soft dependency and not included in the pycaret installation. Please run: `pip install prophet` to install.
2024-07-12 17:01:01,160:INFO:Engine for model 'et_cds_dt' has not been set explicitly, hence returning None.
2024-07-12 17:01:01,160:INFO:Engine for model 'gbr_cds_dt' has not been set explicitly, hence returning None.
2024-07-12 17:01:01,160:INFO:Engine for model 'ada_cds_dt' has not been set explicitly, hence returning None.
2024-07-12 17:01:01,162:INFO:Engine for model 'xgboost_cds_dt' has not been set explicitly, hence returning None.
2024-07-12 17:01:01,162:WARNING:
'xgboost' is a soft dependency and not included in the pycaret installation. Please run: `pip install xgboost` to install.
Alternately, you can install this by running `pip install pycaret[models]`
2024-07-12 17:01:01,162:WARNING:
'xgboost' is a soft dependency and not included in the pycaret installation. Please run: `pip install xgboost` to install.
Alternately, you can install this by running `pip install pycaret[models]`
2024-07-12 17:01:01,162:INFO:Engine for model 'lightgbm_cds_dt' has not been set explicitly, hence returning None.
2024-07-12 17:01:01,162:INFO:Engine for model 'catboost_cds_dt' has not been set explicitly, hence returning None.
2024-07-12 17:01:01,162:WARNING:
'catboost' is a soft dependency and not included in the pycaret installation. Please run: `pip install catboost` to install.
Alternately, you can install this by running `pip install pycaret[models]`
2024-07-12 17:01:01,162:WARNING:
'catboost' is a soft dependency and not included in the pycaret installation. Please run: `pip install catboost` to install.
Alternately, you can install this by running `pip install pycaret[models]`
2024-07-12 17:01:01,162:INFO:Engine successfully changes for model 'et_cds_dt' to 'sklearn'.
2024-07-12 17:01:01,162:WARNING:
'prophet' is a soft dependency and not included in the pycaret installation. Please run: `pip install prophet` to install.
2024-07-12 17:01:01,170:INFO:Engine for model 'gbr_cds_dt' has not been set explicitly, hence returning None.
2024-07-12 17:01:01,170:INFO:Engine for model 'ada_cds_dt' has not been set explicitly, hence returning None.
2024-07-12 17:01:01,170:INFO:Engine for model 'xgboost_cds_dt' has not been set explicitly, hence returning None.
2024-07-12 17:01:01,170:WARNING:
'xgboost' is a soft dependency and not included in the pycaret installation. Please run: `pip install xgboost` to install.
Alternately, you can install this by running `pip install pycaret[models]`
2024-07-12 17:01:01,170:WARNING:
'xgboost' is a soft dependency and not included in the pycaret installation. Please run: `pip install xgboost` to install.
Alternately, you can install this by running `pip install pycaret[models]`
2024-07-12 17:01:01,170:INFO:Engine for model 'lightgbm_cds_dt' has not been set explicitly, hence returning None.
2024-07-12 17:01:01,170:INFO:Engine for model 'catboost_cds_dt' has not been set explicitly, hence returning None.
2024-07-12 17:01:01,170:WARNING:
'catboost' is a soft dependency and not included in the pycaret installation. Please run: `pip install catboost` to install.
Alternately, you can install this by running `pip install pycaret[models]`
2024-07-12 17:01:01,170:WARNING:
'catboost' is a soft dependency and not included in the pycaret installation. Please run: `pip install catboost` to install.
Alternately, you can install this by running `pip install pycaret[models]`
2024-07-12 17:01:01,175:WARNING:
'prophet' is a soft dependency and not included in the pycaret installation. Please run: `pip install prophet` to install.
2024-07-12 17:01:01,181:INFO:Engine for model 'gbr_cds_dt' has not been set explicitly, hence returning None.
2024-07-12 17:01:01,182:INFO:Engine for model 'ada_cds_dt' has not been set explicitly, hence returning None.
2024-07-12 17:01:01,182:INFO:Engine for model 'xgboost_cds_dt' has not been set explicitly, hence returning None.
2024-07-12 17:01:01,182:WARNING:
'xgboost' is a soft dependency and not included in the pycaret installation. Please run: `pip install xgboost` to install.
Alternately, you can install this by running `pip install pycaret[models]`
2024-07-12 17:01:01,182:WARNING:
'xgboost' is a soft dependency and not included in the pycaret installation. Please run: `pip install xgboost` to install.
Alternately, you can install this by running `pip install pycaret[models]`
2024-07-12 17:01:01,182:INFO:Engine for model 'lightgbm_cds_dt' has not been set explicitly, hence returning None.
2024-07-12 17:01:01,183:INFO:Engine for model 'catboost_cds_dt' has not been set explicitly, hence returning None.
2024-07-12 17:01:01,183:WARNING:
'catboost' is a soft dependency and not included in the pycaret installation. Please run: `pip install catboost` to install.
Alternately, you can install this by running `pip install pycaret[models]`
2024-07-12 17:01:01,183:WARNING:
'catboost' is a soft dependency and not included in the pycaret installation. Please run: `pip install catboost` to install.
Alternately, you can install this by running `pip install pycaret[models]`
2024-07-12 17:01:01,183:INFO:Engine successfully changes for model 'gbr_cds_dt' to 'sklearn'.
2024-07-12 17:01:01,185:WARNING:
'prophet' is a soft dependency and not included in the pycaret installation. Please run: `pip install prophet` to install.
2024-07-12 17:01:01,191:INFO:Engine for model 'ada_cds_dt' has not been set explicitly, hence returning None.
2024-07-12 17:01:01,191:INFO:Engine for model 'xgboost_cds_dt' has not been set explicitly, hence returning None.
2024-07-12 17:01:01,191:WARNING:
'xgboost' is a soft dependency and not included in the pycaret installation. Please run: `pip install xgboost` to install.
Alternately, you can install this by running `pip install pycaret[models]`
2024-07-12 17:01:01,191:WARNING:
'xgboost' is a soft dependency and not included in the pycaret installation. Please run: `pip install xgboost` to install.
Alternately, you can install this by running `pip install pycaret[models]`
2024-07-12 17:01:01,191:INFO:Engine for model 'lightgbm_cds_dt' has not been set explicitly, hence returning None.
2024-07-12 17:01:01,191:INFO:Engine for model 'catboost_cds_dt' has not been set explicitly, hence returning None.
2024-07-12 17:01:01,191:WARNING:
'catboost' is a soft dependency and not included in the pycaret installation. Please run: `pip install catboost` to install.
Alternately, you can install this by running `pip install pycaret[models]`
2024-07-12 17:01:01,191:WARNING:
'catboost' is a soft dependency and not included in the pycaret installation. Please run: `pip install catboost` to install.
Alternately, you can install this by running `pip install pycaret[models]`
2024-07-12 17:01:01,195:WARNING:
'prophet' is a soft dependency and not included in the pycaret installation. Please run: `pip install prophet` to install.
2024-07-12 17:01:01,200:INFO:Engine for model 'ada_cds_dt' has not been set explicitly, hence returning None.
2024-07-12 17:01:01,201:INFO:Engine for model 'xgboost_cds_dt' has not been set explicitly, hence returning None.
2024-07-12 17:01:01,201:WARNING:
'xgboost' is a soft dependency and not included in the pycaret installation. Please run: `pip install xgboost` to install.
Alternately, you can install this by running `pip install pycaret[models]`
2024-07-12 17:01:01,201:WARNING:
'xgboost' is a soft dependency and not included in the pycaret installation. Please run: `pip install xgboost` to install.
Alternately, you can install this by running `pip install pycaret[models]`
2024-07-12 17:01:01,201:INFO:Engine for model 'lightgbm_cds_dt' has not been set explicitly, hence returning None.
2024-07-12 17:01:01,201:INFO:Engine for model 'catboost_cds_dt' has not been set explicitly, hence returning None.
2024-07-12 17:01:01,201:WARNING:
'catboost' is a soft dependency and not included in the pycaret installation. Please run: `pip install catboost` to install.
Alternately, you can install this by running `pip install pycaret[models]`
2024-07-12 17:01:01,201:WARNING:
'catboost' is a soft dependency and not included in the pycaret installation. Please run: `pip install catboost` to install.
Alternately, you can install this by running `pip install pycaret[models]`
2024-07-12 17:01:01,202:INFO:Engine successfully changes for model 'ada_cds_dt' to 'sklearn'.
2024-07-12 17:01:01,203:WARNING:
'prophet' is a soft dependency and not included in the pycaret installation. Please run: `pip install prophet` to install.
2024-07-12 17:01:01,210:INFO:Engine for model 'xgboost_cds_dt' has not been set explicitly, hence returning None.
2024-07-12 17:01:01,210:WARNING:
'xgboost' is a soft dependency and not included in the pycaret installation. Please run: `pip install xgboost` to install.
Alternately, you can install this by running `pip install pycaret[models]`
2024-07-12 17:01:01,210:WARNING:
'xgboost' is a soft dependency and not included in the pycaret installation. Please run: `pip install xgboost` to install.
Alternately, you can install this by running `pip install pycaret[models]`
2024-07-12 17:01:01,210:INFO:Engine for model 'lightgbm_cds_dt' has not been set explicitly, hence returning None.
2024-07-12 17:01:01,210:INFO:Engine for model 'catboost_cds_dt' has not been set explicitly, hence returning None.
2024-07-12 17:01:01,210:WARNING:
'catboost' is a soft dependency and not included in the pycaret installation. Please run: `pip install catboost` to install.
Alternately, you can install this by running `pip install pycaret[models]`
2024-07-12 17:01:01,210:WARNING:
'catboost' is a soft dependency and not included in the pycaret installation. Please run: `pip install catboost` to install.
Alternately, you can install this by running `pip install pycaret[models]`
2024-07-12 17:01:01,215:WARNING:
'prophet' is a soft dependency and not included in the pycaret installation. Please run: `pip install prophet` to install.
2024-07-12 17:01:01,220:INFO:Engine for model 'xgboost_cds_dt' has not been set explicitly, hence returning None.
2024-07-12 17:01:01,220:WARNING:
'xgboost' is a soft dependency and not included in the pycaret installation. Please run: `pip install xgboost` to install.
Alternately, you can install this by running `pip install pycaret[models]`
2024-07-12 17:01:01,220:WARNING:
'xgboost' is a soft dependency and not included in the pycaret installation. Please run: `pip install xgboost` to install.
Alternately, you can install this by running `pip install pycaret[models]`
2024-07-12 17:01:01,220:INFO:Engine for model 'lightgbm_cds_dt' has not been set explicitly, hence returning None.
2024-07-12 17:01:01,220:INFO:Engine for model 'catboost_cds_dt' has not been set explicitly, hence returning None.
2024-07-12 17:01:01,221:WARNING:
'catboost' is a soft dependency and not included in the pycaret installation. Please run: `pip install catboost` to install.
Alternately, you can install this by running `pip install pycaret[models]`
2024-07-12 17:01:01,221:WARNING:
'catboost' is a soft dependency and not included in the pycaret installation. Please run: `pip install catboost` to install.
Alternately, you can install this by running `pip install pycaret[models]`
2024-07-12 17:01:01,221:INFO:Engine successfully changes for model 'xgboost_cds_dt' to 'sklearn'.
2024-07-12 17:01:01,221:WARNING:
'prophet' is a soft dependency and not included in the pycaret installation. Please run: `pip install prophet` to install.
2024-07-12 17:01:01,228:WARNING:
'xgboost' is a soft dependency and not included in the pycaret installation. Please run: `pip install xgboost` to install.
Alternately, you can install this by running `pip install pycaret[models]`
2024-07-12 17:01:01,228:WARNING:
'xgboost' is a soft dependency and not included in the pycaret installation. Please run: `pip install xgboost` to install.
Alternately, you can install this by running `pip install pycaret[models]`
2024-07-12 17:01:01,228:INFO:Engine for model 'lightgbm_cds_dt' has not been set explicitly, hence returning None.
2024-07-12 17:01:01,228:INFO:Engine for model 'catboost_cds_dt' has not been set explicitly, hence returning None.
2024-07-12 17:01:01,228:WARNING:
'catboost' is a soft dependency and not included in the pycaret installation. Please run: `pip install catboost` to install.
Alternately, you can install this by running `pip install pycaret[models]`
2024-07-12 17:01:01,228:WARNING:
'catboost' is a soft dependency and not included in the pycaret installation. Please run: `pip install catboost` to install.
Alternately, you can install this by running `pip install pycaret[models]`
2024-07-12 17:01:01,232:WARNING:
'prophet' is a soft dependency and not included in the pycaret installation. Please run: `pip install prophet` to install.
2024-07-12 17:01:01,233:WARNING:
'xgboost' is a soft dependency and not included in the pycaret installation. Please run: `pip install xgboost` to install.
Alternately, you can install this by running `pip install pycaret[models]`
2024-07-12 17:01:01,233:WARNING:
'xgboost' is a soft dependency and not included in the pycaret installation. Please run: `pip install xgboost` to install.
Alternately, you can install this by running `pip install pycaret[models]`
2024-07-12 17:01:01,233:INFO:Engine for model 'lightgbm_cds_dt' has not been set explicitly, hence returning None.
2024-07-12 17:01:01,233:INFO:Engine for model 'catboost_cds_dt' has not been set explicitly, hence returning None.
2024-07-12 17:01:01,233:WARNING:
'catboost' is a soft dependency and not included in the pycaret installation. Please run: `pip install catboost` to install.
Alternately, you can install this by running `pip install pycaret[models]`
2024-07-12 17:01:01,233:WARNING:
'catboost' is a soft dependency and not included in the pycaret installation. Please run: `pip install catboost` to install.
Alternately, you can install this by running `pip install pycaret[models]`
2024-07-12 17:01:01,233:INFO:Engine successfully changes for model 'lightgbm_cds_dt' to 'sklearn'.
2024-07-12 17:01:01,240:WARNING:
'prophet' is a soft dependency and not included in the pycaret installation. Please run: `pip install prophet` to install.
2024-07-12 17:01:01,245:WARNING:
'xgboost' is a soft dependency and not included in the pycaret installation. Please run: `pip install xgboost` to install.
Alternately, you can install this by running `pip install pycaret[models]`
2024-07-12 17:01:01,245:WARNING:
'xgboost' is a soft dependency and not included in the pycaret installation. Please run: `pip install xgboost` to install.
Alternately, you can install this by running `pip install pycaret[models]`
2024-07-12 17:01:01,246:INFO:Engine for model 'catboost_cds_dt' has not been set explicitly, hence returning None.
2024-07-12 17:01:01,246:WARNING:
'catboost' is a soft dependency and not included in the pycaret installation. Please run: `pip install catboost` to install.
Alternately, you can install this by running `pip install pycaret[models]`
2024-07-12 17:01:01,246:WARNING:
'catboost' is a soft dependency and not included in the pycaret installation. Please run: `pip install catboost` to install.
Alternately, you can install this by running `pip install pycaret[models]`
2024-07-12 17:01:01,249:WARNING:
'prophet' is a soft dependency and not included in the pycaret installation. Please run: `pip install prophet` to install.
2024-07-12 17:01:01,252:WARNING:
'xgboost' is a soft dependency and not included in the pycaret installation. Please run: `pip install xgboost` to install.
Alternately, you can install this by running `pip install pycaret[models]`
2024-07-12 17:01:01,252:WARNING:
'xgboost' is a soft dependency and not included in the pycaret installation. Please run: `pip install xgboost` to install.
Alternately, you can install this by running `pip install pycaret[models]`
2024-07-12 17:01:01,252:INFO:Engine for model 'catboost_cds_dt' has not been set explicitly, hence returning None.
2024-07-12 17:01:01,252:WARNING:
'catboost' is a soft dependency and not included in the pycaret installation. Please run: `pip install catboost` to install.
Alternately, you can install this by running `pip install pycaret[models]`
2024-07-12 17:01:01,252:WARNING:
'catboost' is a soft dependency and not included in the pycaret installation. Please run: `pip install catboost` to install.
Alternately, you can install this by running `pip install pycaret[models]`
2024-07-12 17:01:01,252:INFO:Engine successfully changes for model 'catboost_cds_dt' to 'sklearn'.
2024-07-12 17:01:01,252:WARNING:
'prophet' is a soft dependency and not included in the pycaret installation. Please run: `pip install prophet` to install.
2024-07-12 17:01:01,260:WARNING:
'xgboost' is a soft dependency and not included in the pycaret installation. Please run: `pip install xgboost` to install.
Alternately, you can install this by running `pip install pycaret[models]`
2024-07-12 17:01:01,264:WARNING:
'xgboost' is a soft dependency and not included in the pycaret installation. Please run: `pip install xgboost` to install.
Alternately, you can install this by running `pip install pycaret[models]`
2024-07-12 17:01:01,264:WARNING:
'catboost' is a soft dependency and not included in the pycaret installation. Please run: `pip install catboost` to install.
Alternately, you can install this by running `pip install pycaret[models]`
2024-07-12 17:01:01,264:WARNING:
'catboost' is a soft dependency and not included in the pycaret installation. Please run: `pip install catboost` to install.
Alternately, you can install this by running `pip install pycaret[models]`
2024-07-12 17:01:01,267:WARNING:
'prophet' is a soft dependency and not included in the pycaret installation. Please run: `pip install prophet` to install.
2024-07-12 17:01:01,272:WARNING:
'xgboost' is a soft dependency and not included in the pycaret installation. Please run: `pip install xgboost` to install.
Alternately, you can install this by running `pip install pycaret[models]`
2024-07-12 17:01:01,272:WARNING:
'xgboost' is a soft dependency and not included in the pycaret installation. Please run: `pip install xgboost` to install.
Alternately, you can install this by running `pip install pycaret[models]`
2024-07-12 17:01:01,272:WARNING:
'catboost' is a soft dependency and not included in the pycaret installation. Please run: `pip install catboost` to install.
Alternately, you can install this by running `pip install pycaret[models]`
2024-07-12 17:01:01,272:WARNING:
'catboost' is a soft dependency and not included in the pycaret installation. Please run: `pip install catboost` to install.
Alternately, you can install this by running `pip install pycaret[models]`
2024-07-12 17:01:01,275:WARNING:
'prophet' is a soft dependency and not included in the pycaret installation. Please run: `pip install prophet` to install.
2024-07-12 17:01:01,284:WARNING:
'xgboost' is a soft dependency and not included in the pycaret installation. Please run: `pip install xgboost` to install.
Alternately, you can install this by running `pip install pycaret[models]`
2024-07-12 17:01:01,284:WARNING:
'xgboost' is a soft dependency and not included in the pycaret installation. Please run: `pip install xgboost` to install.
Alternately, you can install this by running `pip install pycaret[models]`
2024-07-12 17:01:01,284:WARNING:
'catboost' is a soft dependency and not included in the pycaret installation. Please run: `pip install catboost` to install.
Alternately, you can install this by running `pip install pycaret[models]`
2024-07-12 17:01:01,284:WARNING:
'catboost' is a soft dependency and not included in the pycaret installation. Please run: `pip install catboost` to install.
Alternately, you can install this by running `pip install pycaret[models]`
2024-07-12 17:01:01,287:WARNING:
'prophet' is a soft dependency and not included in the pycaret installation. Please run: `pip install prophet` to install.
2024-07-12 17:01:01,291:WARNING:
'xgboost' is a soft dependency and not included in the pycaret installation. Please run: `pip install xgboost` to install.
Alternately, you can install this by running `pip install pycaret[models]`
2024-07-12 17:01:01,291:WARNING:
'xgboost' is a soft dependency and not included in the pycaret installation. Please run: `pip install xgboost` to install.
Alternately, you can install this by running `pip install pycaret[models]`
2024-07-12 17:01:01,291:WARNING:
'catboost' is a soft dependency and not included in the pycaret installation. Please run: `pip install catboost` to install.
Alternately, you can install this by running `pip install pycaret[models]`
2024-07-12 17:01:01,291:WARNING:
'catboost' is a soft dependency and not included in the pycaret installation. Please run: `pip install catboost` to install.
Alternately, you can install this by running `pip install pycaret[models]`
2024-07-12 17:01:01,291:WARNING:c:\Users\clayton\AppData\Local\anaconda3\envs\myenv\lib\site-packages\pycaret\internal\metrics.py:51: FutureWarning: The `needs_threshold` and `needs_proba` parameter are deprecated in version 1.4 and will be removed in 1.6. You can either let `response_method` be `None` or set it to `predict` to preserve the same behaviour.
  warnings.warn(

2024-07-12 17:01:01,296:INFO:setup() successfully completed in 0.73s...............
2024-07-12 17:01:02,911:INFO:Visual Rendered Successfully
2024-07-12 17:01:02,986:INFO:Visual Rendered Successfully
2024-07-12 17:01:04,234:INFO:Visual Rendered Successfully
2024-07-12 17:01:04,252:INFO:Initializing compare_models()
2024-07-12 17:01:04,252:INFO:compare_models(self=<pycaret.time_series.forecasting.oop.TSForecastingExperiment object at 0x000002344CCA3F10>, include=None, fold=None, round=4, cross_validation=True, sort=RMSE, n_select=1, budget_time=None, turbo=True, errors=ignore, fit_kwargs=None, groups=None, experiment_custom_tags=None, probability_threshold=None, verbose=True, parallel=None, caller_params={'self': <pycaret.time_series.forecasting.oop.TSForecastingExperiment object at 0x000002344CCA3F10>, 'include': None, 'exclude': None, 'fold': None, 'round': 4, 'cross_validation': True, 'sort': 'RMSE', 'n_select': 1, 'budget_time': None, 'turbo': True, 'errors': 'ignore', 'fit_kwargs': None, 'experiment_custom_tags': None, 'engine': None, 'verbose': True, 'parallel': None, '__class__': <class 'pycaret.time_series.forecasting.oop.TSForecastingExperiment'>}, exclude=None)
2024-07-12 17:01:04,252:INFO:Checking exceptions
2024-07-12 17:01:04,261:INFO:Preparing display monitor
2024-07-12 17:01:04,285:WARNING:c:\Users\clayton\AppData\Local\anaconda3\envs\myenv\lib\site-packages\pycaret\internal\pycaret_experiment\supervised_experiment.py:713: UserWarning:

Unsupported estimator `ensemble_forecaster` for method `compare_models()`, removing from model_library


2024-07-12 17:01:04,285:INFO:Initializing Naive Forecaster
2024-07-12 17:01:04,285:INFO:Total runtime is 0.0 minutes
2024-07-12 17:01:04,290:INFO:SubProcess create_model() called ==================================
2024-07-12 17:01:04,291:INFO:Initializing create_model()
2024-07-12 17:01:04,291:INFO:create_model(self=<pycaret.time_series.forecasting.oop.TSForecastingExperiment object at 0x000002344CCA3F10>, estimator=naive, fold=None, round=4, cross_validation=True, predict=True, fit_kwargs={}, groups=None, refit=False, probability_threshold=None, experiment_custom_tags=None, verbose=False, system=False, add_to_model_list=True, metrics=None, display=<pycaret.internal.display.display.CommonDisplay object at 0x00000234A79C4820>, model_only=True, return_train_score=False, error_score=0.0, kwargs={})
2024-07-12 17:01:04,291:INFO:Checking exceptions
2024-07-12 17:01:04,291:INFO:Importing libraries
2024-07-12 17:01:04,291:INFO:Copying training dataset
2024-07-12 17:01:04,296:INFO:Defining folds
2024-07-12 17:01:04,296:INFO:Declaring metric variables
2024-07-12 17:01:04,300:INFO:Importing untrained model
2024-07-12 17:01:04,304:INFO:Naive Forecaster Imported successfully
2024-07-12 17:01:04,320:INFO:Starting cross validation
2024-07-12 17:01:04,322:INFO:Cross validating with ExpandingWindowSplitter(fh=ForecastingHorizon([1, 2, 3], dtype='int32', is_relative=True),
                        initial_window=217, step_length=3), n_jobs=-1
2024-07-12 17:01:08,268:INFO:Calculating mean and std
2024-07-12 17:01:08,271:INFO:Creating metrics dataframe
2024-07-12 17:01:08,275:WARNING:c:\Users\clayton\AppData\Local\anaconda3\envs\myenv\lib\site-packages\pycaret\time_series\forecasting\oop.py:2694: FutureWarning:

The behavior of DataFrame concatenation with empty or all-NA entries is deprecated. In a future version, this will no longer exclude empty or all-NA columns when determining the result dtypes. To retain the old behavior, exclude the relevant entries before the concat operation.


2024-07-12 17:01:08,278:INFO:Uploading results into container
2024-07-12 17:01:08,278:INFO:Uploading model into container now
2024-07-12 17:01:08,278:INFO:_master_model_container: 1
2024-07-12 17:01:08,278:INFO:_display_container: 2
2024-07-12 17:01:08,278:INFO:NaiveForecaster()
2024-07-12 17:01:08,278:INFO:create_model() successfully completed......................................
2024-07-12 17:01:08,459:INFO:SubProcess create_model() end ==================================
2024-07-12 17:01:08,459:INFO:Creating metrics dataframe
2024-07-12 17:01:08,466:INFO:Initializing Grand Means Forecaster
2024-07-12 17:01:08,466:INFO:Total runtime is 0.06968661944071451 minutes
2024-07-12 17:01:08,468:INFO:SubProcess create_model() called ==================================
2024-07-12 17:01:08,468:INFO:Initializing create_model()
2024-07-12 17:01:08,469:INFO:create_model(self=<pycaret.time_series.forecasting.oop.TSForecastingExperiment object at 0x000002344CCA3F10>, estimator=grand_means, fold=None, round=4, cross_validation=True, predict=True, fit_kwargs={}, groups=None, refit=False, probability_threshold=None, experiment_custom_tags=None, verbose=False, system=False, add_to_model_list=True, metrics=None, display=<pycaret.internal.display.display.CommonDisplay object at 0x00000234A79C4820>, model_only=True, return_train_score=False, error_score=0.0, kwargs={})
2024-07-12 17:01:08,469:INFO:Checking exceptions
2024-07-12 17:01:08,469:INFO:Importing libraries
2024-07-12 17:01:08,469:INFO:Copying training dataset
2024-07-12 17:01:08,474:INFO:Defining folds
2024-07-12 17:01:08,478:INFO:Declaring metric variables
2024-07-12 17:01:08,484:INFO:Importing untrained model
2024-07-12 17:01:08,490:INFO:Grand Means Forecaster Imported successfully
2024-07-12 17:01:08,503:INFO:Starting cross validation
2024-07-12 17:01:08,504:INFO:Cross validating with ExpandingWindowSplitter(fh=ForecastingHorizon([1, 2, 3], dtype='int32', is_relative=True),
                        initial_window=217, step_length=3), n_jobs=-1
2024-07-12 17:01:11,272:INFO:Calculating mean and std
2024-07-12 17:01:11,275:INFO:Creating metrics dataframe
2024-07-12 17:01:11,275:WARNING:c:\Users\clayton\AppData\Local\anaconda3\envs\myenv\lib\site-packages\pycaret\time_series\forecasting\oop.py:2694: FutureWarning:

The behavior of DataFrame concatenation with empty or all-NA entries is deprecated. In a future version, this will no longer exclude empty or all-NA columns when determining the result dtypes. To retain the old behavior, exclude the relevant entries before the concat operation.


2024-07-12 17:01:11,275:INFO:Uploading results into container
2024-07-12 17:01:11,275:INFO:Uploading model into container now
2024-07-12 17:01:11,280:INFO:_master_model_container: 2
2024-07-12 17:01:11,280:INFO:_display_container: 2
2024-07-12 17:01:11,280:INFO:NaiveForecaster(strategy='mean')
2024-07-12 17:01:11,280:INFO:create_model() successfully completed......................................
2024-07-12 17:01:11,424:INFO:SubProcess create_model() end ==================================
2024-07-12 17:01:11,424:INFO:Creating metrics dataframe
2024-07-12 17:01:11,435:INFO:Initializing Seasonal Naive Forecaster
2024-07-12 17:01:11,435:INFO:Total runtime is 0.11916451454162597 minutes
2024-07-12 17:01:11,435:INFO:SubProcess create_model() called ==================================
2024-07-12 17:01:11,435:INFO:Initializing create_model()
2024-07-12 17:01:11,435:INFO:create_model(self=<pycaret.time_series.forecasting.oop.TSForecastingExperiment object at 0x000002344CCA3F10>, estimator=snaive, fold=None, round=4, cross_validation=True, predict=True, fit_kwargs={}, groups=None, refit=False, probability_threshold=None, experiment_custom_tags=None, verbose=False, system=False, add_to_model_list=True, metrics=None, display=<pycaret.internal.display.display.CommonDisplay object at 0x00000234A79C4820>, model_only=True, return_train_score=False, error_score=0.0, kwargs={})
2024-07-12 17:01:11,435:INFO:Checking exceptions
2024-07-12 17:01:11,435:INFO:Importing libraries
2024-07-12 17:01:11,435:INFO:Copying training dataset
2024-07-12 17:01:11,441:INFO:Defining folds
2024-07-12 17:01:11,441:INFO:Declaring metric variables
2024-07-12 17:01:11,441:INFO:Importing untrained model
2024-07-12 17:01:11,441:INFO:Seasonal Naive Forecaster Imported successfully
2024-07-12 17:01:11,456:INFO:Starting cross validation
2024-07-12 17:01:11,457:INFO:Cross validating with ExpandingWindowSplitter(fh=ForecastingHorizon([1, 2, 3], dtype='int32', is_relative=True),
                        initial_window=217, step_length=3), n_jobs=-1
2024-07-12 17:01:14,065:INFO:Calculating mean and std
2024-07-12 17:01:14,066:INFO:Creating metrics dataframe
2024-07-12 17:01:14,069:WARNING:c:\Users\clayton\AppData\Local\anaconda3\envs\myenv\lib\site-packages\pycaret\time_series\forecasting\oop.py:2694: FutureWarning:

The behavior of DataFrame concatenation with empty or all-NA entries is deprecated. In a future version, this will no longer exclude empty or all-NA columns when determining the result dtypes. To retain the old behavior, exclude the relevant entries before the concat operation.


2024-07-12 17:01:14,072:INFO:Uploading results into container
2024-07-12 17:01:14,072:INFO:Uploading model into container now
2024-07-12 17:01:14,072:INFO:_master_model_container: 3
2024-07-12 17:01:14,073:INFO:_display_container: 2
2024-07-12 17:01:14,073:INFO:NaiveForecaster(sp=2)
2024-07-12 17:01:14,073:INFO:create_model() successfully completed......................................
2024-07-12 17:01:14,228:INFO:SubProcess create_model() end ==================================
2024-07-12 17:01:14,228:INFO:Creating metrics dataframe
2024-07-12 17:01:14,233:INFO:Initializing Polynomial Trend Forecaster
2024-07-12 17:01:14,233:INFO:Total runtime is 0.1658028801282247 minutes
2024-07-12 17:01:14,233:INFO:SubProcess create_model() called ==================================
2024-07-12 17:01:14,239:INFO:Initializing create_model()
2024-07-12 17:01:14,239:INFO:create_model(self=<pycaret.time_series.forecasting.oop.TSForecastingExperiment object at 0x000002344CCA3F10>, estimator=polytrend, fold=None, round=4, cross_validation=True, predict=True, fit_kwargs={}, groups=None, refit=False, probability_threshold=None, experiment_custom_tags=None, verbose=False, system=False, add_to_model_list=True, metrics=None, display=<pycaret.internal.display.display.CommonDisplay object at 0x00000234A79C4820>, model_only=True, return_train_score=False, error_score=0.0, kwargs={})
2024-07-12 17:01:14,239:INFO:Checking exceptions
2024-07-12 17:01:14,239:INFO:Importing libraries
2024-07-12 17:01:14,239:INFO:Copying training dataset
2024-07-12 17:01:14,244:INFO:Defining folds
2024-07-12 17:01:14,244:INFO:Declaring metric variables
2024-07-12 17:01:14,248:INFO:Importing untrained model
2024-07-12 17:01:14,250:INFO:Polynomial Trend Forecaster Imported successfully
2024-07-12 17:01:14,259:INFO:Starting cross validation
2024-07-12 17:01:14,260:INFO:Cross validating with ExpandingWindowSplitter(fh=ForecastingHorizon([1, 2, 3], dtype='int32', is_relative=True),
                        initial_window=217, step_length=3), n_jobs=-1
2024-07-12 17:01:16,843:INFO:Calculating mean and std
2024-07-12 17:01:16,843:INFO:Creating metrics dataframe
2024-07-12 17:01:16,846:WARNING:c:\Users\clayton\AppData\Local\anaconda3\envs\myenv\lib\site-packages\pycaret\time_series\forecasting\oop.py:2694: FutureWarning:

The behavior of DataFrame concatenation with empty or all-NA entries is deprecated. In a future version, this will no longer exclude empty or all-NA columns when determining the result dtypes. To retain the old behavior, exclude the relevant entries before the concat operation.


2024-07-12 17:01:16,850:INFO:Uploading results into container
2024-07-12 17:01:16,850:INFO:Uploading model into container now
2024-07-12 17:01:16,851:INFO:_master_model_container: 4
2024-07-12 17:01:16,851:INFO:_display_container: 2
2024-07-12 17:01:16,851:INFO:PolynomialTrendForecaster()
2024-07-12 17:01:16,851:INFO:create_model() successfully completed......................................
2024-07-12 17:01:17,000:INFO:SubProcess create_model() end ==================================
2024-07-12 17:01:17,000:INFO:Creating metrics dataframe
2024-07-12 17:01:17,002:INFO:Initializing ARIMA
2024-07-12 17:01:17,002:INFO:Total runtime is 0.21194792191187542 minutes
2024-07-12 17:01:17,010:INFO:SubProcess create_model() called ==================================
2024-07-12 17:01:17,010:INFO:Initializing create_model()
2024-07-12 17:01:17,010:INFO:create_model(self=<pycaret.time_series.forecasting.oop.TSForecastingExperiment object at 0x000002344CCA3F10>, estimator=arima, fold=None, round=4, cross_validation=True, predict=True, fit_kwargs={}, groups=None, refit=False, probability_threshold=None, experiment_custom_tags=None, verbose=False, system=False, add_to_model_list=True, metrics=None, display=<pycaret.internal.display.display.CommonDisplay object at 0x00000234A79C4820>, model_only=True, return_train_score=False, error_score=0.0, kwargs={})
2024-07-12 17:01:17,010:INFO:Checking exceptions
2024-07-12 17:01:17,011:INFO:Importing libraries
2024-07-12 17:01:17,011:INFO:Copying training dataset
2024-07-12 17:01:17,013:INFO:Defining folds
2024-07-12 17:01:17,013:INFO:Declaring metric variables
2024-07-12 17:01:17,013:INFO:Importing untrained model
2024-07-12 17:01:17,020:INFO:ARIMA Imported successfully
2024-07-12 17:01:17,028:INFO:Starting cross validation
2024-07-12 17:01:17,030:INFO:Cross validating with ExpandingWindowSplitter(fh=ForecastingHorizon([1, 2, 3], dtype='int32', is_relative=True),
                        initial_window=217, step_length=3), n_jobs=-1
2024-07-12 17:01:19,699:INFO:Calculating mean and std
2024-07-12 17:01:19,700:INFO:Creating metrics dataframe
2024-07-12 17:01:19,704:WARNING:c:\Users\clayton\AppData\Local\anaconda3\envs\myenv\lib\site-packages\pycaret\time_series\forecasting\oop.py:2694: FutureWarning:

The behavior of DataFrame concatenation with empty or all-NA entries is deprecated. In a future version, this will no longer exclude empty or all-NA columns when determining the result dtypes. To retain the old behavior, exclude the relevant entries before the concat operation.


2024-07-12 17:01:19,707:INFO:Uploading results into container
2024-07-12 17:01:19,707:INFO:Uploading model into container now
2024-07-12 17:01:19,709:INFO:_master_model_container: 5
2024-07-12 17:01:19,710:INFO:_display_container: 2
2024-07-12 17:01:19,711:INFO:ARIMA(seasonal_order=(0, 1, 0, 2))
2024-07-12 17:01:19,711:INFO:create_model() successfully completed......................................
2024-07-12 17:01:19,864:INFO:SubProcess create_model() end ==================================
2024-07-12 17:01:19,865:INFO:Creating metrics dataframe
2024-07-12 17:01:19,873:INFO:Initializing Auto ARIMA
2024-07-12 17:01:19,873:INFO:Total runtime is 0.25980632702509565 minutes
2024-07-12 17:01:19,873:INFO:SubProcess create_model() called ==================================
2024-07-12 17:01:19,873:INFO:Initializing create_model()
2024-07-12 17:01:19,873:INFO:create_model(self=<pycaret.time_series.forecasting.oop.TSForecastingExperiment object at 0x000002344CCA3F10>, estimator=auto_arima, fold=None, round=4, cross_validation=True, predict=True, fit_kwargs={}, groups=None, refit=False, probability_threshold=None, experiment_custom_tags=None, verbose=False, system=False, add_to_model_list=True, metrics=None, display=<pycaret.internal.display.display.CommonDisplay object at 0x00000234A79C4820>, model_only=True, return_train_score=False, error_score=0.0, kwargs={})
2024-07-12 17:01:19,873:INFO:Checking exceptions
2024-07-12 17:01:19,873:INFO:Importing libraries
2024-07-12 17:01:19,873:INFO:Copying training dataset
2024-07-12 17:01:19,881:INFO:Defining folds
2024-07-12 17:01:19,882:INFO:Declaring metric variables
2024-07-12 17:01:19,884:INFO:Importing untrained model
2024-07-12 17:01:19,890:INFO:Auto ARIMA Imported successfully
2024-07-12 17:01:19,897:INFO:Starting cross validation
2024-07-12 17:01:19,899:INFO:Cross validating with ExpandingWindowSplitter(fh=ForecastingHorizon([1, 2, 3], dtype='int32', is_relative=True),
                        initial_window=217, step_length=3), n_jobs=-1
2024-07-12 17:01:23,101:INFO:Calculating mean and std
2024-07-12 17:01:23,103:INFO:Creating metrics dataframe
2024-07-12 17:01:23,105:WARNING:c:\Users\clayton\AppData\Local\anaconda3\envs\myenv\lib\site-packages\pycaret\time_series\forecasting\oop.py:2694: FutureWarning:

The behavior of DataFrame concatenation with empty or all-NA entries is deprecated. In a future version, this will no longer exclude empty or all-NA columns when determining the result dtypes. To retain the old behavior, exclude the relevant entries before the concat operation.


2024-07-12 17:01:23,105:INFO:Uploading results into container
2024-07-12 17:01:23,105:INFO:Uploading model into container now
2024-07-12 17:01:23,105:INFO:_master_model_container: 6
2024-07-12 17:01:23,105:INFO:_display_container: 2
2024-07-12 17:01:23,110:INFO:AutoARIMA(random_state=5117, sp=2, suppress_warnings=True)
2024-07-12 17:01:23,110:INFO:create_model() successfully completed......................................
2024-07-12 17:01:23,255:INFO:SubProcess create_model() end ==================================
2024-07-12 17:01:23,255:INFO:Creating metrics dataframe
2024-07-12 17:01:23,262:INFO:Initializing Exponential Smoothing
2024-07-12 17:01:23,262:INFO:Total runtime is 0.316295341650645 minutes
2024-07-12 17:01:23,270:INFO:SubProcess create_model() called ==================================
2024-07-12 17:01:23,270:INFO:Initializing create_model()
2024-07-12 17:01:23,270:INFO:create_model(self=<pycaret.time_series.forecasting.oop.TSForecastingExperiment object at 0x000002344CCA3F10>, estimator=exp_smooth, fold=None, round=4, cross_validation=True, predict=True, fit_kwargs={}, groups=None, refit=False, probability_threshold=None, experiment_custom_tags=None, verbose=False, system=False, add_to_model_list=True, metrics=None, display=<pycaret.internal.display.display.CommonDisplay object at 0x00000234A79C4820>, model_only=True, return_train_score=False, error_score=0.0, kwargs={})
2024-07-12 17:01:23,270:INFO:Checking exceptions
2024-07-12 17:01:23,270:INFO:Importing libraries
2024-07-12 17:01:23,270:INFO:Copying training dataset
2024-07-12 17:01:23,275:INFO:Defining folds
2024-07-12 17:01:23,275:INFO:Declaring metric variables
2024-07-12 17:01:23,275:INFO:Importing untrained model
2024-07-12 17:01:23,283:INFO:Exponential Smoothing Imported successfully
2024-07-12 17:01:23,290:INFO:Starting cross validation
2024-07-12 17:01:23,291:INFO:Cross validating with ExpandingWindowSplitter(fh=ForecastingHorizon([1, 2, 3], dtype='int32', is_relative=True),
                        initial_window=217, step_length=3), n_jobs=-1
2024-07-12 17:01:23,396:WARNING:c:\Users\clayton\AppData\Local\anaconda3\envs\myenv\lib\site-packages\statsmodels\tsa\holtwinters\model.py:917: ConvergenceWarning: Optimization failed to converge. Check mle_retvals.
  warnings.warn(

2024-07-12 17:01:23,397:WARNING:c:\Users\clayton\AppData\Local\anaconda3\envs\myenv\lib\site-packages\statsmodels\tsa\holtwinters\model.py:917: ConvergenceWarning: Optimization failed to converge. Check mle_retvals.
  warnings.warn(

2024-07-12 17:01:23,397:WARNING:c:\Users\clayton\AppData\Local\anaconda3\envs\myenv\lib\site-packages\statsmodels\tsa\holtwinters\model.py:917: ConvergenceWarning: Optimization failed to converge. Check mle_retvals.
  warnings.warn(

2024-07-12 17:01:23,419:INFO:Calculating mean and std
2024-07-12 17:01:23,420:INFO:Creating metrics dataframe
2024-07-12 17:01:23,424:WARNING:c:\Users\clayton\AppData\Local\anaconda3\envs\myenv\lib\site-packages\pycaret\time_series\forecasting\oop.py:2694: FutureWarning:

The behavior of DataFrame concatenation with empty or all-NA entries is deprecated. In a future version, this will no longer exclude empty or all-NA columns when determining the result dtypes. To retain the old behavior, exclude the relevant entries before the concat operation.


2024-07-12 17:01:23,424:INFO:Uploading results into container
2024-07-12 17:01:23,424:INFO:Uploading model into container now
2024-07-12 17:01:23,424:INFO:_master_model_container: 7
2024-07-12 17:01:23,424:INFO:_display_container: 2
2024-07-12 17:01:23,424:INFO:ExponentialSmoothing(seasonal='mul', sp=2, trend='add')
2024-07-12 17:01:23,424:INFO:create_model() successfully completed......................................
2024-07-12 17:01:23,571:INFO:SubProcess create_model() end ==================================
2024-07-12 17:01:23,571:INFO:Creating metrics dataframe
2024-07-12 17:01:23,579:INFO:Initializing ETS
2024-07-12 17:01:23,580:INFO:Total runtime is 0.3215961813926697 minutes
2024-07-12 17:01:23,582:INFO:SubProcess create_model() called ==================================
2024-07-12 17:01:23,582:INFO:Initializing create_model()
2024-07-12 17:01:23,582:INFO:create_model(self=<pycaret.time_series.forecasting.oop.TSForecastingExperiment object at 0x000002344CCA3F10>, estimator=ets, fold=None, round=4, cross_validation=True, predict=True, fit_kwargs={}, groups=None, refit=False, probability_threshold=None, experiment_custom_tags=None, verbose=False, system=False, add_to_model_list=True, metrics=None, display=<pycaret.internal.display.display.CommonDisplay object at 0x00000234A79C4820>, model_only=True, return_train_score=False, error_score=0.0, kwargs={})
2024-07-12 17:01:23,582:INFO:Checking exceptions
2024-07-12 17:01:23,582:INFO:Importing libraries
2024-07-12 17:01:23,582:INFO:Copying training dataset
2024-07-12 17:01:23,588:INFO:Defining folds
2024-07-12 17:01:23,589:INFO:Declaring metric variables
2024-07-12 17:01:23,592:INFO:Importing untrained model
2024-07-12 17:01:23,596:INFO:ETS Imported successfully
2024-07-12 17:01:23,603:INFO:Starting cross validation
2024-07-12 17:01:23,604:INFO:Cross validating with ExpandingWindowSplitter(fh=ForecastingHorizon([1, 2, 3], dtype='int32', is_relative=True),
                        initial_window=217, step_length=3), n_jobs=-1
2024-07-12 17:01:23,761:INFO:Calculating mean and std
2024-07-12 17:01:23,763:INFO:Creating metrics dataframe
2024-07-12 17:01:23,766:WARNING:c:\Users\clayton\AppData\Local\anaconda3\envs\myenv\lib\site-packages\pycaret\time_series\forecasting\oop.py:2694: FutureWarning:

The behavior of DataFrame concatenation with empty or all-NA entries is deprecated. In a future version, this will no longer exclude empty or all-NA columns when determining the result dtypes. To retain the old behavior, exclude the relevant entries before the concat operation.


2024-07-12 17:01:23,767:INFO:Uploading results into container
2024-07-12 17:01:23,767:INFO:Uploading model into container now
2024-07-12 17:01:23,768:INFO:_master_model_container: 8
2024-07-12 17:01:23,768:INFO:_display_container: 2
2024-07-12 17:01:23,769:INFO:AutoETS(seasonal='mul', sp=2, trend='add')
2024-07-12 17:01:23,769:INFO:create_model() successfully completed......................................
2024-07-12 17:01:23,930:INFO:SubProcess create_model() end ==================================
2024-07-12 17:01:23,930:INFO:Creating metrics dataframe
2024-07-12 17:01:23,940:INFO:Initializing Theta Forecaster
2024-07-12 17:01:23,941:INFO:Total runtime is 0.3276099761327108 minutes
2024-07-12 17:01:23,944:INFO:SubProcess create_model() called ==================================
2024-07-12 17:01:23,944:INFO:Initializing create_model()
2024-07-12 17:01:23,944:INFO:create_model(self=<pycaret.time_series.forecasting.oop.TSForecastingExperiment object at 0x000002344CCA3F10>, estimator=theta, fold=None, round=4, cross_validation=True, predict=True, fit_kwargs={}, groups=None, refit=False, probability_threshold=None, experiment_custom_tags=None, verbose=False, system=False, add_to_model_list=True, metrics=None, display=<pycaret.internal.display.display.CommonDisplay object at 0x00000234A79C4820>, model_only=True, return_train_score=False, error_score=0.0, kwargs={})
2024-07-12 17:01:23,944:INFO:Checking exceptions
2024-07-12 17:01:23,944:INFO:Importing libraries
2024-07-12 17:01:23,944:INFO:Copying training dataset
2024-07-12 17:01:23,944:INFO:Defining folds
2024-07-12 17:01:23,944:INFO:Declaring metric variables
2024-07-12 17:01:23,950:INFO:Importing untrained model
2024-07-12 17:01:23,955:INFO:Theta Forecaster Imported successfully
2024-07-12 17:01:23,961:INFO:Starting cross validation
2024-07-12 17:01:23,961:INFO:Cross validating with ExpandingWindowSplitter(fh=ForecastingHorizon([1, 2, 3], dtype='int32', is_relative=True),
                        initial_window=217, step_length=3), n_jobs=-1
2024-07-12 17:01:24,013:WARNING:c:\Users\clayton\AppData\Local\anaconda3\envs\myenv\lib\site-packages\statsmodels\tsa\holtwinters\model.py:917: ConvergenceWarning: Optimization failed to converge. Check mle_retvals.
  warnings.warn(

2024-07-12 17:01:24,013:WARNING:c:\Users\clayton\AppData\Local\anaconda3\envs\myenv\lib\site-packages\statsmodels\tsa\holtwinters\model.py:917: ConvergenceWarning: Optimization failed to converge. Check mle_retvals.
  warnings.warn(

2024-07-12 17:01:24,052:INFO:Calculating mean and std
2024-07-12 17:01:24,053:INFO:Creating metrics dataframe
2024-07-12 17:01:24,054:WARNING:c:\Users\clayton\AppData\Local\anaconda3\envs\myenv\lib\site-packages\pycaret\time_series\forecasting\oop.py:2694: FutureWarning:

The behavior of DataFrame concatenation with empty or all-NA entries is deprecated. In a future version, this will no longer exclude empty or all-NA columns when determining the result dtypes. To retain the old behavior, exclude the relevant entries before the concat operation.


2024-07-12 17:01:24,054:INFO:Uploading results into container
2024-07-12 17:01:24,054:INFO:Uploading model into container now
2024-07-12 17:01:24,054:INFO:_master_model_container: 9
2024-07-12 17:01:24,054:INFO:_display_container: 2
2024-07-12 17:01:24,054:INFO:ThetaForecaster(sp=2)
2024-07-12 17:01:24,054:INFO:create_model() successfully completed......................................
2024-07-12 17:01:24,192:INFO:SubProcess create_model() end ==================================
2024-07-12 17:01:24,192:INFO:Creating metrics dataframe
2024-07-12 17:01:24,202:INFO:Initializing STLF
2024-07-12 17:01:24,202:INFO:Total runtime is 0.33195852835973105 minutes
2024-07-12 17:01:24,204:INFO:SubProcess create_model() called ==================================
2024-07-12 17:01:24,204:INFO:Initializing create_model()
2024-07-12 17:01:24,204:INFO:create_model(self=<pycaret.time_series.forecasting.oop.TSForecastingExperiment object at 0x000002344CCA3F10>, estimator=stlf, fold=None, round=4, cross_validation=True, predict=True, fit_kwargs={}, groups=None, refit=False, probability_threshold=None, experiment_custom_tags=None, verbose=False, system=False, add_to_model_list=True, metrics=None, display=<pycaret.internal.display.display.CommonDisplay object at 0x00000234A79C4820>, model_only=True, return_train_score=False, error_score=0.0, kwargs={})
2024-07-12 17:01:24,204:INFO:Checking exceptions
2024-07-12 17:01:24,204:INFO:Importing libraries
2024-07-12 17:01:24,204:INFO:Copying training dataset
2024-07-12 17:01:24,210:INFO:Defining folds
2024-07-12 17:01:24,210:INFO:Declaring metric variables
2024-07-12 17:01:24,214:INFO:Importing untrained model
2024-07-12 17:01:24,217:INFO:STLF Imported successfully
2024-07-12 17:01:24,225:INFO:Starting cross validation
2024-07-12 17:01:24,226:INFO:Cross validating with ExpandingWindowSplitter(fh=ForecastingHorizon([1, 2, 3], dtype='int32', is_relative=True),
                        initial_window=217, step_length=3), n_jobs=-1
2024-07-12 17:01:24,340:INFO:Calculating mean and std
2024-07-12 17:01:24,341:INFO:Creating metrics dataframe
2024-07-12 17:01:24,344:WARNING:c:\Users\clayton\AppData\Local\anaconda3\envs\myenv\lib\site-packages\pycaret\time_series\forecasting\oop.py:2694: FutureWarning:

The behavior of DataFrame concatenation with empty or all-NA entries is deprecated. In a future version, this will no longer exclude empty or all-NA columns when determining the result dtypes. To retain the old behavior, exclude the relevant entries before the concat operation.


2024-07-12 17:01:24,344:INFO:Uploading results into container
2024-07-12 17:01:24,344:INFO:Uploading model into container now
2024-07-12 17:01:24,344:INFO:_master_model_container: 10
2024-07-12 17:01:24,344:INFO:_display_container: 2
2024-07-12 17:01:24,344:INFO:STLForecaster()
2024-07-12 17:01:24,344:INFO:create_model() successfully completed......................................
2024-07-12 17:01:24,486:INFO:SubProcess create_model() end ==================================
2024-07-12 17:01:24,486:INFO:Creating metrics dataframe
2024-07-12 17:01:24,492:INFO:Initializing Croston
2024-07-12 17:01:24,492:INFO:Total runtime is 0.33678314288457234 minutes
2024-07-12 17:01:24,492:INFO:SubProcess create_model() called ==================================
2024-07-12 17:01:24,499:INFO:Initializing create_model()
2024-07-12 17:01:24,499:INFO:create_model(self=<pycaret.time_series.forecasting.oop.TSForecastingExperiment object at 0x000002344CCA3F10>, estimator=croston, fold=None, round=4, cross_validation=True, predict=True, fit_kwargs={}, groups=None, refit=False, probability_threshold=None, experiment_custom_tags=None, verbose=False, system=False, add_to_model_list=True, metrics=None, display=<pycaret.internal.display.display.CommonDisplay object at 0x00000234A79C4820>, model_only=True, return_train_score=False, error_score=0.0, kwargs={})
2024-07-12 17:01:24,499:INFO:Checking exceptions
2024-07-12 17:01:24,499:INFO:Importing libraries
2024-07-12 17:01:24,499:INFO:Copying training dataset
2024-07-12 17:01:24,502:INFO:Defining folds
2024-07-12 17:01:24,502:INFO:Declaring metric variables
2024-07-12 17:01:24,504:INFO:Importing untrained model
2024-07-12 17:01:24,510:INFO:Croston Imported successfully
2024-07-12 17:01:24,511:INFO:Starting cross validation
2024-07-12 17:01:24,518:INFO:Cross validating with ExpandingWindowSplitter(fh=ForecastingHorizon([1, 2, 3], dtype='int32', is_relative=True),
                        initial_window=217, step_length=3), n_jobs=-1
2024-07-12 17:01:24,556:INFO:Calculating mean and std
2024-07-12 17:01:24,556:INFO:Creating metrics dataframe
2024-07-12 17:01:24,559:WARNING:c:\Users\clayton\AppData\Local\anaconda3\envs\myenv\lib\site-packages\pycaret\time_series\forecasting\oop.py:2694: FutureWarning:

The behavior of DataFrame concatenation with empty or all-NA entries is deprecated. In a future version, this will no longer exclude empty or all-NA columns when determining the result dtypes. To retain the old behavior, exclude the relevant entries before the concat operation.


2024-07-12 17:01:24,560:INFO:Uploading results into container
2024-07-12 17:01:24,560:INFO:Uploading model into container now
2024-07-12 17:01:24,560:INFO:_master_model_container: 11
2024-07-12 17:01:24,560:INFO:_display_container: 2
2024-07-12 17:01:24,560:INFO:Croston()
2024-07-12 17:01:24,560:INFO:create_model() successfully completed......................................
2024-07-12 17:01:24,699:INFO:SubProcess create_model() end ==================================
2024-07-12 17:01:24,699:INFO:Creating metrics dataframe
2024-07-12 17:01:24,704:INFO:Initializing Linear w/ Cond. Deseasonalize & Detrending
2024-07-12 17:01:24,704:INFO:Total runtime is 0.34032918214797975 minutes
2024-07-12 17:01:24,712:INFO:SubProcess create_model() called ==================================
2024-07-12 17:01:24,712:INFO:Initializing create_model()
2024-07-12 17:01:24,712:INFO:create_model(self=<pycaret.time_series.forecasting.oop.TSForecastingExperiment object at 0x000002344CCA3F10>, estimator=lr_cds_dt, fold=None, round=4, cross_validation=True, predict=True, fit_kwargs={}, groups=None, refit=False, probability_threshold=None, experiment_custom_tags=None, verbose=False, system=False, add_to_model_list=True, metrics=None, display=<pycaret.internal.display.display.CommonDisplay object at 0x00000234A79C4820>, model_only=True, return_train_score=False, error_score=0.0, kwargs={})
2024-07-12 17:01:24,712:INFO:Checking exceptions
2024-07-12 17:01:24,712:INFO:Importing libraries
2024-07-12 17:01:24,712:INFO:Copying training dataset
2024-07-12 17:01:24,712:INFO:Defining folds
2024-07-12 17:01:24,712:INFO:Declaring metric variables
2024-07-12 17:01:24,719:INFO:Importing untrained model
2024-07-12 17:01:24,724:INFO:Linear w/ Cond. Deseasonalize & Detrending Imported successfully
2024-07-12 17:01:24,731:INFO:Starting cross validation
2024-07-12 17:01:24,731:INFO:Cross validating with ExpandingWindowSplitter(fh=ForecastingHorizon([1, 2, 3], dtype='int32', is_relative=True),
                        initial_window=217, step_length=3), n_jobs=-1
2024-07-12 17:01:24,986:WARNING:
'prophet' is a soft dependency and not included in the pycaret installation. Please run: `pip install prophet` to install.
2024-07-12 17:01:24,986:WARNING:
'prophet' is a soft dependency and not included in the pycaret installation. Please run: `pip install prophet` to install.
2024-07-12 17:01:24,987:WARNING:
'prophet' is a soft dependency and not included in the pycaret installation. Please run: `pip install prophet` to install.
2024-07-12 17:01:25,124:INFO:Calculating mean and std
2024-07-12 17:01:25,124:INFO:Creating metrics dataframe
2024-07-12 17:01:25,126:WARNING:c:\Users\clayton\AppData\Local\anaconda3\envs\myenv\lib\site-packages\pycaret\time_series\forecasting\oop.py:2694: FutureWarning:

The behavior of DataFrame concatenation with empty or all-NA entries is deprecated. In a future version, this will no longer exclude empty or all-NA columns when determining the result dtypes. To retain the old behavior, exclude the relevant entries before the concat operation.


2024-07-12 17:01:25,126:INFO:Uploading results into container
2024-07-12 17:01:25,129:INFO:Uploading model into container now
2024-07-12 17:01:25,129:INFO:_master_model_container: 12
2024-07-12 17:01:25,129:INFO:_display_container: 2
2024-07-12 17:01:25,130:INFO:BaseCdsDtForecaster(fe_target_rr=[WindowSummarizer(lag_feature={'lag': [2, 1]},
                                                   n_jobs=1)],
                    regressor=LinearRegression(n_jobs=-1), sp=2,
                    window_length=2)
2024-07-12 17:01:25,130:INFO:create_model() successfully completed......................................
2024-07-12 17:01:25,267:INFO:SubProcess create_model() end ==================================
2024-07-12 17:01:25,267:INFO:Creating metrics dataframe
2024-07-12 17:01:25,274:INFO:Initializing Elastic Net w/ Cond. Deseasonalize & Detrending
2024-07-12 17:01:25,274:INFO:Total runtime is 0.34982933203379313 minutes
2024-07-12 17:01:25,282:INFO:SubProcess create_model() called ==================================
2024-07-12 17:01:25,282:INFO:Initializing create_model()
2024-07-12 17:01:25,282:INFO:create_model(self=<pycaret.time_series.forecasting.oop.TSForecastingExperiment object at 0x000002344CCA3F10>, estimator=en_cds_dt, fold=None, round=4, cross_validation=True, predict=True, fit_kwargs={}, groups=None, refit=False, probability_threshold=None, experiment_custom_tags=None, verbose=False, system=False, add_to_model_list=True, metrics=None, display=<pycaret.internal.display.display.CommonDisplay object at 0x00000234A79C4820>, model_only=True, return_train_score=False, error_score=0.0, kwargs={})
2024-07-12 17:01:25,282:INFO:Checking exceptions
2024-07-12 17:01:25,282:INFO:Importing libraries
2024-07-12 17:01:25,282:INFO:Copying training dataset
2024-07-12 17:01:25,286:INFO:Defining folds
2024-07-12 17:01:25,286:INFO:Declaring metric variables
2024-07-12 17:01:25,289:INFO:Importing untrained model
2024-07-12 17:01:25,293:INFO:Elastic Net w/ Cond. Deseasonalize & Detrending Imported successfully
2024-07-12 17:01:25,300:INFO:Starting cross validation
2024-07-12 17:01:25,303:INFO:Cross validating with ExpandingWindowSplitter(fh=ForecastingHorizon([1, 2, 3], dtype='int32', is_relative=True),
                        initial_window=217, step_length=3), n_jobs=-1
2024-07-12 17:01:25,540:WARNING:
'prophet' is a soft dependency and not included in the pycaret installation. Please run: `pip install prophet` to install.
2024-07-12 17:01:25,540:WARNING:
'prophet' is a soft dependency and not included in the pycaret installation. Please run: `pip install prophet` to install.
2024-07-12 17:01:25,545:WARNING:
'prophet' is a soft dependency and not included in the pycaret installation. Please run: `pip install prophet` to install.
2024-07-12 17:01:25,690:INFO:Calculating mean and std
2024-07-12 17:01:25,691:INFO:Creating metrics dataframe
2024-07-12 17:01:25,691:WARNING:c:\Users\clayton\AppData\Local\anaconda3\envs\myenv\lib\site-packages\pycaret\time_series\forecasting\oop.py:2694: FutureWarning:

The behavior of DataFrame concatenation with empty or all-NA entries is deprecated. In a future version, this will no longer exclude empty or all-NA columns when determining the result dtypes. To retain the old behavior, exclude the relevant entries before the concat operation.


2024-07-12 17:01:25,695:INFO:Uploading results into container
2024-07-12 17:01:25,695:INFO:Uploading model into container now
2024-07-12 17:01:25,695:INFO:_master_model_container: 13
2024-07-12 17:01:25,695:INFO:_display_container: 2
2024-07-12 17:01:25,697:INFO:BaseCdsDtForecaster(fe_target_rr=[WindowSummarizer(lag_feature={'lag': [2, 1]},
                                                   n_jobs=1)],
                    regressor=ElasticNet(random_state=5117), sp=2,
                    window_length=2)
2024-07-12 17:01:25,697:INFO:create_model() successfully completed......................................
2024-07-12 17:01:25,832:INFO:SubProcess create_model() end ==================================
2024-07-12 17:01:25,832:INFO:Creating metrics dataframe
2024-07-12 17:01:25,842:INFO:Initializing Ridge w/ Cond. Deseasonalize & Detrending
2024-07-12 17:01:25,842:INFO:Total runtime is 0.3592946728070577 minutes
2024-07-12 17:01:25,842:INFO:SubProcess create_model() called ==================================
2024-07-12 17:01:25,842:INFO:Initializing create_model()
2024-07-12 17:01:25,842:INFO:create_model(self=<pycaret.time_series.forecasting.oop.TSForecastingExperiment object at 0x000002344CCA3F10>, estimator=ridge_cds_dt, fold=None, round=4, cross_validation=True, predict=True, fit_kwargs={}, groups=None, refit=False, probability_threshold=None, experiment_custom_tags=None, verbose=False, system=False, add_to_model_list=True, metrics=None, display=<pycaret.internal.display.display.CommonDisplay object at 0x00000234A79C4820>, model_only=True, return_train_score=False, error_score=0.0, kwargs={})
2024-07-12 17:01:25,842:INFO:Checking exceptions
2024-07-12 17:01:25,842:INFO:Importing libraries
2024-07-12 17:01:25,842:INFO:Copying training dataset
2024-07-12 17:01:25,850:INFO:Defining folds
2024-07-12 17:01:25,850:INFO:Declaring metric variables
2024-07-12 17:01:25,853:INFO:Importing untrained model
2024-07-12 17:01:25,858:INFO:Ridge w/ Cond. Deseasonalize & Detrending Imported successfully
2024-07-12 17:01:25,865:INFO:Starting cross validation
2024-07-12 17:01:25,865:INFO:Cross validating with ExpandingWindowSplitter(fh=ForecastingHorizon([1, 2, 3], dtype='int32', is_relative=True),
                        initial_window=217, step_length=3), n_jobs=-1
2024-07-12 17:01:26,124:WARNING:
'prophet' is a soft dependency and not included in the pycaret installation. Please run: `pip install prophet` to install.
2024-07-12 17:01:26,124:WARNING:
'prophet' is a soft dependency and not included in the pycaret installation. Please run: `pip install prophet` to install.
2024-07-12 17:01:26,270:INFO:Calculating mean and std
2024-07-12 17:01:26,271:INFO:Creating metrics dataframe
2024-07-12 17:01:26,271:WARNING:c:\Users\clayton\AppData\Local\anaconda3\envs\myenv\lib\site-packages\pycaret\time_series\forecasting\oop.py:2694: FutureWarning:

The behavior of DataFrame concatenation with empty or all-NA entries is deprecated. In a future version, this will no longer exclude empty or all-NA columns when determining the result dtypes. To retain the old behavior, exclude the relevant entries before the concat operation.


2024-07-12 17:01:26,271:INFO:Uploading results into container
2024-07-12 17:01:26,271:INFO:Uploading model into container now
2024-07-12 17:01:26,271:INFO:_master_model_container: 14
2024-07-12 17:01:26,271:INFO:_display_container: 2
2024-07-12 17:01:26,277:INFO:BaseCdsDtForecaster(fe_target_rr=[WindowSummarizer(lag_feature={'lag': [2, 1]},
                                                   n_jobs=1)],
                    regressor=Ridge(random_state=5117), sp=2, window_length=2)
2024-07-12 17:01:26,277:INFO:create_model() successfully completed......................................
2024-07-12 17:01:26,412:INFO:SubProcess create_model() end ==================================
2024-07-12 17:01:26,412:INFO:Creating metrics dataframe
2024-07-12 17:01:26,427:INFO:Initializing Lasso w/ Cond. Deseasonalize & Detrending
2024-07-12 17:01:26,427:INFO:Total runtime is 0.3690409223238627 minutes
2024-07-12 17:01:26,431:INFO:SubProcess create_model() called ==================================
2024-07-12 17:01:26,431:INFO:Initializing create_model()
2024-07-12 17:01:26,431:INFO:create_model(self=<pycaret.time_series.forecasting.oop.TSForecastingExperiment object at 0x000002344CCA3F10>, estimator=lasso_cds_dt, fold=None, round=4, cross_validation=True, predict=True, fit_kwargs={}, groups=None, refit=False, probability_threshold=None, experiment_custom_tags=None, verbose=False, system=False, add_to_model_list=True, metrics=None, display=<pycaret.internal.display.display.CommonDisplay object at 0x00000234A79C4820>, model_only=True, return_train_score=False, error_score=0.0, kwargs={})
2024-07-12 17:01:26,431:INFO:Checking exceptions
2024-07-12 17:01:26,431:INFO:Importing libraries
2024-07-12 17:01:26,431:INFO:Copying training dataset
2024-07-12 17:01:26,434:INFO:Defining folds
2024-07-12 17:01:26,434:INFO:Declaring metric variables
2024-07-12 17:01:26,438:INFO:Importing untrained model
2024-07-12 17:01:26,444:INFO:Lasso w/ Cond. Deseasonalize & Detrending Imported successfully
2024-07-12 17:01:26,450:INFO:Starting cross validation
2024-07-12 17:01:26,450:INFO:Cross validating with ExpandingWindowSplitter(fh=ForecastingHorizon([1, 2, 3], dtype='int32', is_relative=True),
                        initial_window=217, step_length=3), n_jobs=-1
2024-07-12 17:01:26,715:WARNING:
'prophet' is a soft dependency and not included in the pycaret installation. Please run: `pip install prophet` to install.
2024-07-12 17:01:26,715:WARNING:
'prophet' is a soft dependency and not included in the pycaret installation. Please run: `pip install prophet` to install.
2024-07-12 17:01:26,715:WARNING:
'prophet' is a soft dependency and not included in the pycaret installation. Please run: `pip install prophet` to install.
2024-07-12 17:01:26,855:INFO:Calculating mean and std
2024-07-12 17:01:26,857:INFO:Creating metrics dataframe
2024-07-12 17:01:26,857:WARNING:c:\Users\clayton\AppData\Local\anaconda3\envs\myenv\lib\site-packages\pycaret\time_series\forecasting\oop.py:2694: FutureWarning:

The behavior of DataFrame concatenation with empty or all-NA entries is deprecated. In a future version, this will no longer exclude empty or all-NA columns when determining the result dtypes. To retain the old behavior, exclude the relevant entries before the concat operation.


2024-07-12 17:01:26,860:INFO:Uploading results into container
2024-07-12 17:01:26,860:INFO:Uploading model into container now
2024-07-12 17:01:26,860:INFO:_master_model_container: 15
2024-07-12 17:01:26,860:INFO:_display_container: 2
2024-07-12 17:01:26,863:INFO:BaseCdsDtForecaster(fe_target_rr=[WindowSummarizer(lag_feature={'lag': [2, 1]},
                                                   n_jobs=1)],
                    regressor=Lasso(random_state=5117), sp=2, window_length=2)
2024-07-12 17:01:26,863:INFO:create_model() successfully completed......................................
2024-07-12 17:01:27,002:INFO:SubProcess create_model() end ==================================
2024-07-12 17:01:27,002:INFO:Creating metrics dataframe
2024-07-12 17:01:27,012:INFO:Initializing Lasso Least Angular Regressor w/ Cond. Deseasonalize & Detrending
2024-07-12 17:01:27,012:INFO:Total runtime is 0.378789750734965 minutes
2024-07-12 17:01:27,012:INFO:SubProcess create_model() called ==================================
2024-07-12 17:01:27,012:INFO:Initializing create_model()
2024-07-12 17:01:27,012:INFO:create_model(self=<pycaret.time_series.forecasting.oop.TSForecastingExperiment object at 0x000002344CCA3F10>, estimator=llar_cds_dt, fold=None, round=4, cross_validation=True, predict=True, fit_kwargs={}, groups=None, refit=False, probability_threshold=None, experiment_custom_tags=None, verbose=False, system=False, add_to_model_list=True, metrics=None, display=<pycaret.internal.display.display.CommonDisplay object at 0x00000234A79C4820>, model_only=True, return_train_score=False, error_score=0.0, kwargs={})
2024-07-12 17:01:27,012:INFO:Checking exceptions
2024-07-12 17:01:27,012:INFO:Importing libraries
2024-07-12 17:01:27,012:INFO:Copying training dataset
2024-07-12 17:01:27,020:INFO:Defining folds
2024-07-12 17:01:27,020:INFO:Declaring metric variables
2024-07-12 17:01:27,024:INFO:Importing untrained model
2024-07-12 17:01:27,027:INFO:Lasso Least Angular Regressor w/ Cond. Deseasonalize & Detrending Imported successfully
2024-07-12 17:01:27,034:INFO:Starting cross validation
2024-07-12 17:01:27,034:INFO:Cross validating with ExpandingWindowSplitter(fh=ForecastingHorizon([1, 2, 3], dtype='int32', is_relative=True),
                        initial_window=217, step_length=3), n_jobs=-1
2024-07-12 17:01:27,278:WARNING:
'prophet' is a soft dependency and not included in the pycaret installation. Please run: `pip install prophet` to install.
2024-07-12 17:01:27,278:WARNING:
'prophet' is a soft dependency and not included in the pycaret installation. Please run: `pip install prophet` to install.
2024-07-12 17:01:27,437:INFO:Calculating mean and std
2024-07-12 17:01:27,439:INFO:Creating metrics dataframe
2024-07-12 17:01:27,442:WARNING:c:\Users\clayton\AppData\Local\anaconda3\envs\myenv\lib\site-packages\pycaret\time_series\forecasting\oop.py:2694: FutureWarning:

The behavior of DataFrame concatenation with empty or all-NA entries is deprecated. In a future version, this will no longer exclude empty or all-NA columns when determining the result dtypes. To retain the old behavior, exclude the relevant entries before the concat operation.


2024-07-12 17:01:27,444:INFO:Uploading results into container
2024-07-12 17:01:27,444:INFO:Uploading model into container now
2024-07-12 17:01:27,444:INFO:_master_model_container: 16
2024-07-12 17:01:27,444:INFO:_display_container: 2
2024-07-12 17:01:27,446:INFO:BaseCdsDtForecaster(fe_target_rr=[WindowSummarizer(lag_feature={'lag': [2, 1]},
                                                   n_jobs=1)],
                    regressor=LassoLars(random_state=5117), sp=2,
                    window_length=2)
2024-07-12 17:01:27,446:INFO:create_model() successfully completed......................................
2024-07-12 17:01:27,580:INFO:SubProcess create_model() end ==================================
2024-07-12 17:01:27,584:INFO:Creating metrics dataframe
2024-07-12 17:01:27,591:INFO:Initializing Bayesian Ridge w/ Cond. Deseasonalize & Detrending
2024-07-12 17:01:27,591:INFO:Total runtime is 0.38844184080759686 minutes
2024-07-12 17:01:27,598:INFO:SubProcess create_model() called ==================================
2024-07-12 17:01:27,598:INFO:Initializing create_model()
2024-07-12 17:01:27,598:INFO:create_model(self=<pycaret.time_series.forecasting.oop.TSForecastingExperiment object at 0x000002344CCA3F10>, estimator=br_cds_dt, fold=None, round=4, cross_validation=True, predict=True, fit_kwargs={}, groups=None, refit=False, probability_threshold=None, experiment_custom_tags=None, verbose=False, system=False, add_to_model_list=True, metrics=None, display=<pycaret.internal.display.display.CommonDisplay object at 0x00000234A79C4820>, model_only=True, return_train_score=False, error_score=0.0, kwargs={})
2024-07-12 17:01:27,598:INFO:Checking exceptions
2024-07-12 17:01:27,598:INFO:Importing libraries
2024-07-12 17:01:27,598:INFO:Copying training dataset
2024-07-12 17:01:27,602:INFO:Defining folds
2024-07-12 17:01:27,602:INFO:Declaring metric variables
2024-07-12 17:01:27,605:INFO:Importing untrained model
2024-07-12 17:01:27,610:INFO:Bayesian Ridge w/ Cond. Deseasonalize & Detrending Imported successfully
2024-07-12 17:01:27,611:INFO:Starting cross validation
2024-07-12 17:01:27,611:INFO:Cross validating with ExpandingWindowSplitter(fh=ForecastingHorizon([1, 2, 3], dtype='int32', is_relative=True),
                        initial_window=217, step_length=3), n_jobs=-1
2024-07-12 17:01:27,840:WARNING:
'prophet' is a soft dependency and not included in the pycaret installation. Please run: `pip install prophet` to install.
2024-07-12 17:01:27,955:INFO:Calculating mean and std
2024-07-12 17:01:27,956:INFO:Creating metrics dataframe
2024-07-12 17:01:27,958:WARNING:c:\Users\clayton\AppData\Local\anaconda3\envs\myenv\lib\site-packages\pycaret\time_series\forecasting\oop.py:2694: FutureWarning:

The behavior of DataFrame concatenation with empty or all-NA entries is deprecated. In a future version, this will no longer exclude empty or all-NA columns when determining the result dtypes. To retain the old behavior, exclude the relevant entries before the concat operation.


2024-07-12 17:01:27,961:INFO:Uploading results into container
2024-07-12 17:01:27,961:INFO:Uploading model into container now
2024-07-12 17:01:27,962:INFO:_master_model_container: 17
2024-07-12 17:01:27,962:INFO:_display_container: 2
2024-07-12 17:01:27,964:INFO:BaseCdsDtForecaster(fe_target_rr=[WindowSummarizer(lag_feature={'lag': [2, 1]},
                                                   n_jobs=1)],
                    regressor=BayesianRidge(), sp=2, window_length=2)
2024-07-12 17:01:27,964:INFO:create_model() successfully completed......................................
2024-07-12 17:01:28,100:INFO:SubProcess create_model() end ==================================
2024-07-12 17:01:28,100:INFO:Creating metrics dataframe
2024-07-12 17:01:28,111:INFO:Initializing Huber w/ Cond. Deseasonalize & Detrending
2024-07-12 17:01:28,111:INFO:Total runtime is 0.3971108675003052 minutes
2024-07-12 17:01:28,115:INFO:SubProcess create_model() called ==================================
2024-07-12 17:01:28,115:INFO:Initializing create_model()
2024-07-12 17:01:28,115:INFO:create_model(self=<pycaret.time_series.forecasting.oop.TSForecastingExperiment object at 0x000002344CCA3F10>, estimator=huber_cds_dt, fold=None, round=4, cross_validation=True, predict=True, fit_kwargs={}, groups=None, refit=False, probability_threshold=None, experiment_custom_tags=None, verbose=False, system=False, add_to_model_list=True, metrics=None, display=<pycaret.internal.display.display.CommonDisplay object at 0x00000234A79C4820>, model_only=True, return_train_score=False, error_score=0.0, kwargs={})
2024-07-12 17:01:28,115:INFO:Checking exceptions
2024-07-12 17:01:28,115:INFO:Importing libraries
2024-07-12 17:01:28,115:INFO:Copying training dataset
2024-07-12 17:01:28,117:INFO:Defining folds
2024-07-12 17:01:28,117:INFO:Declaring metric variables
2024-07-12 17:01:28,121:INFO:Importing untrained model
2024-07-12 17:01:28,125:INFO:Huber w/ Cond. Deseasonalize & Detrending Imported successfully
2024-07-12 17:01:28,131:INFO:Starting cross validation
2024-07-12 17:01:28,131:INFO:Cross validating with ExpandingWindowSplitter(fh=ForecastingHorizon([1, 2, 3], dtype='int32', is_relative=True),
                        initial_window=217, step_length=3), n_jobs=-1
2024-07-12 17:01:28,301:INFO:Calculating mean and std
2024-07-12 17:01:28,303:INFO:Creating metrics dataframe
2024-07-12 17:01:28,304:WARNING:c:\Users\clayton\AppData\Local\anaconda3\envs\myenv\lib\site-packages\pycaret\time_series\forecasting\oop.py:2694: FutureWarning:

The behavior of DataFrame concatenation with empty or all-NA entries is deprecated. In a future version, this will no longer exclude empty or all-NA columns when determining the result dtypes. To retain the old behavior, exclude the relevant entries before the concat operation.


2024-07-12 17:01:28,307:INFO:Uploading results into container
2024-07-12 17:01:28,315:INFO:Uploading model into container now
2024-07-12 17:01:28,316:INFO:_master_model_container: 18
2024-07-12 17:01:28,316:INFO:_display_container: 2
2024-07-12 17:01:28,316:INFO:BaseCdsDtForecaster(fe_target_rr=[WindowSummarizer(lag_feature={'lag': [2, 1]},
                                                   n_jobs=1)],
                    regressor=HuberRegressor(), sp=2, window_length=2)
2024-07-12 17:01:28,316:INFO:create_model() successfully completed......................................
2024-07-12 17:01:28,452:INFO:SubProcess create_model() end ==================================
2024-07-12 17:01:28,452:INFO:Creating metrics dataframe
2024-07-12 17:01:28,464:INFO:Initializing Orthogonal Matching Pursuit w/ Cond. Deseasonalize & Detrending
2024-07-12 17:01:28,464:INFO:Total runtime is 0.40299378236134853 minutes
2024-07-12 17:01:28,467:INFO:SubProcess create_model() called ==================================
2024-07-12 17:01:28,469:INFO:Initializing create_model()
2024-07-12 17:01:28,469:INFO:create_model(self=<pycaret.time_series.forecasting.oop.TSForecastingExperiment object at 0x000002344CCA3F10>, estimator=omp_cds_dt, fold=None, round=4, cross_validation=True, predict=True, fit_kwargs={}, groups=None, refit=False, probability_threshold=None, experiment_custom_tags=None, verbose=False, system=False, add_to_model_list=True, metrics=None, display=<pycaret.internal.display.display.CommonDisplay object at 0x00000234A79C4820>, model_only=True, return_train_score=False, error_score=0.0, kwargs={})
2024-07-12 17:01:28,469:INFO:Checking exceptions
2024-07-12 17:01:28,469:INFO:Importing libraries
2024-07-12 17:01:28,469:INFO:Copying training dataset
2024-07-12 17:01:28,473:INFO:Defining folds
2024-07-12 17:01:28,473:INFO:Declaring metric variables
2024-07-12 17:01:28,477:INFO:Importing untrained model
2024-07-12 17:01:28,481:INFO:Orthogonal Matching Pursuit w/ Cond. Deseasonalize & Detrending Imported successfully
2024-07-12 17:01:28,489:INFO:Starting cross validation
2024-07-12 17:01:28,490:INFO:Cross validating with ExpandingWindowSplitter(fh=ForecastingHorizon([1, 2, 3], dtype='int32', is_relative=True),
                        initial_window=217, step_length=3), n_jobs=-1
2024-07-12 17:01:28,639:INFO:Calculating mean and std
2024-07-12 17:01:28,640:INFO:Creating metrics dataframe
2024-07-12 17:01:28,643:WARNING:c:\Users\clayton\AppData\Local\anaconda3\envs\myenv\lib\site-packages\pycaret\time_series\forecasting\oop.py:2694: FutureWarning:

The behavior of DataFrame concatenation with empty or all-NA entries is deprecated. In a future version, this will no longer exclude empty or all-NA columns when determining the result dtypes. To retain the old behavior, exclude the relevant entries before the concat operation.


2024-07-12 17:01:28,643:INFO:Uploading results into container
2024-07-12 17:01:28,643:INFO:Uploading model into container now
2024-07-12 17:01:28,643:INFO:_master_model_container: 19
2024-07-12 17:01:28,643:INFO:_display_container: 2
2024-07-12 17:01:28,643:INFO:BaseCdsDtForecaster(fe_target_rr=[WindowSummarizer(lag_feature={'lag': [2, 1]},
                                                   n_jobs=1)],
                    regressor=OrthogonalMatchingPursuit(), sp=2,
                    window_length=2)
2024-07-12 17:01:28,643:INFO:create_model() successfully completed......................................
2024-07-12 17:01:28,785:INFO:SubProcess create_model() end ==================================
2024-07-12 17:01:28,785:INFO:Creating metrics dataframe
2024-07-12 17:01:28,795:INFO:Initializing K Neighbors w/ Cond. Deseasonalize & Detrending
2024-07-12 17:01:28,795:INFO:Total runtime is 0.4085061152776083 minutes
2024-07-12 17:01:28,800:INFO:SubProcess create_model() called ==================================
2024-07-12 17:01:28,800:INFO:Initializing create_model()
2024-07-12 17:01:28,800:INFO:create_model(self=<pycaret.time_series.forecasting.oop.TSForecastingExperiment object at 0x000002344CCA3F10>, estimator=knn_cds_dt, fold=None, round=4, cross_validation=True, predict=True, fit_kwargs={}, groups=None, refit=False, probability_threshold=None, experiment_custom_tags=None, verbose=False, system=False, add_to_model_list=True, metrics=None, display=<pycaret.internal.display.display.CommonDisplay object at 0x00000234A79C4820>, model_only=True, return_train_score=False, error_score=0.0, kwargs={})
2024-07-12 17:01:28,800:INFO:Checking exceptions
2024-07-12 17:01:28,800:INFO:Importing libraries
2024-07-12 17:01:28,800:INFO:Copying training dataset
2024-07-12 17:01:28,801:INFO:Defining folds
2024-07-12 17:01:28,804:INFO:Declaring metric variables
2024-07-12 17:01:28,807:INFO:Importing untrained model
2024-07-12 17:01:28,810:INFO:K Neighbors w/ Cond. Deseasonalize & Detrending Imported successfully
2024-07-12 17:01:28,813:INFO:Starting cross validation
2024-07-12 17:01:28,819:INFO:Cross validating with ExpandingWindowSplitter(fh=ForecastingHorizon([1, 2, 3], dtype='int32', is_relative=True),
                        initial_window=217, step_length=3), n_jobs=-1
2024-07-12 17:01:29,057:INFO:Calculating mean and std
2024-07-12 17:01:29,057:INFO:Creating metrics dataframe
2024-07-12 17:01:29,060:WARNING:c:\Users\clayton\AppData\Local\anaconda3\envs\myenv\lib\site-packages\pycaret\time_series\forecasting\oop.py:2694: FutureWarning:

The behavior of DataFrame concatenation with empty or all-NA entries is deprecated. In a future version, this will no longer exclude empty or all-NA columns when determining the result dtypes. To retain the old behavior, exclude the relevant entries before the concat operation.


2024-07-12 17:01:29,060:INFO:Uploading results into container
2024-07-12 17:01:29,060:INFO:Uploading model into container now
2024-07-12 17:01:29,060:INFO:_master_model_container: 20
2024-07-12 17:01:29,060:INFO:_display_container: 2
2024-07-12 17:01:29,064:INFO:BaseCdsDtForecaster(fe_target_rr=[WindowSummarizer(lag_feature={'lag': [2, 1]},
                                                   n_jobs=1)],
                    regressor=KNeighborsRegressor(n_jobs=-1), sp=2,
                    window_length=2)
2024-07-12 17:01:29,064:INFO:create_model() successfully completed......................................
2024-07-12 17:01:29,211:INFO:SubProcess create_model() end ==================================
2024-07-12 17:01:29,211:INFO:Creating metrics dataframe
2024-07-12 17:01:29,230:INFO:Initializing Decision Tree w/ Cond. Deseasonalize & Detrending
2024-07-12 17:01:29,230:INFO:Total runtime is 0.4157480438550314 minutes
2024-07-12 17:01:29,230:INFO:SubProcess create_model() called ==================================
2024-07-12 17:01:29,230:INFO:Initializing create_model()
2024-07-12 17:01:29,230:INFO:create_model(self=<pycaret.time_series.forecasting.oop.TSForecastingExperiment object at 0x000002344CCA3F10>, estimator=dt_cds_dt, fold=None, round=4, cross_validation=True, predict=True, fit_kwargs={}, groups=None, refit=False, probability_threshold=None, experiment_custom_tags=None, verbose=False, system=False, add_to_model_list=True, metrics=None, display=<pycaret.internal.display.display.CommonDisplay object at 0x00000234A79C4820>, model_only=True, return_train_score=False, error_score=0.0, kwargs={})
2024-07-12 17:01:29,230:INFO:Checking exceptions
2024-07-12 17:01:29,230:INFO:Importing libraries
2024-07-12 17:01:29,230:INFO:Copying training dataset
2024-07-12 17:01:29,236:INFO:Defining folds
2024-07-12 17:01:29,236:INFO:Declaring metric variables
2024-07-12 17:01:29,240:INFO:Importing untrained model
2024-07-12 17:01:29,241:INFO:Decision Tree w/ Cond. Deseasonalize & Detrending Imported successfully
2024-07-12 17:01:29,250:INFO:Starting cross validation
2024-07-12 17:01:29,252:INFO:Cross validating with ExpandingWindowSplitter(fh=ForecastingHorizon([1, 2, 3], dtype='int32', is_relative=True),
                        initial_window=217, step_length=3), n_jobs=-1
2024-07-12 17:01:29,404:INFO:Calculating mean and std
2024-07-12 17:01:29,404:INFO:Creating metrics dataframe
2024-07-12 17:01:29,408:WARNING:c:\Users\clayton\AppData\Local\anaconda3\envs\myenv\lib\site-packages\pycaret\time_series\forecasting\oop.py:2694: FutureWarning:

The behavior of DataFrame concatenation with empty or all-NA entries is deprecated. In a future version, this will no longer exclude empty or all-NA columns when determining the result dtypes. To retain the old behavior, exclude the relevant entries before the concat operation.


2024-07-12 17:01:29,410:INFO:Uploading results into container
2024-07-12 17:01:29,410:INFO:Uploading model into container now
2024-07-12 17:01:29,411:INFO:_master_model_container: 21
2024-07-12 17:01:29,411:INFO:_display_container: 2
2024-07-12 17:01:29,413:INFO:BaseCdsDtForecaster(fe_target_rr=[WindowSummarizer(lag_feature={'lag': [2, 1]},
                                                   n_jobs=1)],
                    regressor=DecisionTreeRegressor(random_state=5117), sp=2,
                    window_length=2)
2024-07-12 17:01:29,413:INFO:create_model() successfully completed......................................
2024-07-12 17:01:29,550:INFO:SubProcess create_model() end ==================================
2024-07-12 17:01:29,554:INFO:Creating metrics dataframe
2024-07-12 17:01:29,564:INFO:Initializing Random Forest w/ Cond. Deseasonalize & Detrending
2024-07-12 17:01:29,564:INFO:Total runtime is 0.4213195721308391 minutes
2024-07-12 17:01:29,570:INFO:SubProcess create_model() called ==================================
2024-07-12 17:01:29,570:INFO:Initializing create_model()
2024-07-12 17:01:29,570:INFO:create_model(self=<pycaret.time_series.forecasting.oop.TSForecastingExperiment object at 0x000002344CCA3F10>, estimator=rf_cds_dt, fold=None, round=4, cross_validation=True, predict=True, fit_kwargs={}, groups=None, refit=False, probability_threshold=None, experiment_custom_tags=None, verbose=False, system=False, add_to_model_list=True, metrics=None, display=<pycaret.internal.display.display.CommonDisplay object at 0x00000234A79C4820>, model_only=True, return_train_score=False, error_score=0.0, kwargs={})
2024-07-12 17:01:29,570:INFO:Checking exceptions
2024-07-12 17:01:29,570:INFO:Importing libraries
2024-07-12 17:01:29,570:INFO:Copying training dataset
2024-07-12 17:01:29,575:INFO:Defining folds
2024-07-12 17:01:29,576:INFO:Declaring metric variables
2024-07-12 17:01:29,579:INFO:Importing untrained model
2024-07-12 17:01:29,582:INFO:Random Forest w/ Cond. Deseasonalize & Detrending Imported successfully
2024-07-12 17:01:29,590:INFO:Starting cross validation
2024-07-12 17:01:29,591:INFO:Cross validating with ExpandingWindowSplitter(fh=ForecastingHorizon([1, 2, 3], dtype='int32', is_relative=True),
                        initial_window=217, step_length=3), n_jobs=-1
2024-07-12 17:01:29,973:INFO:Calculating mean and std
2024-07-12 17:01:29,973:INFO:Creating metrics dataframe
2024-07-12 17:01:29,976:WARNING:c:\Users\clayton\AppData\Local\anaconda3\envs\myenv\lib\site-packages\pycaret\time_series\forecasting\oop.py:2694: FutureWarning:

The behavior of DataFrame concatenation with empty or all-NA entries is deprecated. In a future version, this will no longer exclude empty or all-NA columns when determining the result dtypes. To retain the old behavior, exclude the relevant entries before the concat operation.


2024-07-12 17:01:29,980:INFO:Uploading results into container
2024-07-12 17:01:29,980:INFO:Uploading model into container now
2024-07-12 17:01:29,980:INFO:_master_model_container: 22
2024-07-12 17:01:29,980:INFO:_display_container: 2
2024-07-12 17:01:29,983:INFO:BaseCdsDtForecaster(fe_target_rr=[WindowSummarizer(lag_feature={'lag': [2, 1]},
                                                   n_jobs=1)],
                    regressor=RandomForestRegressor(n_jobs=-1, random_state=5117),
                    sp=2, window_length=2)
2024-07-12 17:01:29,983:INFO:create_model() successfully completed......................................
2024-07-12 17:01:30,120:INFO:SubProcess create_model() end ==================================
2024-07-12 17:01:30,121:INFO:Creating metrics dataframe
2024-07-12 17:01:30,133:INFO:Initializing Extra Trees w/ Cond. Deseasonalize & Detrending
2024-07-12 17:01:30,133:INFO:Total runtime is 0.4308025002479554 minutes
2024-07-12 17:01:30,137:INFO:SubProcess create_model() called ==================================
2024-07-12 17:01:30,137:INFO:Initializing create_model()
2024-07-12 17:01:30,137:INFO:create_model(self=<pycaret.time_series.forecasting.oop.TSForecastingExperiment object at 0x000002344CCA3F10>, estimator=et_cds_dt, fold=None, round=4, cross_validation=True, predict=True, fit_kwargs={}, groups=None, refit=False, probability_threshold=None, experiment_custom_tags=None, verbose=False, system=False, add_to_model_list=True, metrics=None, display=<pycaret.internal.display.display.CommonDisplay object at 0x00000234A79C4820>, model_only=True, return_train_score=False, error_score=0.0, kwargs={})
2024-07-12 17:01:30,137:INFO:Checking exceptions
2024-07-12 17:01:30,137:INFO:Importing libraries
2024-07-12 17:01:30,137:INFO:Copying training dataset
2024-07-12 17:01:30,141:INFO:Defining folds
2024-07-12 17:01:30,141:INFO:Declaring metric variables
2024-07-12 17:01:30,145:INFO:Importing untrained model
2024-07-12 17:01:30,149:INFO:Extra Trees w/ Cond. Deseasonalize & Detrending Imported successfully
2024-07-12 17:01:30,151:INFO:Starting cross validation
2024-07-12 17:01:30,158:INFO:Cross validating with ExpandingWindowSplitter(fh=ForecastingHorizon([1, 2, 3], dtype='int32', is_relative=True),
                        initial_window=217, step_length=3), n_jobs=-1
2024-07-12 17:01:30,477:INFO:Calculating mean and std
2024-07-12 17:01:30,477:INFO:Creating metrics dataframe
2024-07-12 17:01:30,480:WARNING:c:\Users\clayton\AppData\Local\anaconda3\envs\myenv\lib\site-packages\pycaret\time_series\forecasting\oop.py:2694: FutureWarning:

The behavior of DataFrame concatenation with empty or all-NA entries is deprecated. In a future version, this will no longer exclude empty or all-NA columns when determining the result dtypes. To retain the old behavior, exclude the relevant entries before the concat operation.


2024-07-12 17:01:30,480:INFO:Uploading results into container
2024-07-12 17:01:30,480:INFO:Uploading model into container now
2024-07-12 17:01:30,480:INFO:_master_model_container: 23
2024-07-12 17:01:30,480:INFO:_display_container: 2
2024-07-12 17:01:30,485:INFO:BaseCdsDtForecaster(fe_target_rr=[WindowSummarizer(lag_feature={'lag': [2, 1]},
                                                   n_jobs=1)],
                    regressor=ExtraTreesRegressor(n_jobs=-1, random_state=5117),
                    sp=2, window_length=2)
2024-07-12 17:01:30,485:INFO:create_model() successfully completed......................................
2024-07-12 17:01:30,625:INFO:SubProcess create_model() end ==================================
2024-07-12 17:01:30,625:INFO:Creating metrics dataframe
2024-07-12 17:01:30,633:INFO:Initializing Gradient Boosting w/ Cond. Deseasonalize & Detrending
2024-07-12 17:01:30,633:INFO:Total runtime is 0.43913838466008515 minutes
2024-07-12 17:01:30,641:INFO:SubProcess create_model() called ==================================
2024-07-12 17:01:30,641:INFO:Initializing create_model()
2024-07-12 17:01:30,641:INFO:create_model(self=<pycaret.time_series.forecasting.oop.TSForecastingExperiment object at 0x000002344CCA3F10>, estimator=gbr_cds_dt, fold=None, round=4, cross_validation=True, predict=True, fit_kwargs={}, groups=None, refit=False, probability_threshold=None, experiment_custom_tags=None, verbose=False, system=False, add_to_model_list=True, metrics=None, display=<pycaret.internal.display.display.CommonDisplay object at 0x00000234A79C4820>, model_only=True, return_train_score=False, error_score=0.0, kwargs={})
2024-07-12 17:01:30,641:INFO:Checking exceptions
2024-07-12 17:01:30,641:INFO:Importing libraries
2024-07-12 17:01:30,641:INFO:Copying training dataset
2024-07-12 17:01:30,644:INFO:Defining folds
2024-07-12 17:01:30,644:INFO:Declaring metric variables
2024-07-12 17:01:30,649:INFO:Importing untrained model
2024-07-12 17:01:30,651:INFO:Gradient Boosting w/ Cond. Deseasonalize & Detrending Imported successfully
2024-07-12 17:01:30,659:INFO:Starting cross validation
2024-07-12 17:01:30,660:INFO:Cross validating with ExpandingWindowSplitter(fh=ForecastingHorizon([1, 2, 3], dtype='int32', is_relative=True),
                        initial_window=217, step_length=3), n_jobs=-1
2024-07-12 17:01:30,875:INFO:Calculating mean and std
2024-07-12 17:01:30,877:INFO:Creating metrics dataframe
2024-07-12 17:01:30,879:WARNING:c:\Users\clayton\AppData\Local\anaconda3\envs\myenv\lib\site-packages\pycaret\time_series\forecasting\oop.py:2694: FutureWarning:

The behavior of DataFrame concatenation with empty or all-NA entries is deprecated. In a future version, this will no longer exclude empty or all-NA columns when determining the result dtypes. To retain the old behavior, exclude the relevant entries before the concat operation.


2024-07-12 17:01:30,881:INFO:Uploading results into container
2024-07-12 17:01:30,881:INFO:Uploading model into container now
2024-07-12 17:01:30,881:INFO:_master_model_container: 24
2024-07-12 17:01:30,881:INFO:_display_container: 2
2024-07-12 17:01:30,881:INFO:BaseCdsDtForecaster(fe_target_rr=[WindowSummarizer(lag_feature={'lag': [2, 1]},
                                                   n_jobs=1)],
                    regressor=GradientBoostingRegressor(random_state=5117),
                    sp=2, window_length=2)
2024-07-12 17:01:30,881:INFO:create_model() successfully completed......................................
2024-07-12 17:01:31,020:INFO:SubProcess create_model() end ==================================
2024-07-12 17:01:31,020:INFO:Creating metrics dataframe
2024-07-12 17:01:31,031:INFO:Initializing AdaBoost w/ Cond. Deseasonalize & Detrending
2024-07-12 17:01:31,031:INFO:Total runtime is 0.4457770228385926 minutes
2024-07-12 17:01:31,031:INFO:SubProcess create_model() called ==================================
2024-07-12 17:01:31,031:INFO:Initializing create_model()
2024-07-12 17:01:31,031:INFO:create_model(self=<pycaret.time_series.forecasting.oop.TSForecastingExperiment object at 0x000002344CCA3F10>, estimator=ada_cds_dt, fold=None, round=4, cross_validation=True, predict=True, fit_kwargs={}, groups=None, refit=False, probability_threshold=None, experiment_custom_tags=None, verbose=False, system=False, add_to_model_list=True, metrics=None, display=<pycaret.internal.display.display.CommonDisplay object at 0x00000234A79C4820>, model_only=True, return_train_score=False, error_score=0.0, kwargs={})
2024-07-12 17:01:31,031:INFO:Checking exceptions
2024-07-12 17:01:31,031:INFO:Importing libraries
2024-07-12 17:01:31,031:INFO:Copying training dataset
2024-07-12 17:01:31,042:INFO:Defining folds
2024-07-12 17:01:31,042:INFO:Declaring metric variables
2024-07-12 17:01:31,044:INFO:Importing untrained model
2024-07-12 17:01:31,047:INFO:AdaBoost w/ Cond. Deseasonalize & Detrending Imported successfully
2024-07-12 17:01:31,052:INFO:Starting cross validation
2024-07-12 17:01:31,056:INFO:Cross validating with ExpandingWindowSplitter(fh=ForecastingHorizon([1, 2, 3], dtype='int32', is_relative=True),
                        initial_window=217, step_length=3), n_jobs=-1
2024-07-12 17:01:31,311:INFO:Calculating mean and std
2024-07-12 17:01:31,312:INFO:Creating metrics dataframe
2024-07-12 17:01:31,312:WARNING:c:\Users\clayton\AppData\Local\anaconda3\envs\myenv\lib\site-packages\pycaret\time_series\forecasting\oop.py:2694: FutureWarning:

The behavior of DataFrame concatenation with empty or all-NA entries is deprecated. In a future version, this will no longer exclude empty or all-NA columns when determining the result dtypes. To retain the old behavior, exclude the relevant entries before the concat operation.


2024-07-12 17:01:31,316:INFO:Uploading results into container
2024-07-12 17:01:31,316:INFO:Uploading model into container now
2024-07-12 17:01:31,317:INFO:_master_model_container: 25
2024-07-12 17:01:31,317:INFO:_display_container: 2
2024-07-12 17:01:31,319:INFO:BaseCdsDtForecaster(fe_target_rr=[WindowSummarizer(lag_feature={'lag': [2, 1]},
                                                   n_jobs=1)],
                    regressor=AdaBoostRegressor(random_state=5117), sp=2,
                    window_length=2)
2024-07-12 17:01:31,319:INFO:create_model() successfully completed......................................
2024-07-12 17:01:31,458:INFO:SubProcess create_model() end ==================================
2024-07-12 17:01:31,458:INFO:Creating metrics dataframe
2024-07-12 17:01:31,470:INFO:Initializing Light Gradient Boosting w/ Cond. Deseasonalize & Detrending
2024-07-12 17:01:31,470:INFO:Total runtime is 0.4530957182248434 minutes
2024-07-12 17:01:31,474:INFO:SubProcess create_model() called ==================================
2024-07-12 17:01:31,474:INFO:Initializing create_model()
2024-07-12 17:01:31,474:INFO:create_model(self=<pycaret.time_series.forecasting.oop.TSForecastingExperiment object at 0x000002344CCA3F10>, estimator=lightgbm_cds_dt, fold=None, round=4, cross_validation=True, predict=True, fit_kwargs={}, groups=None, refit=False, probability_threshold=None, experiment_custom_tags=None, verbose=False, system=False, add_to_model_list=True, metrics=None, display=<pycaret.internal.display.display.CommonDisplay object at 0x00000234A79C4820>, model_only=True, return_train_score=False, error_score=0.0, kwargs={})
2024-07-12 17:01:31,477:INFO:Checking exceptions
2024-07-12 17:01:31,477:INFO:Importing libraries
2024-07-12 17:01:31,477:INFO:Copying training dataset
2024-07-12 17:01:31,479:INFO:Defining folds
2024-07-12 17:01:31,480:INFO:Declaring metric variables
2024-07-12 17:01:31,482:INFO:Importing untrained model
2024-07-12 17:01:31,487:INFO:Light Gradient Boosting w/ Cond. Deseasonalize & Detrending Imported successfully
2024-07-12 17:01:31,502:INFO:Starting cross validation
2024-07-12 17:01:31,503:INFO:Cross validating with ExpandingWindowSplitter(fh=ForecastingHorizon([1, 2, 3], dtype='int32', is_relative=True),
                        initial_window=217, step_length=3), n_jobs=-1
2024-07-12 17:01:31,780:WARNING:c:\Users\clayton\AppData\Local\anaconda3\envs\myenv\lib\site-packages\lightgbm\basic.py:696: UserWarning: Usage of np.ndarray subset (sliced data) is not recommended due to it will double the peak memory cost in LightGBM.
  _log_warning("Usage of np.ndarray subset (sliced data) is not recommended "

2024-07-12 17:01:31,780:WARNING:c:\Users\clayton\AppData\Local\anaconda3\envs\myenv\lib\site-packages\lightgbm\basic.py:696: UserWarning: Usage of np.ndarray subset (sliced data) is not recommended due to it will double the peak memory cost in LightGBM.
  _log_warning("Usage of np.ndarray subset (sliced data) is not recommended "

2024-07-12 17:01:31,780:WARNING:c:\Users\clayton\AppData\Local\anaconda3\envs\myenv\lib\site-packages\lightgbm\basic.py:696: UserWarning: Usage of np.ndarray subset (sliced data) is not recommended due to it will double the peak memory cost in LightGBM.
  _log_warning("Usage of np.ndarray subset (sliced data) is not recommended "

2024-07-12 17:01:31,810:WARNING:c:\Users\clayton\AppData\Local\anaconda3\envs\myenv\lib\site-packages\lightgbm\basic.py:696: UserWarning: Usage of np.ndarray subset (sliced data) is not recommended due to it will double the peak memory cost in LightGBM.
  _log_warning("Usage of np.ndarray subset (sliced data) is not recommended "

2024-07-12 17:01:31,810:WARNING:c:\Users\clayton\AppData\Local\anaconda3\envs\myenv\lib\site-packages\lightgbm\basic.py:696: UserWarning: Usage of np.ndarray subset (sliced data) is not recommended due to it will double the peak memory cost in LightGBM.
  _log_warning("Usage of np.ndarray subset (sliced data) is not recommended "

2024-07-12 17:01:31,814:WARNING:c:\Users\clayton\AppData\Local\anaconda3\envs\myenv\lib\site-packages\lightgbm\basic.py:696: UserWarning: Usage of np.ndarray subset (sliced data) is not recommended due to it will double the peak memory cost in LightGBM.
  _log_warning("Usage of np.ndarray subset (sliced data) is not recommended "

2024-07-12 17:01:31,842:WARNING:c:\Users\clayton\AppData\Local\anaconda3\envs\myenv\lib\site-packages\lightgbm\basic.py:696: UserWarning: Usage of np.ndarray subset (sliced data) is not recommended due to it will double the peak memory cost in LightGBM.
  _log_warning("Usage of np.ndarray subset (sliced data) is not recommended "

2024-07-12 17:01:31,842:WARNING:c:\Users\clayton\AppData\Local\anaconda3\envs\myenv\lib\site-packages\lightgbm\basic.py:696: UserWarning: Usage of np.ndarray subset (sliced data) is not recommended due to it will double the peak memory cost in LightGBM.
  _log_warning("Usage of np.ndarray subset (sliced data) is not recommended "

2024-07-12 17:01:31,842:WARNING:c:\Users\clayton\AppData\Local\anaconda3\envs\myenv\lib\site-packages\lightgbm\basic.py:696: UserWarning: Usage of np.ndarray subset (sliced data) is not recommended due to it will double the peak memory cost in LightGBM.
  _log_warning("Usage of np.ndarray subset (sliced data) is not recommended "

2024-07-12 17:01:31,877:INFO:Calculating mean and std
2024-07-12 17:01:31,879:INFO:Creating metrics dataframe
2024-07-12 17:01:31,882:WARNING:c:\Users\clayton\AppData\Local\anaconda3\envs\myenv\lib\site-packages\pycaret\time_series\forecasting\oop.py:2694: FutureWarning:

The behavior of DataFrame concatenation with empty or all-NA entries is deprecated. In a future version, this will no longer exclude empty or all-NA columns when determining the result dtypes. To retain the old behavior, exclude the relevant entries before the concat operation.


2024-07-12 17:01:31,882:INFO:Uploading results into container
2024-07-12 17:01:31,882:INFO:Uploading model into container now
2024-07-12 17:01:31,882:INFO:_master_model_container: 26
2024-07-12 17:01:31,882:INFO:_display_container: 2
2024-07-12 17:01:31,891:INFO:BaseCdsDtForecaster(fe_target_rr=[WindowSummarizer(lag_feature={'lag': [2, 1]},
                                                   n_jobs=1)],
                    regressor=LGBMRegressor(n_jobs=-1, random_state=5117), sp=2,
                    window_length=2)
2024-07-12 17:01:31,891:INFO:create_model() successfully completed......................................
2024-07-12 17:01:32,050:INFO:SubProcess create_model() end ==================================
2024-07-12 17:01:32,051:INFO:Creating metrics dataframe
2024-07-12 17:01:32,065:WARNING:c:\Users\clayton\AppData\Local\anaconda3\envs\myenv\lib\site-packages\pycaret\internal\pycaret_experiment\supervised_experiment.py:323: FutureWarning:

Styler.applymap has been deprecated. Use Styler.map instead.


2024-07-12 17:01:32,074:INFO:Initializing create_model()
2024-07-12 17:01:32,074:INFO:create_model(self=<pycaret.time_series.forecasting.oop.TSForecastingExperiment object at 0x000002344CCA3F10>, estimator=BaseCdsDtForecaster(fe_target_rr=[WindowSummarizer(lag_feature={'lag': [2, 1]},
                                                   n_jobs=1)],
                    regressor=HuberRegressor(), sp=2, window_length=2), fold=None, round=4, cross_validation=False, predict=False, fit_kwargs={}, groups=None, refit=True, probability_threshold=None, experiment_custom_tags=None, verbose=False, system=False, add_to_model_list=True, metrics=None, display=None, model_only=True, return_train_score=False, error_score=0.0, kwargs={})
2024-07-12 17:01:32,074:INFO:Checking exceptions
2024-07-12 17:01:32,078:INFO:Importing libraries
2024-07-12 17:01:32,078:INFO:Copying training dataset
2024-07-12 17:01:32,082:INFO:Defining folds
2024-07-12 17:01:32,082:INFO:Declaring metric variables
2024-07-12 17:01:32,082:INFO:Importing untrained model
2024-07-12 17:01:32,082:INFO:Declaring custom model
2024-07-12 17:01:32,084:INFO:HuberRegressor Imported successfully
2024-07-12 17:01:32,084:INFO:Cross validation set to False
2024-07-12 17:01:32,084:INFO:Fitting Model
2024-07-12 17:01:32,162:INFO:BaseCdsDtForecaster(fe_target_rr=[WindowSummarizer(lag_feature={'lag': [2, 1]},
                                                   n_jobs=1)],
                    regressor=HuberRegressor(), sp=2, window_length=2)
2024-07-12 17:01:32,162:INFO:create_model() successfully completed......................................
2024-07-12 17:01:32,336:INFO:_master_model_container: 26
2024-07-12 17:01:32,336:INFO:_display_container: 2
2024-07-12 17:01:32,338:INFO:BaseCdsDtForecaster(fe_target_rr=[WindowSummarizer(lag_feature={'lag': [2, 1]},
                                                   n_jobs=1)],
                    regressor=HuberRegressor(), sp=2, window_length=2)
2024-07-12 17:01:32,338:INFO:compare_models() successfully completed......................................
2024-07-12 17:01:32,803:INFO:Visual Rendered Successfully
2024-07-12 17:01:33,053:INFO:Visual Rendered Successfully
2024-07-12 17:01:33,148:INFO:Visual Rendered Successfully
2024-07-12 17:01:33,461:INFO:Visual Rendered Successfully
2024-07-12 17:01:33,490:INFO:Initializing create_model()
2024-07-12 17:01:33,490:INFO:create_model(self=<pycaret.time_series.forecasting.oop.TSForecastingExperiment object at 0x000002344CCA3F10>, estimator=ets, fold=None, round=4, cross_validation=True, predict=True, fit_kwargs=None, groups=None, refit=True, probability_threshold=None, experiment_custom_tags=None, verbose=True, system=True, add_to_model_list=True, metrics=None, display=None, model_only=True, return_train_score=False, error_score=0.0, kwargs={})
2024-07-12 17:01:33,490:INFO:Checking exceptions
2024-07-12 17:01:33,506:INFO:Importing libraries
2024-07-12 17:01:33,506:INFO:Copying training dataset
2024-07-12 17:01:33,510:INFO:Defining folds
2024-07-12 17:01:33,510:INFO:Declaring metric variables
2024-07-12 17:01:33,513:INFO:Importing untrained model
2024-07-12 17:01:33,519:INFO:ETS Imported successfully
2024-07-12 17:01:33,532:INFO:Starting cross validation
2024-07-12 17:01:33,534:INFO:Cross validating with ExpandingWindowSplitter(fh=ForecastingHorizon([1, 2, 3], dtype='int32', is_relative=True),
                        initial_window=217, step_length=3), n_jobs=-1
2024-07-12 17:01:33,641:INFO:Calculating mean and std
2024-07-12 17:01:33,642:INFO:Creating metrics dataframe
2024-07-12 17:01:33,642:WARNING:c:\Users\clayton\AppData\Local\anaconda3\envs\myenv\lib\site-packages\pycaret\time_series\forecasting\oop.py:2694: FutureWarning:

The behavior of DataFrame concatenation with empty or all-NA entries is deprecated. In a future version, this will no longer exclude empty or all-NA columns when determining the result dtypes. To retain the old behavior, exclude the relevant entries before the concat operation.


2024-07-12 17:01:33,642:INFO:Finalizing model
2024-07-12 17:01:33,674:INFO:Uploading results into container
2024-07-12 17:01:33,674:INFO:Uploading model into container now
2024-07-12 17:01:33,681:INFO:_master_model_container: 27
2024-07-12 17:01:33,681:INFO:_display_container: 3
2024-07-12 17:01:33,686:INFO:AutoETS(seasonal='mul', sp=2, trend='add')
2024-07-12 17:01:33,686:INFO:create_model() successfully completed......................................
2024-07-12 17:01:33,870:WARNING:c:\Users\clayton\AppData\Local\anaconda3\envs\myenv\lib\site-packages\sklearn\metrics\_regression.py:483: FutureWarning:

'squared' is deprecated in version 1.4 and will be removed in 1.6. To calculate the root mean squared error, use the function'root_mean_squared_error'.


2024-07-12 17:01:34,051:INFO:Visual Rendered Successfully
2024-07-12 17:01:34,523:WARNING:c:\Users\clayton\AppData\Local\anaconda3\envs\myenv\lib\site-packages\pycaret\utils\generic.py:585: UserWarning:

Traceback (most recent call last):
  File "c:\Users\clayton\AppData\Local\anaconda3\envs\myenv\lib\site-packages\pycaret\utils\generic.py", line 580, in _calculate_metric
    calculated_metric = score_func(y_test, target, sample_weight=weights, **kwargs)
TypeError: mase() got an unexpected keyword argument 'sample_weight'

During handling of the above exception, another exception occurred:

Traceback (most recent call last):
  File "c:\Users\clayton\AppData\Local\anaconda3\envs\myenv\lib\site-packages\pycaret\utils\generic.py", line 583, in _calculate_metric
    calculated_metric = score_func(y_test, target, **kwargs)
  File "c:\Users\clayton\AppData\Local\anaconda3\envs\myenv\lib\site-packages\pycaret\containers\metrics\time_series.py", line 175, in mase
    return mean_absolute_scaled_error(
  File "c:\Users\clayton\AppData\Local\anaconda3\envs\myenv\lib\site-packages\sktime\performance_metrics\forecasting\_functions.py", line 421, in mean_absolute_scaled_error
    _, y_true, y_pred, multioutput = _check_reg_targets(y_true, y_pred, multioutput)
  File "c:\Users\clayton\AppData\Local\anaconda3\envs\myenv\lib\site-packages\sklearn\metrics\_regression.py", line 102, in _check_reg_targets
    check_consistent_length(y_true, y_pred)
  File "c:\Users\clayton\AppData\Local\anaconda3\envs\myenv\lib\site-packages\sklearn\utils\validation.py", line 457, in check_consistent_length
    raise ValueError(
ValueError: Found input variables with inconsistent numbers of samples: [3, 226]



2024-07-12 17:01:34,524:WARNING:c:\Users\clayton\AppData\Local\anaconda3\envs\myenv\lib\site-packages\pycaret\utils\generic.py:585: UserWarning:

Traceback (most recent call last):
  File "c:\Users\clayton\AppData\Local\anaconda3\envs\myenv\lib\site-packages\pycaret\utils\generic.py", line 580, in _calculate_metric
    calculated_metric = score_func(y_test, target, sample_weight=weights, **kwargs)
TypeError: rmsse() got an unexpected keyword argument 'sample_weight'

During handling of the above exception, another exception occurred:

Traceback (most recent call last):
  File "c:\Users\clayton\AppData\Local\anaconda3\envs\myenv\lib\site-packages\pycaret\utils\generic.py", line 583, in _calculate_metric
    calculated_metric = score_func(y_test, target, **kwargs)
  File "c:\Users\clayton\AppData\Local\anaconda3\envs\myenv\lib\site-packages\pycaret\containers\metrics\time_series.py", line 185, in rmsse
    return mean_squared_scaled_error(
  File "c:\Users\clayton\AppData\Local\anaconda3\envs\myenv\lib\site-packages\sktime\performance_metrics\forecasting\_functions.py", line 685, in mean_squared_scaled_error
    _, y_true, y_pred, multioutput = _check_reg_targets(y_true, y_pred, multioutput)
  File "c:\Users\clayton\AppData\Local\anaconda3\envs\myenv\lib\site-packages\sklearn\metrics\_regression.py", line 102, in _check_reg_targets
    check_consistent_length(y_true, y_pred)
  File "c:\Users\clayton\AppData\Local\anaconda3\envs\myenv\lib\site-packages\sklearn\utils\validation.py", line 457, in check_consistent_length
    raise ValueError(
ValueError: Found input variables with inconsistent numbers of samples: [3, 226]



2024-07-12 17:01:34,524:WARNING:c:\Users\clayton\AppData\Local\anaconda3\envs\myenv\lib\site-packages\pycaret\utils\generic.py:585: UserWarning:

Traceback (most recent call last):
  File "c:\Users\clayton\AppData\Local\anaconda3\envs\myenv\lib\site-packages\pycaret\utils\generic.py", line 580, in _calculate_metric
    calculated_metric = score_func(y_test, target, sample_weight=weights, **kwargs)
  File "c:\Users\clayton\AppData\Local\anaconda3\envs\myenv\lib\site-packages\sklearn\utils\_param_validation.py", line 213, in wrapper
    return func(*args, **kwargs)
  File "c:\Users\clayton\AppData\Local\anaconda3\envs\myenv\lib\site-packages\sklearn\metrics\_regression.py", line 207, in mean_absolute_error
    y_type, y_true, y_pred, multioutput = _check_reg_targets(
  File "c:\Users\clayton\AppData\Local\anaconda3\envs\myenv\lib\site-packages\sklearn\metrics\_regression.py", line 102, in _check_reg_targets
    check_consistent_length(y_true, y_pred)
  File "c:\Users\clayton\AppData\Local\anaconda3\envs\myenv\lib\site-packages\sklearn\utils\validation.py", line 457, in check_consistent_length
    raise ValueError(
ValueError: Found input variables with inconsistent numbers of samples: [3, 226]

During handling of the above exception, another exception occurred:

Traceback (most recent call last):
  File "c:\Users\clayton\AppData\Local\anaconda3\envs\myenv\lib\site-packages\pycaret\utils\generic.py", line 583, in _calculate_metric
    calculated_metric = score_func(y_test, target, **kwargs)
  File "c:\Users\clayton\AppData\Local\anaconda3\envs\myenv\lib\site-packages\sklearn\utils\_param_validation.py", line 213, in wrapper
    return func(*args, **kwargs)
  File "c:\Users\clayton\AppData\Local\anaconda3\envs\myenv\lib\site-packages\sklearn\metrics\_regression.py", line 207, in mean_absolute_error
    y_type, y_true, y_pred, multioutput = _check_reg_targets(
  File "c:\Users\clayton\AppData\Local\anaconda3\envs\myenv\lib\site-packages\sklearn\metrics\_regression.py", line 102, in _check_reg_targets
    check_consistent_length(y_true, y_pred)
  File "c:\Users\clayton\AppData\Local\anaconda3\envs\myenv\lib\site-packages\sklearn\utils\validation.py", line 457, in check_consistent_length
    raise ValueError(
ValueError: Found input variables with inconsistent numbers of samples: [3, 226]



2024-07-12 17:01:34,524:WARNING:c:\Users\clayton\AppData\Local\anaconda3\envs\myenv\lib\site-packages\sklearn\metrics\_regression.py:483: FutureWarning:

'squared' is deprecated in version 1.4 and will be removed in 1.6. To calculate the root mean squared error, use the function'root_mean_squared_error'.


2024-07-12 17:01:34,527:WARNING:c:\Users\clayton\AppData\Local\anaconda3\envs\myenv\lib\site-packages\pycaret\utils\generic.py:585: UserWarning:

Traceback (most recent call last):
  File "c:\Users\clayton\AppData\Local\anaconda3\envs\myenv\lib\site-packages\pycaret\utils\generic.py", line 580, in _calculate_metric
    calculated_metric = score_func(y_test, target, sample_weight=weights, **kwargs)
  File "c:\Users\clayton\AppData\Local\anaconda3\envs\myenv\lib\site-packages\sklearn\utils\_param_validation.py", line 213, in wrapper
    return func(*args, **kwargs)
  File "c:\Users\clayton\AppData\Local\anaconda3\envs\myenv\lib\site-packages\sklearn\metrics\_regression.py", line 493, in mean_squared_error
    return root_mean_squared_error(
  File "c:\Users\clayton\AppData\Local\anaconda3\envs\myenv\lib\site-packages\sklearn\utils\_param_validation.py", line 186, in wrapper
    return func(*args, **kwargs)
  File "c:\Users\clayton\AppData\Local\anaconda3\envs\myenv\lib\site-packages\sklearn\metrics\_regression.py", line 572, in root_mean_squared_error
    mean_squared_error(
  File "c:\Users\clayton\AppData\Local\anaconda3\envs\myenv\lib\site-packages\sklearn\utils\_param_validation.py", line 186, in wrapper
    return func(*args, **kwargs)
  File "c:\Users\clayton\AppData\Local\anaconda3\envs\myenv\lib\site-packages\sklearn\metrics\_regression.py", line 497, in mean_squared_error
    y_type, y_true, y_pred, multioutput = _check_reg_targets(
  File "c:\Users\clayton\AppData\Local\anaconda3\envs\myenv\lib\site-packages\sklearn\metrics\_regression.py", line 102, in _check_reg_targets
    check_consistent_length(y_true, y_pred)
  File "c:\Users\clayton\AppData\Local\anaconda3\envs\myenv\lib\site-packages\sklearn\utils\validation.py", line 457, in check_consistent_length
    raise ValueError(
ValueError: Found input variables with inconsistent numbers of samples: [3, 226]

During handling of the above exception, another exception occurred:

Traceback (most recent call last):
  File "c:\Users\clayton\AppData\Local\anaconda3\envs\myenv\lib\site-packages\pycaret\utils\generic.py", line 583, in _calculate_metric
    calculated_metric = score_func(y_test, target, **kwargs)
  File "c:\Users\clayton\AppData\Local\anaconda3\envs\myenv\lib\site-packages\sklearn\utils\_param_validation.py", line 213, in wrapper
    return func(*args, **kwargs)
  File "c:\Users\clayton\AppData\Local\anaconda3\envs\myenv\lib\site-packages\sklearn\metrics\_regression.py", line 493, in mean_squared_error
    return root_mean_squared_error(
  File "c:\Users\clayton\AppData\Local\anaconda3\envs\myenv\lib\site-packages\sklearn\utils\_param_validation.py", line 186, in wrapper
    return func(*args, **kwargs)
  File "c:\Users\clayton\AppData\Local\anaconda3\envs\myenv\lib\site-packages\sklearn\metrics\_regression.py", line 572, in root_mean_squared_error
    mean_squared_error(
  File "c:\Users\clayton\AppData\Local\anaconda3\envs\myenv\lib\site-packages\sklearn\utils\_param_validation.py", line 186, in wrapper
    return func(*args, **kwargs)
  File "c:\Users\clayton\AppData\Local\anaconda3\envs\myenv\lib\site-packages\sklearn\metrics\_regression.py", line 497, in mean_squared_error
    y_type, y_true, y_pred, multioutput = _check_reg_targets(
  File "c:\Users\clayton\AppData\Local\anaconda3\envs\myenv\lib\site-packages\sklearn\metrics\_regression.py", line 102, in _check_reg_targets
    check_consistent_length(y_true, y_pred)
  File "c:\Users\clayton\AppData\Local\anaconda3\envs\myenv\lib\site-packages\sklearn\utils\validation.py", line 457, in check_consistent_length
    raise ValueError(
ValueError: Found input variables with inconsistent numbers of samples: [3, 226]



2024-07-12 17:01:34,527:WARNING:c:\Users\clayton\AppData\Local\anaconda3\envs\myenv\lib\site-packages\pycaret\utils\generic.py:585: UserWarning:

Traceback (most recent call last):
  File "c:\Users\clayton\AppData\Local\anaconda3\envs\myenv\lib\site-packages\pycaret\utils\generic.py", line 580, in _calculate_metric
    calculated_metric = score_func(y_test, target, sample_weight=weights, **kwargs)
  File "c:\Users\clayton\AppData\Local\anaconda3\envs\myenv\lib\site-packages\pycaret\containers\metrics\time_series.py", line 168, in mape
    return mean_absolute_percentage_error(
  File "c:\Users\clayton\AppData\Local\anaconda3\envs\myenv\lib\site-packages\sktime\performance_metrics\forecasting\_functions.py", line 1549, in mean_absolute_percentage_error
    _, y_true, y_pred, multioutput = _check_reg_targets(y_true, y_pred, multioutput)
  File "c:\Users\clayton\AppData\Local\anaconda3\envs\myenv\lib\site-packages\sklearn\metrics\_regression.py", line 102, in _check_reg_targets
    check_consistent_length(y_true, y_pred)
  File "c:\Users\clayton\AppData\Local\anaconda3\envs\myenv\lib\site-packages\sklearn\utils\validation.py", line 457, in check_consistent_length
    raise ValueError(
ValueError: Found input variables with inconsistent numbers of samples: [3, 226]

During handling of the above exception, another exception occurred:

Traceback (most recent call last):
  File "c:\Users\clayton\AppData\Local\anaconda3\envs\myenv\lib\site-packages\pycaret\utils\generic.py", line 583, in _calculate_metric
    calculated_metric = score_func(y_test, target, **kwargs)
  File "c:\Users\clayton\AppData\Local\anaconda3\envs\myenv\lib\site-packages\pycaret\containers\metrics\time_series.py", line 168, in mape
    return mean_absolute_percentage_error(
  File "c:\Users\clayton\AppData\Local\anaconda3\envs\myenv\lib\site-packages\sktime\performance_metrics\forecasting\_functions.py", line 1549, in mean_absolute_percentage_error
    _, y_true, y_pred, multioutput = _check_reg_targets(y_true, y_pred, multioutput)
  File "c:\Users\clayton\AppData\Local\anaconda3\envs\myenv\lib\site-packages\sklearn\metrics\_regression.py", line 102, in _check_reg_targets
    check_consistent_length(y_true, y_pred)
  File "c:\Users\clayton\AppData\Local\anaconda3\envs\myenv\lib\site-packages\sklearn\utils\validation.py", line 457, in check_consistent_length
    raise ValueError(
ValueError: Found input variables with inconsistent numbers of samples: [3, 226]



2024-07-12 17:01:34,529:WARNING:c:\Users\clayton\AppData\Local\anaconda3\envs\myenv\lib\site-packages\pycaret\utils\generic.py:585: UserWarning:

Traceback (most recent call last):
  File "c:\Users\clayton\AppData\Local\anaconda3\envs\myenv\lib\site-packages\pycaret\utils\generic.py", line 580, in _calculate_metric
    calculated_metric = score_func(y_test, target, sample_weight=weights, **kwargs)
  File "c:\Users\clayton\AppData\Local\anaconda3\envs\myenv\lib\site-packages\pycaret\containers\metrics\time_series.py", line 159, in _smape_loss
    return mean_absolute_percentage_error(
  File "c:\Users\clayton\AppData\Local\anaconda3\envs\myenv\lib\site-packages\sktime\performance_metrics\forecasting\_functions.py", line 1549, in mean_absolute_percentage_error
    _, y_true, y_pred, multioutput = _check_reg_targets(y_true, y_pred, multioutput)
  File "c:\Users\clayton\AppData\Local\anaconda3\envs\myenv\lib\site-packages\sklearn\metrics\_regression.py", line 102, in _check_reg_targets
    check_consistent_length(y_true, y_pred)
  File "c:\Users\clayton\AppData\Local\anaconda3\envs\myenv\lib\site-packages\sklearn\utils\validation.py", line 457, in check_consistent_length
    raise ValueError(
ValueError: Found input variables with inconsistent numbers of samples: [3, 226]

During handling of the above exception, another exception occurred:

Traceback (most recent call last):
  File "c:\Users\clayton\AppData\Local\anaconda3\envs\myenv\lib\site-packages\pycaret\utils\generic.py", line 583, in _calculate_metric
    calculated_metric = score_func(y_test, target, **kwargs)
  File "c:\Users\clayton\AppData\Local\anaconda3\envs\myenv\lib\site-packages\pycaret\containers\metrics\time_series.py", line 159, in _smape_loss
    return mean_absolute_percentage_error(
  File "c:\Users\clayton\AppData\Local\anaconda3\envs\myenv\lib\site-packages\sktime\performance_metrics\forecasting\_functions.py", line 1549, in mean_absolute_percentage_error
    _, y_true, y_pred, multioutput = _check_reg_targets(y_true, y_pred, multioutput)
  File "c:\Users\clayton\AppData\Local\anaconda3\envs\myenv\lib\site-packages\sklearn\metrics\_regression.py", line 102, in _check_reg_targets
    check_consistent_length(y_true, y_pred)
  File "c:\Users\clayton\AppData\Local\anaconda3\envs\myenv\lib\site-packages\sklearn\utils\validation.py", line 457, in check_consistent_length
    raise ValueError(
ValueError: Found input variables with inconsistent numbers of samples: [3, 226]



2024-07-12 17:01:34,530:WARNING:c:\Users\clayton\AppData\Local\anaconda3\envs\myenv\lib\site-packages\pycaret\utils\generic.py:585: UserWarning:

Traceback (most recent call last):
  File "c:\Users\clayton\AppData\Local\anaconda3\envs\myenv\lib\site-packages\pycaret\utils\generic.py", line 580, in _calculate_metric
    calculated_metric = score_func(y_test, target, sample_weight=weights, **kwargs)
  File "c:\Users\clayton\AppData\Local\anaconda3\envs\myenv\lib\site-packages\sklearn\utils\_param_validation.py", line 213, in wrapper
    return func(*args, **kwargs)
  File "c:\Users\clayton\AppData\Local\anaconda3\envs\myenv\lib\site-packages\sklearn\metrics\_regression.py", line 1180, in r2_score
    y_type, y_true, y_pred, multioutput = _check_reg_targets(
  File "c:\Users\clayton\AppData\Local\anaconda3\envs\myenv\lib\site-packages\sklearn\metrics\_regression.py", line 102, in _check_reg_targets
    check_consistent_length(y_true, y_pred)
  File "c:\Users\clayton\AppData\Local\anaconda3\envs\myenv\lib\site-packages\sklearn\utils\validation.py", line 457, in check_consistent_length
    raise ValueError(
ValueError: Found input variables with inconsistent numbers of samples: [3, 226]

During handling of the above exception, another exception occurred:

Traceback (most recent call last):
  File "c:\Users\clayton\AppData\Local\anaconda3\envs\myenv\lib\site-packages\pycaret\utils\generic.py", line 583, in _calculate_metric
    calculated_metric = score_func(y_test, target, **kwargs)
  File "c:\Users\clayton\AppData\Local\anaconda3\envs\myenv\lib\site-packages\sklearn\utils\_param_validation.py", line 213, in wrapper
    return func(*args, **kwargs)
  File "c:\Users\clayton\AppData\Local\anaconda3\envs\myenv\lib\site-packages\sklearn\metrics\_regression.py", line 1180, in r2_score
    y_type, y_true, y_pred, multioutput = _check_reg_targets(
  File "c:\Users\clayton\AppData\Local\anaconda3\envs\myenv\lib\site-packages\sklearn\metrics\_regression.py", line 102, in _check_reg_targets
    check_consistent_length(y_true, y_pred)
  File "c:\Users\clayton\AppData\Local\anaconda3\envs\myenv\lib\site-packages\sklearn\utils\validation.py", line 457, in check_consistent_length
    raise ValueError(
ValueError: Found input variables with inconsistent numbers of samples: [3, 226]



2024-07-12 17:01:34,531:WARNING:predict_model >> Prediction Indices do not match test indices. Metrics will not be displayed.
2024-07-12 17:01:34,692:WARNING:c:\Users\clayton\AppData\Local\anaconda3\envs\myenv\lib\site-packages\pycaret\internal\tests\time_series.py:396: InterpolationWarning:

The test statistic is outside of the range of p-values available in the
look-up table. The actual p-value is greater than the p-value returned.



2024-07-12 17:01:34,741:INFO:Initializing create_model()
2024-07-12 17:01:34,741:INFO:create_model(self=<pycaret.time_series.forecasting.oop.TSForecastingExperiment object at 0x000002344CCA3F10>, estimator=arima, fold=None, round=4, cross_validation=True, predict=True, fit_kwargs=None, groups=None, refit=True, probability_threshold=None, experiment_custom_tags=None, verbose=True, system=True, add_to_model_list=True, metrics=None, display=None, model_only=True, return_train_score=False, error_score=0.0, kwargs={})
2024-07-12 17:01:34,741:INFO:Checking exceptions
2024-07-12 17:01:34,750:INFO:Importing libraries
2024-07-12 17:01:34,750:INFO:Copying training dataset
2024-07-12 17:01:34,750:INFO:Defining folds
2024-07-12 17:01:34,758:INFO:Declaring metric variables
2024-07-12 17:01:34,762:INFO:Importing untrained model
2024-07-12 17:01:34,771:INFO:ARIMA Imported successfully
2024-07-12 17:01:34,784:INFO:Starting cross validation
2024-07-12 17:01:34,785:INFO:Cross validating with ExpandingWindowSplitter(fh=ForecastingHorizon([1, 2, 3], dtype='int32', is_relative=True),
                        initial_window=217, step_length=3), n_jobs=-1
2024-07-12 17:01:34,913:INFO:Calculating mean and std
2024-07-12 17:01:34,913:INFO:Creating metrics dataframe
2024-07-12 17:01:34,913:WARNING:c:\Users\clayton\AppData\Local\anaconda3\envs\myenv\lib\site-packages\pycaret\time_series\forecasting\oop.py:2694: FutureWarning:

The behavior of DataFrame concatenation with empty or all-NA entries is deprecated. In a future version, this will no longer exclude empty or all-NA columns when determining the result dtypes. To retain the old behavior, exclude the relevant entries before the concat operation.


2024-07-12 17:01:34,913:INFO:Finalizing model
2024-07-12 17:01:34,952:INFO:Uploading results into container
2024-07-12 17:01:34,952:INFO:Uploading model into container now
2024-07-12 17:01:34,955:INFO:_master_model_container: 28
2024-07-12 17:01:34,955:INFO:_display_container: 6
2024-07-12 17:01:34,959:INFO:ARIMA(seasonal_order=(0, 1, 0, 2))
2024-07-12 17:01:34,959:INFO:create_model() successfully completed......................................
2024-07-12 17:01:35,151:WARNING:c:\Users\clayton\AppData\Local\anaconda3\envs\myenv\lib\site-packages\sklearn\metrics\_regression.py:483: FutureWarning:

'squared' is deprecated in version 1.4 and will be removed in 1.6. To calculate the root mean squared error, use the function'root_mean_squared_error'.


2024-07-12 17:01:35,319:INFO:Visual Rendered Successfully
2024-07-12 17:01:35,423:WARNING:c:\Users\clayton\AppData\Local\anaconda3\envs\myenv\lib\site-packages\pycaret\utils\generic.py:585: UserWarning:

Traceback (most recent call last):
  File "c:\Users\clayton\AppData\Local\anaconda3\envs\myenv\lib\site-packages\pycaret\utils\generic.py", line 580, in _calculate_metric
    calculated_metric = score_func(y_test, target, sample_weight=weights, **kwargs)
TypeError: mase() got an unexpected keyword argument 'sample_weight'

During handling of the above exception, another exception occurred:

Traceback (most recent call last):
  File "c:\Users\clayton\AppData\Local\anaconda3\envs\myenv\lib\site-packages\pycaret\utils\generic.py", line 583, in _calculate_metric
    calculated_metric = score_func(y_test, target, **kwargs)
  File "c:\Users\clayton\AppData\Local\anaconda3\envs\myenv\lib\site-packages\pycaret\containers\metrics\time_series.py", line 175, in mase
    return mean_absolute_scaled_error(
  File "c:\Users\clayton\AppData\Local\anaconda3\envs\myenv\lib\site-packages\sktime\performance_metrics\forecasting\_functions.py", line 421, in mean_absolute_scaled_error
    _, y_true, y_pred, multioutput = _check_reg_targets(y_true, y_pred, multioutput)
  File "c:\Users\clayton\AppData\Local\anaconda3\envs\myenv\lib\site-packages\sklearn\metrics\_regression.py", line 102, in _check_reg_targets
    check_consistent_length(y_true, y_pred)
  File "c:\Users\clayton\AppData\Local\anaconda3\envs\myenv\lib\site-packages\sklearn\utils\validation.py", line 457, in check_consistent_length
    raise ValueError(
ValueError: Found input variables with inconsistent numbers of samples: [3, 226]



2024-07-12 17:01:35,423:WARNING:c:\Users\clayton\AppData\Local\anaconda3\envs\myenv\lib\site-packages\pycaret\utils\generic.py:585: UserWarning:

Traceback (most recent call last):
  File "c:\Users\clayton\AppData\Local\anaconda3\envs\myenv\lib\site-packages\pycaret\utils\generic.py", line 580, in _calculate_metric
    calculated_metric = score_func(y_test, target, sample_weight=weights, **kwargs)
TypeError: rmsse() got an unexpected keyword argument 'sample_weight'

During handling of the above exception, another exception occurred:

Traceback (most recent call last):
  File "c:\Users\clayton\AppData\Local\anaconda3\envs\myenv\lib\site-packages\pycaret\utils\generic.py", line 583, in _calculate_metric
    calculated_metric = score_func(y_test, target, **kwargs)
  File "c:\Users\clayton\AppData\Local\anaconda3\envs\myenv\lib\site-packages\pycaret\containers\metrics\time_series.py", line 185, in rmsse
    return mean_squared_scaled_error(
  File "c:\Users\clayton\AppData\Local\anaconda3\envs\myenv\lib\site-packages\sktime\performance_metrics\forecasting\_functions.py", line 685, in mean_squared_scaled_error
    _, y_true, y_pred, multioutput = _check_reg_targets(y_true, y_pred, multioutput)
  File "c:\Users\clayton\AppData\Local\anaconda3\envs\myenv\lib\site-packages\sklearn\metrics\_regression.py", line 102, in _check_reg_targets
    check_consistent_length(y_true, y_pred)
  File "c:\Users\clayton\AppData\Local\anaconda3\envs\myenv\lib\site-packages\sklearn\utils\validation.py", line 457, in check_consistent_length
    raise ValueError(
ValueError: Found input variables with inconsistent numbers of samples: [3, 226]



2024-07-12 17:01:35,423:WARNING:c:\Users\clayton\AppData\Local\anaconda3\envs\myenv\lib\site-packages\pycaret\utils\generic.py:585: UserWarning:

Traceback (most recent call last):
  File "c:\Users\clayton\AppData\Local\anaconda3\envs\myenv\lib\site-packages\pycaret\utils\generic.py", line 580, in _calculate_metric
    calculated_metric = score_func(y_test, target, sample_weight=weights, **kwargs)
  File "c:\Users\clayton\AppData\Local\anaconda3\envs\myenv\lib\site-packages\sklearn\utils\_param_validation.py", line 213, in wrapper
    return func(*args, **kwargs)
  File "c:\Users\clayton\AppData\Local\anaconda3\envs\myenv\lib\site-packages\sklearn\metrics\_regression.py", line 207, in mean_absolute_error
    y_type, y_true, y_pred, multioutput = _check_reg_targets(
  File "c:\Users\clayton\AppData\Local\anaconda3\envs\myenv\lib\site-packages\sklearn\metrics\_regression.py", line 102, in _check_reg_targets
    check_consistent_length(y_true, y_pred)
  File "c:\Users\clayton\AppData\Local\anaconda3\envs\myenv\lib\site-packages\sklearn\utils\validation.py", line 457, in check_consistent_length
    raise ValueError(
ValueError: Found input variables with inconsistent numbers of samples: [3, 226]

During handling of the above exception, another exception occurred:

Traceback (most recent call last):
  File "c:\Users\clayton\AppData\Local\anaconda3\envs\myenv\lib\site-packages\pycaret\utils\generic.py", line 583, in _calculate_metric
    calculated_metric = score_func(y_test, target, **kwargs)
  File "c:\Users\clayton\AppData\Local\anaconda3\envs\myenv\lib\site-packages\sklearn\utils\_param_validation.py", line 213, in wrapper
    return func(*args, **kwargs)
  File "c:\Users\clayton\AppData\Local\anaconda3\envs\myenv\lib\site-packages\sklearn\metrics\_regression.py", line 207, in mean_absolute_error
    y_type, y_true, y_pred, multioutput = _check_reg_targets(
  File "c:\Users\clayton\AppData\Local\anaconda3\envs\myenv\lib\site-packages\sklearn\metrics\_regression.py", line 102, in _check_reg_targets
    check_consistent_length(y_true, y_pred)
  File "c:\Users\clayton\AppData\Local\anaconda3\envs\myenv\lib\site-packages\sklearn\utils\validation.py", line 457, in check_consistent_length
    raise ValueError(
ValueError: Found input variables with inconsistent numbers of samples: [3, 226]



2024-07-12 17:01:35,423:WARNING:c:\Users\clayton\AppData\Local\anaconda3\envs\myenv\lib\site-packages\sklearn\metrics\_regression.py:483: FutureWarning:

'squared' is deprecated in version 1.4 and will be removed in 1.6. To calculate the root mean squared error, use the function'root_mean_squared_error'.


2024-07-12 17:01:35,423:WARNING:c:\Users\clayton\AppData\Local\anaconda3\envs\myenv\lib\site-packages\pycaret\utils\generic.py:585: UserWarning:

Traceback (most recent call last):
  File "c:\Users\clayton\AppData\Local\anaconda3\envs\myenv\lib\site-packages\pycaret\utils\generic.py", line 580, in _calculate_metric
    calculated_metric = score_func(y_test, target, sample_weight=weights, **kwargs)
  File "c:\Users\clayton\AppData\Local\anaconda3\envs\myenv\lib\site-packages\sklearn\utils\_param_validation.py", line 213, in wrapper
    return func(*args, **kwargs)
  File "c:\Users\clayton\AppData\Local\anaconda3\envs\myenv\lib\site-packages\sklearn\metrics\_regression.py", line 493, in mean_squared_error
    return root_mean_squared_error(
  File "c:\Users\clayton\AppData\Local\anaconda3\envs\myenv\lib\site-packages\sklearn\utils\_param_validation.py", line 186, in wrapper
    return func(*args, **kwargs)
  File "c:\Users\clayton\AppData\Local\anaconda3\envs\myenv\lib\site-packages\sklearn\metrics\_regression.py", line 572, in root_mean_squared_error
    mean_squared_error(
  File "c:\Users\clayton\AppData\Local\anaconda3\envs\myenv\lib\site-packages\sklearn\utils\_param_validation.py", line 186, in wrapper
    return func(*args, **kwargs)
  File "c:\Users\clayton\AppData\Local\anaconda3\envs\myenv\lib\site-packages\sklearn\metrics\_regression.py", line 497, in mean_squared_error
    y_type, y_true, y_pred, multioutput = _check_reg_targets(
  File "c:\Users\clayton\AppData\Local\anaconda3\envs\myenv\lib\site-packages\sklearn\metrics\_regression.py", line 102, in _check_reg_targets
    check_consistent_length(y_true, y_pred)
  File "c:\Users\clayton\AppData\Local\anaconda3\envs\myenv\lib\site-packages\sklearn\utils\validation.py", line 457, in check_consistent_length
    raise ValueError(
ValueError: Found input variables with inconsistent numbers of samples: [3, 226]

During handling of the above exception, another exception occurred:

Traceback (most recent call last):
  File "c:\Users\clayton\AppData\Local\anaconda3\envs\myenv\lib\site-packages\pycaret\utils\generic.py", line 583, in _calculate_metric
    calculated_metric = score_func(y_test, target, **kwargs)
  File "c:\Users\clayton\AppData\Local\anaconda3\envs\myenv\lib\site-packages\sklearn\utils\_param_validation.py", line 213, in wrapper
    return func(*args, **kwargs)
  File "c:\Users\clayton\AppData\Local\anaconda3\envs\myenv\lib\site-packages\sklearn\metrics\_regression.py", line 493, in mean_squared_error
    return root_mean_squared_error(
  File "c:\Users\clayton\AppData\Local\anaconda3\envs\myenv\lib\site-packages\sklearn\utils\_param_validation.py", line 186, in wrapper
    return func(*args, **kwargs)
  File "c:\Users\clayton\AppData\Local\anaconda3\envs\myenv\lib\site-packages\sklearn\metrics\_regression.py", line 572, in root_mean_squared_error
    mean_squared_error(
  File "c:\Users\clayton\AppData\Local\anaconda3\envs\myenv\lib\site-packages\sklearn\utils\_param_validation.py", line 186, in wrapper
    return func(*args, **kwargs)
  File "c:\Users\clayton\AppData\Local\anaconda3\envs\myenv\lib\site-packages\sklearn\metrics\_regression.py", line 497, in mean_squared_error
    y_type, y_true, y_pred, multioutput = _check_reg_targets(
  File "c:\Users\clayton\AppData\Local\anaconda3\envs\myenv\lib\site-packages\sklearn\metrics\_regression.py", line 102, in _check_reg_targets
    check_consistent_length(y_true, y_pred)
  File "c:\Users\clayton\AppData\Local\anaconda3\envs\myenv\lib\site-packages\sklearn\utils\validation.py", line 457, in check_consistent_length
    raise ValueError(
ValueError: Found input variables with inconsistent numbers of samples: [3, 226]



2024-07-12 17:01:35,423:WARNING:c:\Users\clayton\AppData\Local\anaconda3\envs\myenv\lib\site-packages\pycaret\utils\generic.py:585: UserWarning:

Traceback (most recent call last):
  File "c:\Users\clayton\AppData\Local\anaconda3\envs\myenv\lib\site-packages\pycaret\utils\generic.py", line 580, in _calculate_metric
    calculated_metric = score_func(y_test, target, sample_weight=weights, **kwargs)
  File "c:\Users\clayton\AppData\Local\anaconda3\envs\myenv\lib\site-packages\pycaret\containers\metrics\time_series.py", line 168, in mape
    return mean_absolute_percentage_error(
  File "c:\Users\clayton\AppData\Local\anaconda3\envs\myenv\lib\site-packages\sktime\performance_metrics\forecasting\_functions.py", line 1549, in mean_absolute_percentage_error
    _, y_true, y_pred, multioutput = _check_reg_targets(y_true, y_pred, multioutput)
  File "c:\Users\clayton\AppData\Local\anaconda3\envs\myenv\lib\site-packages\sklearn\metrics\_regression.py", line 102, in _check_reg_targets
    check_consistent_length(y_true, y_pred)
  File "c:\Users\clayton\AppData\Local\anaconda3\envs\myenv\lib\site-packages\sklearn\utils\validation.py", line 457, in check_consistent_length
    raise ValueError(
ValueError: Found input variables with inconsistent numbers of samples: [3, 226]

During handling of the above exception, another exception occurred:

Traceback (most recent call last):
  File "c:\Users\clayton\AppData\Local\anaconda3\envs\myenv\lib\site-packages\pycaret\utils\generic.py", line 583, in _calculate_metric
    calculated_metric = score_func(y_test, target, **kwargs)
  File "c:\Users\clayton\AppData\Local\anaconda3\envs\myenv\lib\site-packages\pycaret\containers\metrics\time_series.py", line 168, in mape
    return mean_absolute_percentage_error(
  File "c:\Users\clayton\AppData\Local\anaconda3\envs\myenv\lib\site-packages\sktime\performance_metrics\forecasting\_functions.py", line 1549, in mean_absolute_percentage_error
    _, y_true, y_pred, multioutput = _check_reg_targets(y_true, y_pred, multioutput)
  File "c:\Users\clayton\AppData\Local\anaconda3\envs\myenv\lib\site-packages\sklearn\metrics\_regression.py", line 102, in _check_reg_targets
    check_consistent_length(y_true, y_pred)
  File "c:\Users\clayton\AppData\Local\anaconda3\envs\myenv\lib\site-packages\sklearn\utils\validation.py", line 457, in check_consistent_length
    raise ValueError(
ValueError: Found input variables with inconsistent numbers of samples: [3, 226]



2024-07-12 17:01:35,423:WARNING:c:\Users\clayton\AppData\Local\anaconda3\envs\myenv\lib\site-packages\pycaret\utils\generic.py:585: UserWarning:

Traceback (most recent call last):
  File "c:\Users\clayton\AppData\Local\anaconda3\envs\myenv\lib\site-packages\pycaret\utils\generic.py", line 580, in _calculate_metric
    calculated_metric = score_func(y_test, target, sample_weight=weights, **kwargs)
  File "c:\Users\clayton\AppData\Local\anaconda3\envs\myenv\lib\site-packages\pycaret\containers\metrics\time_series.py", line 159, in _smape_loss
    return mean_absolute_percentage_error(
  File "c:\Users\clayton\AppData\Local\anaconda3\envs\myenv\lib\site-packages\sktime\performance_metrics\forecasting\_functions.py", line 1549, in mean_absolute_percentage_error
    _, y_true, y_pred, multioutput = _check_reg_targets(y_true, y_pred, multioutput)
  File "c:\Users\clayton\AppData\Local\anaconda3\envs\myenv\lib\site-packages\sklearn\metrics\_regression.py", line 102, in _check_reg_targets
    check_consistent_length(y_true, y_pred)
  File "c:\Users\clayton\AppData\Local\anaconda3\envs\myenv\lib\site-packages\sklearn\utils\validation.py", line 457, in check_consistent_length
    raise ValueError(
ValueError: Found input variables with inconsistent numbers of samples: [3, 226]

During handling of the above exception, another exception occurred:

Traceback (most recent call last):
  File "c:\Users\clayton\AppData\Local\anaconda3\envs\myenv\lib\site-packages\pycaret\utils\generic.py", line 583, in _calculate_metric
    calculated_metric = score_func(y_test, target, **kwargs)
  File "c:\Users\clayton\AppData\Local\anaconda3\envs\myenv\lib\site-packages\pycaret\containers\metrics\time_series.py", line 159, in _smape_loss
    return mean_absolute_percentage_error(
  File "c:\Users\clayton\AppData\Local\anaconda3\envs\myenv\lib\site-packages\sktime\performance_metrics\forecasting\_functions.py", line 1549, in mean_absolute_percentage_error
    _, y_true, y_pred, multioutput = _check_reg_targets(y_true, y_pred, multioutput)
  File "c:\Users\clayton\AppData\Local\anaconda3\envs\myenv\lib\site-packages\sklearn\metrics\_regression.py", line 102, in _check_reg_targets
    check_consistent_length(y_true, y_pred)
  File "c:\Users\clayton\AppData\Local\anaconda3\envs\myenv\lib\site-packages\sklearn\utils\validation.py", line 457, in check_consistent_length
    raise ValueError(
ValueError: Found input variables with inconsistent numbers of samples: [3, 226]



2024-07-12 17:01:35,430:WARNING:c:\Users\clayton\AppData\Local\anaconda3\envs\myenv\lib\site-packages\pycaret\utils\generic.py:585: UserWarning:

Traceback (most recent call last):
  File "c:\Users\clayton\AppData\Local\anaconda3\envs\myenv\lib\site-packages\pycaret\utils\generic.py", line 580, in _calculate_metric
    calculated_metric = score_func(y_test, target, sample_weight=weights, **kwargs)
  File "c:\Users\clayton\AppData\Local\anaconda3\envs\myenv\lib\site-packages\sklearn\utils\_param_validation.py", line 213, in wrapper
    return func(*args, **kwargs)
  File "c:\Users\clayton\AppData\Local\anaconda3\envs\myenv\lib\site-packages\sklearn\metrics\_regression.py", line 1180, in r2_score
    y_type, y_true, y_pred, multioutput = _check_reg_targets(
  File "c:\Users\clayton\AppData\Local\anaconda3\envs\myenv\lib\site-packages\sklearn\metrics\_regression.py", line 102, in _check_reg_targets
    check_consistent_length(y_true, y_pred)
  File "c:\Users\clayton\AppData\Local\anaconda3\envs\myenv\lib\site-packages\sklearn\utils\validation.py", line 457, in check_consistent_length
    raise ValueError(
ValueError: Found input variables with inconsistent numbers of samples: [3, 226]

During handling of the above exception, another exception occurred:

Traceback (most recent call last):
  File "c:\Users\clayton\AppData\Local\anaconda3\envs\myenv\lib\site-packages\pycaret\utils\generic.py", line 583, in _calculate_metric
    calculated_metric = score_func(y_test, target, **kwargs)
  File "c:\Users\clayton\AppData\Local\anaconda3\envs\myenv\lib\site-packages\sklearn\utils\_param_validation.py", line 213, in wrapper
    return func(*args, **kwargs)
  File "c:\Users\clayton\AppData\Local\anaconda3\envs\myenv\lib\site-packages\sklearn\metrics\_regression.py", line 1180, in r2_score
    y_type, y_true, y_pred, multioutput = _check_reg_targets(
  File "c:\Users\clayton\AppData\Local\anaconda3\envs\myenv\lib\site-packages\sklearn\metrics\_regression.py", line 102, in _check_reg_targets
    check_consistent_length(y_true, y_pred)
  File "c:\Users\clayton\AppData\Local\anaconda3\envs\myenv\lib\site-packages\sklearn\utils\validation.py", line 457, in check_consistent_length
    raise ValueError(
ValueError: Found input variables with inconsistent numbers of samples: [3, 226]



2024-07-12 17:01:35,430:WARNING:predict_model >> Prediction Indices do not match test indices. Metrics will not be displayed.
2024-07-12 17:01:35,591:WARNING:c:\Users\clayton\AppData\Local\anaconda3\envs\myenv\lib\site-packages\pycaret\internal\tests\time_series.py:396: InterpolationWarning:

The test statistic is outside of the range of p-values available in the
look-up table. The actual p-value is greater than the p-value returned.



2024-07-12 17:01:35,644:INFO:Initializing tune_model()
2024-07-12 17:01:35,645:INFO:tune_model(self=<pycaret.time_series.forecasting.oop.TSForecastingExperiment object at 0x000002344CCA3F10>, estimator=ARIMA(seasonal_order=(0, 1, 0, 2)), fold=None, round=4, n_iter=10, custom_grid=None, optimize=MASE, custom_scorer=None, search_algorithm=None, choose_better=True, fit_kwargs=None, return_tuner=False, verbose=True, tuner_verbose=True, kwargs={}, search_library=pycaret, _allowed_search_algorithms=[None, 'random', 'grid'])
2024-07-12 17:01:35,645:INFO:Checking exceptions
2024-07-12 17:01:35,661:INFO:Copying training dataset
2024-07-12 17:01:35,664:INFO:Checking base model
2024-07-12 17:01:35,665:INFO:Base model : ARIMA
2024-07-12 17:01:35,671:INFO:Declaring metric variables
2024-07-12 17:01:35,675:INFO:Defining Hyperparameters
2024-07-12 17:01:35,821:INFO:Tuning with n_jobs=-1
2024-07-12 17:01:35,821:INFO:Initializing ForecastingRandomizedGridSearchCV
2024-07-12 17:01:36,014:WARNING:c:\Users\clayton\AppData\Local\anaconda3\envs\myenv\lib\site-packages\statsmodels\tsa\statespace\sarimax.py:966: UserWarning: Non-stationary starting autoregressive parameters found. Using zeros as starting parameters.
  warn('Non-stationary starting autoregressive parameters'

2024-07-12 17:01:36,014:WARNING:c:\Users\clayton\AppData\Local\anaconda3\envs\myenv\lib\site-packages\statsmodels\tsa\statespace\sarimax.py:978: UserWarning: Non-invertible starting MA parameters found. Using zeros as starting parameters.
  warn('Non-invertible starting MA parameters found.'

2024-07-12 17:01:36,014:WARNING:c:\Users\clayton\AppData\Local\anaconda3\envs\myenv\lib\site-packages\statsmodels\tsa\statespace\sarimax.py:966: UserWarning: Non-stationary starting autoregressive parameters found. Using zeros as starting parameters.
  warn('Non-stationary starting autoregressive parameters'

2024-07-12 17:01:36,014:WARNING:c:\Users\clayton\AppData\Local\anaconda3\envs\myenv\lib\site-packages\statsmodels\tsa\statespace\sarimax.py:978: UserWarning: Non-invertible starting MA parameters found. Using zeros as starting parameters.
  warn('Non-invertible starting MA parameters found.'

2024-07-12 17:01:36,014:WARNING:c:\Users\clayton\AppData\Local\anaconda3\envs\myenv\lib\site-packages\statsmodels\tsa\statespace\sarimax.py:966: UserWarning: Non-stationary starting autoregressive parameters found. Using zeros as starting parameters.
  warn('Non-stationary starting autoregressive parameters'

2024-07-12 17:01:36,014:WARNING:c:\Users\clayton\AppData\Local\anaconda3\envs\myenv\lib\site-packages\statsmodels\tsa\statespace\sarimax.py:978: UserWarning: Non-invertible starting MA parameters found. Using zeros as starting parameters.
  warn('Non-invertible starting MA parameters found.'

2024-07-12 17:01:36,415:WARNING:c:\Users\clayton\AppData\Local\anaconda3\envs\myenv\lib\site-packages\statsmodels\base\model.py:607: ConvergenceWarning: Maximum Likelihood optimization failed to converge. Check mle_retvals
  warnings.warn("Maximum Likelihood optimization failed to "

2024-07-12 17:01:36,415:WARNING:c:\Users\clayton\AppData\Local\anaconda3\envs\myenv\lib\site-packages\statsmodels\base\model.py:607: ConvergenceWarning: Maximum Likelihood optimization failed to converge. Check mle_retvals
  warnings.warn("Maximum Likelihood optimization failed to "

2024-07-12 17:01:36,440:WARNING:c:\Users\clayton\AppData\Local\anaconda3\envs\myenv\lib\site-packages\statsmodels\base\model.py:607: ConvergenceWarning: Maximum Likelihood optimization failed to converge. Check mle_retvals
  warnings.warn("Maximum Likelihood optimization failed to "

2024-07-12 17:01:36,601:WARNING:c:\Users\clayton\AppData\Local\anaconda3\envs\myenv\lib\site-packages\statsmodels\base\model.py:607: ConvergenceWarning: Maximum Likelihood optimization failed to converge. Check mle_retvals
  warnings.warn("Maximum Likelihood optimization failed to "

2024-07-12 17:01:36,601:WARNING:c:\Users\clayton\AppData\Local\anaconda3\envs\myenv\lib\site-packages\statsmodels\base\model.py:607: ConvergenceWarning: Maximum Likelihood optimization failed to converge. Check mle_retvals
  warnings.warn("Maximum Likelihood optimization failed to "

2024-07-12 17:01:36,659:WARNING:c:\Users\clayton\AppData\Local\anaconda3\envs\myenv\lib\site-packages\statsmodels\base\model.py:607: ConvergenceWarning: Maximum Likelihood optimization failed to converge. Check mle_retvals
  warnings.warn("Maximum Likelihood optimization failed to "

2024-07-12 17:01:36,742:INFO:best_params: {'forecaster__model__with_intercept': True, 'forecaster__model__seasonal_order': (0, 1, 0, 2), 'forecaster__model__order': (1, 1, 1)}
2024-07-12 17:01:36,742:INFO:Hyperparameter search completed
2024-07-12 17:01:36,742:INFO:SubProcess create_model() called ==================================
2024-07-12 17:01:36,742:INFO:Initializing create_model()
2024-07-12 17:01:36,742:INFO:create_model(self=<pycaret.time_series.forecasting.oop.TSForecastingExperiment object at 0x000002344CCA3F10>, estimator=ARIMA(seasonal_order=(0, 1, 0, 2)), fold=None, round=4, cross_validation=True, predict=True, fit_kwargs={'fh': ForecastingHorizon([1, 2, 3], dtype='int32', is_relative=True)}, groups=None, refit=True, probability_threshold=None, experiment_custom_tags=None, verbose=True, system=False, add_to_model_list=True, metrics=None, display=<pycaret.internal.display.display.CommonDisplay object at 0x00000234A38CB6D0>, model_only=True, return_train_score=False, error_score=0.0, kwargs={'with_intercept': True, 'seasonal_order': (0, 1, 0, 2), 'order': (1, 1, 1)})
2024-07-12 17:01:36,742:INFO:Checking exceptions
2024-07-12 17:01:36,742:INFO:Importing libraries
2024-07-12 17:01:36,742:INFO:Copying training dataset
2024-07-12 17:01:36,742:INFO:Defining folds
2024-07-12 17:01:36,747:INFO:Declaring metric variables
2024-07-12 17:01:36,750:INFO:Importing untrained model
2024-07-12 17:01:36,750:INFO:Declaring custom model
2024-07-12 17:01:36,751:INFO:ARIMA Imported successfully
2024-07-12 17:01:36,760:INFO:Starting cross validation
2024-07-12 17:01:36,763:INFO:Cross validating with ExpandingWindowSplitter(fh=ForecastingHorizon([1, 2, 3], dtype='int32', is_relative=True),
                        initial_window=217, step_length=3), n_jobs=-1
2024-07-12 17:01:36,950:WARNING:c:\Users\clayton\AppData\Local\anaconda3\envs\myenv\lib\site-packages\statsmodels\base\model.py:607: ConvergenceWarning: Maximum Likelihood optimization failed to converge. Check mle_retvals
  warnings.warn("Maximum Likelihood optimization failed to "

2024-07-12 17:01:36,954:WARNING:c:\Users\clayton\AppData\Local\anaconda3\envs\myenv\lib\site-packages\statsmodels\base\model.py:607: ConvergenceWarning: Maximum Likelihood optimization failed to converge. Check mle_retvals
  warnings.warn("Maximum Likelihood optimization failed to "

2024-07-12 17:01:36,961:WARNING:c:\Users\clayton\AppData\Local\anaconda3\envs\myenv\lib\site-packages\statsmodels\base\model.py:607: ConvergenceWarning: Maximum Likelihood optimization failed to converge. Check mle_retvals
  warnings.warn("Maximum Likelihood optimization failed to "

2024-07-12 17:01:37,024:INFO:Calculating mean and std
2024-07-12 17:01:37,024:INFO:Creating metrics dataframe
2024-07-12 17:01:37,024:WARNING:c:\Users\clayton\AppData\Local\anaconda3\envs\myenv\lib\site-packages\pycaret\time_series\forecasting\oop.py:2694: FutureWarning:

The behavior of DataFrame concatenation with empty or all-NA entries is deprecated. In a future version, this will no longer exclude empty or all-NA columns when determining the result dtypes. To retain the old behavior, exclude the relevant entries before the concat operation.


2024-07-12 17:01:37,030:INFO:Finalizing model
2024-07-12 17:01:37,165:INFO:Uploading results into container
2024-07-12 17:01:37,165:INFO:Uploading model into container now
2024-07-12 17:01:37,165:INFO:_master_model_container: 29
2024-07-12 17:01:37,165:INFO:_display_container: 9
2024-07-12 17:01:37,167:INFO:ARIMA(order=(1, 1, 1), seasonal_order=(0, 1, 0, 2))
2024-07-12 17:01:37,167:INFO:create_model() successfully completed......................................
2024-07-12 17:01:37,311:INFO:SubProcess create_model() end ==================================
2024-07-12 17:01:37,311:INFO:choose_better activated
2024-07-12 17:01:37,321:INFO:SubProcess create_model() called ==================================
2024-07-12 17:01:37,321:INFO:Initializing create_model()
2024-07-12 17:01:37,321:INFO:create_model(self=<pycaret.time_series.forecasting.oop.TSForecastingExperiment object at 0x000002344CCA3F10>, estimator=ARIMA(seasonal_order=(0, 1, 0, 2)), fold=None, round=4, cross_validation=True, predict=True, fit_kwargs={'fh': ForecastingHorizon([1, 2, 3], dtype='int32', is_relative=True)}, groups=None, refit=True, probability_threshold=None, experiment_custom_tags=None, verbose=False, system=False, add_to_model_list=True, metrics=None, display=None, model_only=True, return_train_score=False, error_score=0.0, kwargs={})
2024-07-12 17:01:37,321:INFO:Checking exceptions
2024-07-12 17:01:37,321:INFO:Importing libraries
2024-07-12 17:01:37,321:INFO:Copying training dataset
2024-07-12 17:01:37,327:INFO:Defining folds
2024-07-12 17:01:37,327:INFO:Declaring metric variables
2024-07-12 17:01:37,327:INFO:Importing untrained model
2024-07-12 17:01:37,327:INFO:Declaring custom model
2024-07-12 17:01:37,329:INFO:ARIMA Imported successfully
2024-07-12 17:01:37,330:INFO:Starting cross validation
2024-07-12 17:01:37,330:INFO:Cross validating with ExpandingWindowSplitter(fh=ForecastingHorizon([1, 2, 3], dtype='int32', is_relative=True),
                        initial_window=217, step_length=3), n_jobs=-1
2024-07-12 17:01:37,431:INFO:Calculating mean and std
2024-07-12 17:01:37,431:INFO:Creating metrics dataframe
2024-07-12 17:01:37,431:WARNING:c:\Users\clayton\AppData\Local\anaconda3\envs\myenv\lib\site-packages\pycaret\time_series\forecasting\oop.py:2694: FutureWarning:

The behavior of DataFrame concatenation with empty or all-NA entries is deprecated. In a future version, this will no longer exclude empty or all-NA columns when determining the result dtypes. To retain the old behavior, exclude the relevant entries before the concat operation.


2024-07-12 17:01:37,431:INFO:Finalizing model
2024-07-12 17:01:37,460:INFO:Uploading results into container
2024-07-12 17:01:37,460:INFO:Uploading model into container now
2024-07-12 17:01:37,460:INFO:_master_model_container: 30
2024-07-12 17:01:37,460:INFO:_display_container: 10
2024-07-12 17:01:37,463:INFO:ARIMA(seasonal_order=(0, 1, 0, 2))
2024-07-12 17:01:37,463:INFO:create_model() successfully completed......................................
2024-07-12 17:01:37,603:INFO:SubProcess create_model() end ==================================
2024-07-12 17:01:37,603:INFO:ARIMA(seasonal_order=(0, 1, 0, 2)) result for MASE is 0.5798
2024-07-12 17:01:37,603:INFO:SubProcess create_model() called ==================================
2024-07-12 17:01:37,603:INFO:Initializing create_model()
2024-07-12 17:01:37,603:INFO:create_model(self=<pycaret.time_series.forecasting.oop.TSForecastingExperiment object at 0x000002344CCA3F10>, estimator=ARIMA(order=(1, 1, 1), seasonal_order=(0, 1, 0, 2)), fold=None, round=4, cross_validation=True, predict=True, fit_kwargs={'fh': ForecastingHorizon([1, 2, 3], dtype='int32', is_relative=True)}, groups=None, refit=True, probability_threshold=None, experiment_custom_tags=None, verbose=False, system=False, add_to_model_list=True, metrics=None, display=None, model_only=True, return_train_score=False, error_score=0.0, kwargs={})
2024-07-12 17:01:37,603:INFO:Checking exceptions
2024-07-12 17:01:37,603:INFO:Importing libraries
2024-07-12 17:01:37,603:INFO:Copying training dataset
2024-07-12 17:01:37,609:INFO:Defining folds
2024-07-12 17:01:37,609:INFO:Declaring metric variables
2024-07-12 17:01:37,610:INFO:Importing untrained model
2024-07-12 17:01:37,610:INFO:Declaring custom model
2024-07-12 17:01:37,612:INFO:ARIMA Imported successfully
2024-07-12 17:01:37,612:INFO:Starting cross validation
2024-07-12 17:01:37,612:INFO:Cross validating with ExpandingWindowSplitter(fh=ForecastingHorizon([1, 2, 3], dtype='int32', is_relative=True),
                        initial_window=217, step_length=3), n_jobs=-1
2024-07-12 17:01:37,800:WARNING:c:\Users\clayton\AppData\Local\anaconda3\envs\myenv\lib\site-packages\statsmodels\base\model.py:607: ConvergenceWarning: Maximum Likelihood optimization failed to converge. Check mle_retvals
  warnings.warn("Maximum Likelihood optimization failed to "

2024-07-12 17:01:37,800:WARNING:c:\Users\clayton\AppData\Local\anaconda3\envs\myenv\lib\site-packages\statsmodels\base\model.py:607: ConvergenceWarning: Maximum Likelihood optimization failed to converge. Check mle_retvals
  warnings.warn("Maximum Likelihood optimization failed to "

2024-07-12 17:01:37,809:WARNING:c:\Users\clayton\AppData\Local\anaconda3\envs\myenv\lib\site-packages\statsmodels\base\model.py:607: ConvergenceWarning: Maximum Likelihood optimization failed to converge. Check mle_retvals
  warnings.warn("Maximum Likelihood optimization failed to "

2024-07-12 17:01:37,875:INFO:Calculating mean and std
2024-07-12 17:01:37,875:INFO:Creating metrics dataframe
2024-07-12 17:01:37,877:WARNING:c:\Users\clayton\AppData\Local\anaconda3\envs\myenv\lib\site-packages\pycaret\time_series\forecasting\oop.py:2694: FutureWarning:

The behavior of DataFrame concatenation with empty or all-NA entries is deprecated. In a future version, this will no longer exclude empty or all-NA columns when determining the result dtypes. To retain the old behavior, exclude the relevant entries before the concat operation.


2024-07-12 17:01:37,877:INFO:Finalizing model
2024-07-12 17:01:37,995:INFO:Uploading results into container
2024-07-12 17:01:37,995:INFO:Uploading model into container now
2024-07-12 17:01:37,995:INFO:_master_model_container: 31
2024-07-12 17:01:37,995:INFO:_display_container: 10
2024-07-12 17:01:37,995:INFO:ARIMA(order=(1, 1, 1), seasonal_order=(0, 1, 0, 2))
2024-07-12 17:01:37,995:INFO:create_model() successfully completed......................................
2024-07-12 17:01:38,132:INFO:SubProcess create_model() end ==================================
2024-07-12 17:01:38,139:INFO:ARIMA(order=(1, 1, 1), seasonal_order=(0, 1, 0, 2)) result for MASE is 0.4099
2024-07-12 17:01:38,139:INFO:ARIMA(order=(1, 1, 1), seasonal_order=(0, 1, 0, 2)) is best model
2024-07-12 17:01:38,139:INFO:choose_better completed
2024-07-12 17:01:38,145:INFO:_master_model_container: 31
2024-07-12 17:01:38,145:INFO:_display_container: 9
2024-07-12 17:01:38,145:INFO:ARIMA(order=(1, 1, 1), seasonal_order=(0, 1, 0, 2))
2024-07-12 17:01:38,149:INFO:tune_model() successfully completed......................................
2024-07-12 17:01:38,311:INFO:Initializing finalize_model()
2024-07-12 17:01:38,312:INFO:finalize_model(self=<pycaret.time_series.forecasting.oop.TSForecastingExperiment object at 0x000002344CCA3F10>, estimator=ARIMA(order=(1, 1, 1), seasonal_order=(0, 1, 0, 2)), fit_kwargs=None, groups=None, model_only=False, experiment_custom_tags=None)
2024-07-12 17:01:38,312:INFO:Finalizing ARIMA(order=(1, 1, 1), seasonal_order=(0, 1, 0, 2))
2024-07-12 17:01:38,316:INFO:Initializing create_model()
2024-07-12 17:01:38,317:INFO:create_model(self=<pycaret.time_series.forecasting.oop.TSForecastingExperiment object at 0x000002344CCA3F10>, estimator=ARIMA(order=(1, 1, 1), seasonal_order=(0, 1, 0, 2)), fold=None, round=4, cross_validation=False, predict=False, fit_kwargs={}, groups=None, refit=True, probability_threshold=None, experiment_custom_tags=None, verbose=False, system=False, add_to_model_list=False, metrics=None, display=None, model_only=False, return_train_score=False, error_score=0.0, kwargs={})
2024-07-12 17:01:38,317:INFO:Checking exceptions
2024-07-12 17:01:38,319:INFO:Importing libraries
2024-07-12 17:01:38,320:INFO:Copying training dataset
2024-07-12 17:01:38,322:INFO:Defining folds
2024-07-12 17:01:38,323:INFO:Declaring metric variables
2024-07-12 17:01:38,323:INFO:Importing untrained model
2024-07-12 17:01:38,323:INFO:Declaring custom model
2024-07-12 17:01:38,324:INFO:ARIMA Imported successfully
2024-07-12 17:01:38,324:INFO:Cross validation set to False
2024-07-12 17:01:38,324:INFO:Fitting Model
2024-07-12 17:01:38,442:INFO:ForecastingPipeline(steps=[('forecaster',
                            TransformedTargetForecaster(steps=[('model',
                                                                ARIMA(order=(1,
                                                                             1,
                                                                             1),
                                                                      seasonal_order=(0,
                                                                                      1,
                                                                                      0,
                                                                                      2)))]))])
2024-07-12 17:01:38,442:INFO:create_model() successfully completed......................................
2024-07-12 17:01:38,582:INFO:_master_model_container: 31
2024-07-12 17:01:38,583:INFO:_display_container: 9
2024-07-12 17:01:38,585:INFO:ForecastingPipeline(steps=[('forecaster',
                            TransformedTargetForecaster(steps=[('model',
                                                                ARIMA(order=(1,
                                                                             1,
                                                                             1),
                                                                      seasonal_order=(0,
                                                                                      1,
                                                                                      0,
                                                                                      2)))]))])
2024-07-12 17:01:38,585:INFO:finalize_model() successfully completed......................................
2024-07-12 17:01:38,772:WARNING:predict_model >> Prediction Indices do not match test indices. Metrics will not be displayed.
2024-07-12 17:01:38,981:WARNING:predict_model >> Prediction Indices do not match test indices. Metrics will not be displayed.
2024-07-12 17:01:39,142:INFO:Visual Rendered Successfully
